<?xml version="1.0" encoding="UTF-8"?>
<!-- Generated by org.testng.reporters.JUnitXMLReporter -->
<testsuite hostname="PU-NB-SANA3" ignored="0" name="Accounts Page Test" tests="19" failures="1" timestamp="09 Mar 2023 07:14:00 GMT" time="125.899" errors="0">
  <testcase name="accPageHeadersCountTest" time="0.232" classname="com.qa.opencart.test.AccountsPageTest"/>
  <testcase name="accPageHeadersValueTest" time="0.212" classname="com.qa.opencart.test.AccountsPageTest"/>
  <testcase name="accPageTitleTest" time="0.009" classname="com.qa.opencart.test.AccountsPageTest"/>
  <testcase name="accPageURLTest" time="0.013" classname="com.qa.opencart.test.AccountsPageTest"/>
  <testcase name="isLogoutLinkExistTest" time="0.316" classname="com.qa.opencart.test.AccountsPageTest"/>
  <testcase name="searchProductCountTest" time="3.153" classname="com.qa.opencart.test.AccountsPageTest"/>
  <testcase name="searchProductCountTest" time="3.143" classname="com.qa.opencart.test.AccountsPageTest"/>
  <testcase name="searchProductCountTest" time="3.143" classname="com.qa.opencart.test.AccountsPageTest"/>
  <testcase name="searchProductCountTest" time="3.14" classname="com.qa.opencart.test.AccountsPageTest"/>
  <testcase name="searchProductCountTest" time="13.192" classname="com.qa.opencart.test.AccountsPageTest">
    <skipped/>
  </testcase> <!-- searchProductCountTest -->
  <testcase name="searchProductCountTest" time="13.232" classname="com.qa.opencart.test.AccountsPageTest">
    <skipped/>
  </testcase> <!-- searchProductCountTest -->
  <testcase name="searchProductCountTest" time="13.274" classname="com.qa.opencart.test.AccountsPageTest">
    <skipped/>
  </testcase> <!-- searchProductCountTest -->
  <testcase name="searchProductCountTest" time="13.252" classname="com.qa.opencart.test.AccountsPageTest">
    <failure type="org.openqa.selenium.TimeoutException" message="Expected condition failed: waiting for visibility of all elements located by By.cssSelector: div#content div.product-layout (tried for 10 second(s) with 500 milliseconds interval)
Build info: version: &amp;apos;4.7.2&amp;apos;, revision: &amp;apos;4d4020c3b7&amp;apos;
System info: os.name: &amp;apos;Windows 10&amp;apos;, os.arch: &amp;apos;amd64&amp;apos;, os.version: &amp;apos;10.0&amp;apos;, java.version: &amp;apos;1.8.0_202&amp;apos;
Driver info: org.openqa.selenium.firefox.FirefoxDriver
Capabilities {acceptInsecureCerts: true, browserName: firefox, browserVersion: 110.0.1, moz:accessibilityChecks: false, moz:buildID: 20230227191043, moz:debuggerAddress: 127.0.0.1:24326, moz:geckodriverVersion: 0.32.2, moz:headless: false, moz:platformVersion: 10.0, moz:processID: 15288, moz:profile: C:\Users\sanand\AppData\Loc..., moz:shutdownTimeout: 60000, moz:useNonSpecCompliantPointerOrigin: false, moz:webdriverClick: true, moz:windowless: false, pageLoadStrategy: normal, platformName: WINDOWS, proxy: Proxy(), se:cdp: ws://127.0.0.1:24326/devtoo..., se:cdpVersion: 85.0, setWindowRect: true, strictFileInteractability: false, timeouts: {implicit: 0, pageLoad: 300000, script: 30000}, unhandledPromptBehavior: dismiss and notify}
Session ID: accc375f-e270-4278-9a2e-4a9f11cd469d">
      <![CDATA[org.openqa.selenium.TimeoutException: Expected condition failed: waiting for visibility of all elements located by By.cssSelector: div#content div.product-layout (tried for 10 second(s) with 500 milliseconds interval)
Build info: version: '4.7.2', revision: '4d4020c3b7'
System info: os.name: 'Windows 10', os.arch: 'amd64', os.version: '10.0', java.version: '1.8.0_202'
Driver info: org.openqa.selenium.firefox.FirefoxDriver
Capabilities {acceptInsecureCerts: true, browserName: firefox, browserVersion: 110.0.1, moz:accessibilityChecks: false, moz:buildID: 20230227191043, moz:debuggerAddress: 127.0.0.1:24326, moz:geckodriverVersion: 0.32.2, moz:headless: false, moz:platformVersion: 10.0, moz:processID: 15288, moz:profile: C:\Users\sanand\AppData\Loc..., moz:shutdownTimeout: 60000, moz:useNonSpecCompliantPointerOrigin: false, moz:webdriverClick: true, moz:windowless: false, pageLoadStrategy: normal, platformName: WINDOWS, proxy: Proxy(), se:cdp: ws://127.0.0.1:24326/devtoo..., se:cdpVersion: 85.0, setWindowRect: true, strictFileInteractability: false, timeouts: {implicit: 0, pageLoad: 300000, script: 30000}, unhandledPromptBehavior: dismiss and notify}
Session ID: accc375f-e270-4278-9a2e-4a9f11cd469d
at org.openqa.selenium.support.ui.WebDriverWait.timeoutException(WebDriverWait.java:87)
at org.openqa.selenium.support.ui.FluentWait.until(FluentWait.java:231)
at com.qa.opencart.utils.ElementUtil.waitForElementsVisible(ElementUtil.java:212)
at com.qa.opencart.PageLayer.SearchPage.getSearchProductsCount(SearchPage.java:23)
at com.qa.opencart.test.AccountsPageTest.searchProductCountTest(AccountsPageTest.java:67)
at java.util.concurrent.FutureTask.run(FutureTask.java:266)
at java.util.concurrent.ThreadPoolExecutor.runWorker(ThreadPoolExecutor.java:1149)
at java.util.concurrent.ThreadPoolExecutor$Worker.run(ThreadPoolExecutor.java:624)
at java.lang.Thread.run(Thread.java:748)
... Removed 16 stack frames]]>
    </failure>
  </testcase> <!-- searchProductCountTest -->
  <testcase name="searchProductTest" time="8.75" classname="com.qa.opencart.test.AccountsPageTest"/>
  <testcase name="searchProductTest" time="5.349" classname="com.qa.opencart.test.AccountsPageTest"/>
  <testcase name="searchProductTest" time="5.301" classname="com.qa.opencart.test.AccountsPageTest"/>
  <testcase name="searchProductTest" time="5.447" classname="com.qa.opencart.test.AccountsPageTest"/>
  <testcase name="searchProductTest" time="5.201" classname="com.qa.opencart.test.AccountsPageTest"/>
  <testcase name="searchProductTest" time="5.275" classname="com.qa.opencart.test.AccountsPageTest"/>
</testsuite> <!-- Accounts Page Test -->
