<?xml version="1.0" encoding="UTF-8"?>
<!-- Generated by org.testng.reporters.JUnitXMLReporter -->
<testsuite hostname="PU-NB-SANA3" ignored="0" name="Product Info Page Test" tests="14" failures="4" timestamp="09 Mar 2023 07:13:49 GMT" time="115.053" errors="0">
  <testcase name="addtToCartTest" time="13.251" classname="com.qa.opencart.test.ProductPageInfoTest">
    <skipped/>
  </testcase> <!-- addtToCartTest -->
  <testcase name="addtToCartTest" time="9.133" classname="com.qa.opencart.test.ProductPageInfoTest">
    <skipped/>
  </testcase> <!-- addtToCartTest -->
  <testcase name="addtToCartTest" time="8.878" classname="com.qa.opencart.test.ProductPageInfoTest">
    <skipped/>
  </testcase> <!-- addtToCartTest -->
  <testcase name="addtToCartTest" time="8.832" classname="com.qa.opencart.test.ProductPageInfoTest">
    <failure type="java.lang.AssertionError" message="The following asserts failed:
	expected [Success :  You have added MacBook Pro to your shopping cart!] but found [Success: You have added MacBook Pro to your shopping cart!],
	expected [true] but found [false],
	expected [Success :  You have added MacBook Pro to your shopping cart!] but found [Success: You have added MacBook Pro to your shopping cart!],
	expected [true] but found [false],
	expected [Success :  You have added MacBook Pro to your shopping cart!] but found [Success: You have added MacBook Pro to your shopping cart!],
	expected [true] but found [false],
	expected [Success :  You have added MacBook Pro to your shopping cart!] but found [Success: You have added MacBook Pro to your shopping cart!],
	expected [true] but found [false]">
      <![CDATA[java.lang.AssertionError: The following asserts failed:
expected [Success :  You have added MacBook Pro to your shopping cart!] but found [Success: You have added MacBook Pro to your shopping cart!],
expected [true] but found [false],
expected [Success :  You have added MacBook Pro to your shopping cart!] but found [Success: You have added MacBook Pro to your shopping cart!],
expected [true] but found [false],
expected [Success :  You have added MacBook Pro to your shopping cart!] but found [Success: You have added MacBook Pro to your shopping cart!],
expected [true] but found [false],
expected [Success :  You have added MacBook Pro to your shopping cart!] but found [Success: You have added MacBook Pro to your shopping cart!],
expected [true] but found [false]
at com.qa.opencart.test.ProductPageInfoTest.addtToCartTest(ProductPageInfoTest.java:102)
at java.util.concurrent.FutureTask.run(FutureTask.java:266)
at java.util.concurrent.ThreadPoolExecutor.runWorker(ThreadPoolExecutor.java:1149)
at java.util.concurrent.ThreadPoolExecutor$Worker.run(ThreadPoolExecutor.java:624)
at java.lang.Thread.run(Thread.java:748)
... Removed 17 stack frames]]>
    </failure>
  </testcase> <!-- addtToCartTest -->
  <testcase name="addtToCartTest" time="8.89" classname="com.qa.opencart.test.ProductPageInfoTest">
    <failure type="java.lang.AssertionError" message="The following asserts failed:
	expected [Success :  You have added MacBook Pro to your shopping cart!] but found [Success: You have added MacBook Pro to your shopping cart!],
	expected [true] but found [false],
	expected [Success :  You have added MacBook Pro to your shopping cart!] but found [Success: You have added MacBook Pro to your shopping cart!],
	expected [true] but found [false],
	expected [Success :  You have added MacBook Pro to your shopping cart!] but found [Success: You have added MacBook Pro to your shopping cart!],
	expected [true] but found [false],
	expected [Success :  You have added MacBook Pro to your shopping cart!] but found [Success: You have added MacBook Pro to your shopping cart!],
	expected [true] but found [false],
	expected [Success :  You have added iMac to your shopping cart!] but found [Success: You have added iMac to your shopping cart!],
	expected [true] but found [false]">
      <![CDATA[java.lang.AssertionError: The following asserts failed:
expected [Success :  You have added MacBook Pro to your shopping cart!] but found [Success: You have added MacBook Pro to your shopping cart!],
expected [true] but found [false],
expected [Success :  You have added MacBook Pro to your shopping cart!] but found [Success: You have added MacBook Pro to your shopping cart!],
expected [true] but found [false],
expected [Success :  You have added MacBook Pro to your shopping cart!] but found [Success: You have added MacBook Pro to your shopping cart!],
expected [true] but found [false],
expected [Success :  You have added MacBook Pro to your shopping cart!] but found [Success: You have added MacBook Pro to your shopping cart!],
expected [true] but found [false],
expected [Success :  You have added iMac to your shopping cart!] but found [Success: You have added iMac to your shopping cart!],
expected [true] but found [false]
at com.qa.opencart.test.ProductPageInfoTest.addtToCartTest(ProductPageInfoTest.java:102)
at java.util.concurrent.FutureTask.run(FutureTask.java:266)
at java.util.concurrent.ThreadPoolExecutor.runWorker(ThreadPoolExecutor.java:1149)
at java.util.concurrent.ThreadPoolExecutor$Worker.run(ThreadPoolExecutor.java:624)
at java.lang.Thread.run(Thread.java:748)
... Removed 17 stack frames]]>
    </failure>
  </testcase> <!-- addtToCartTest -->
  <testcase name="addtToCartTest" time="8.701" classname="com.qa.opencart.test.ProductPageInfoTest">
    <failure type="java.lang.AssertionError" message="The following asserts failed:
	expected [Success :  You have added MacBook Pro to your shopping cart!] but found [Success: You have added MacBook Pro to your shopping cart!],
	expected [true] but found [false],
	expected [Success :  You have added MacBook Pro to your shopping cart!] but found [Success: You have added MacBook Pro to your shopping cart!],
	expected [true] but found [false],
	expected [Success :  You have added MacBook Pro to your shopping cart!] but found [Success: You have added MacBook Pro to your shopping cart!],
	expected [true] but found [false],
	expected [Success :  You have added MacBook Pro to your shopping cart!] but found [Success: You have added MacBook Pro to your shopping cart!],
	expected [true] but found [false],
	expected [Success :  You have added iMac to your shopping cart!] but found [Success: You have added iMac to your shopping cart!],
	expected [true] but found [false],
	expected [Success :  You have added iMac to your shopping cart!] but found [Success: You have added iMac to your shopping cart!],
	expected [true] but found [false]">
      <![CDATA[java.lang.AssertionError: The following asserts failed:
expected [Success :  You have added MacBook Pro to your shopping cart!] but found [Success: You have added MacBook Pro to your shopping cart!],
expected [true] but found [false],
expected [Success :  You have added MacBook Pro to your shopping cart!] but found [Success: You have added MacBook Pro to your shopping cart!],
expected [true] but found [false],
expected [Success :  You have added MacBook Pro to your shopping cart!] but found [Success: You have added MacBook Pro to your shopping cart!],
expected [true] but found [false],
expected [Success :  You have added MacBook Pro to your shopping cart!] but found [Success: You have added MacBook Pro to your shopping cart!],
expected [true] but found [false],
expected [Success :  You have added iMac to your shopping cart!] but found [Success: You have added iMac to your shopping cart!],
expected [true] but found [false],
expected [Success :  You have added iMac to your shopping cart!] but found [Success: You have added iMac to your shopping cart!],
expected [true] but found [false]
at com.qa.opencart.test.ProductPageInfoTest.addtToCartTest(ProductPageInfoTest.java:102)
at java.util.concurrent.FutureTask.run(FutureTask.java:266)
at java.util.concurrent.ThreadPoolExecutor.runWorker(ThreadPoolExecutor.java:1149)
at java.util.concurrent.ThreadPoolExecutor$Worker.run(ThreadPoolExecutor.java:624)
at java.lang.Thread.run(Thread.java:748)
... Removed 17 stack frames]]>
    </failure>
  </testcase> <!-- addtToCartTest -->
  <testcase name="productImagesCountTest" time="4.461" classname="com.qa.opencart.test.ProductPageInfoTest"/>
  <testcase name="productImagesCountTest" time="4.058" classname="com.qa.opencart.test.ProductPageInfoTest"/>
  <testcase name="productImagesCountTest" time="4.505" classname="com.qa.opencart.test.ProductPageInfoTest"/>
  <testcase name="productImagesCountTest" time="4.413" classname="com.qa.opencart.test.ProductPageInfoTest"/>
  <testcase name="productInfoTest" time="5.428" classname="com.qa.opencart.test.ProductPageInfoTest">
    <skipped/>
  </testcase> <!-- productInfoTest -->
  <testcase name="productInfoTest" time="5.234" classname="com.qa.opencart.test.ProductPageInfoTest">
    <skipped/>
  </testcase> <!-- productInfoTest -->
  <testcase name="productInfoTest" time="5.211" classname="com.qa.opencart.test.ProductPageInfoTest">
    <skipped/>
  </testcase> <!-- productInfoTest -->
  <testcase name="productInfoTest" time="5.269" classname="com.qa.opencart.test.ProductPageInfoTest">
    <failure type="java.lang.AssertionError" message="The following asserts failed:
	expected [Success :  You have added MacBook Pro to your shopping cart!] but found [Success: You have added MacBook Pro to your shopping cart!],
	expected [true] but found [false],
	expected [Success :  You have added MacBook Pro to your shopping cart!] but found [Success: You have added MacBook Pro to your shopping cart!],
	expected [true] but found [false],
	expected [Success :  You have added MacBook Pro to your shopping cart!] but found [Success: You have added MacBook Pro to your shopping cart!],
	expected [true] but found [false],
	expected [Success :  You have added MacBook Pro to your shopping cart!] but found [Success: You have added MacBook Pro to your shopping cart!],
	expected [true] but found [false],
	expected [Success :  You have added iMac to your shopping cart!] but found [Success: You have added iMac to your shopping cart!],
	expected [true] but found [false],
	expected [Success :  You have added iMac to your shopping cart!] but found [Success: You have added iMac to your shopping cart!],
	expected [true] but found [false]">
      <![CDATA[java.lang.AssertionError: The following asserts failed:
expected [Success :  You have added MacBook Pro to your shopping cart!] but found [Success: You have added MacBook Pro to your shopping cart!],
expected [true] but found [false],
expected [Success :  You have added MacBook Pro to your shopping cart!] but found [Success: You have added MacBook Pro to your shopping cart!],
expected [true] but found [false],
expected [Success :  You have added MacBook Pro to your shopping cart!] but found [Success: You have added MacBook Pro to your shopping cart!],
expected [true] but found [false],
expected [Success :  You have added MacBook Pro to your shopping cart!] but found [Success: You have added MacBook Pro to your shopping cart!],
expected [true] but found [false],
expected [Success :  You have added iMac to your shopping cart!] but found [Success: You have added iMac to your shopping cart!],
expected [true] but found [false],
expected [Success :  You have added iMac to your shopping cart!] but found [Success: You have added iMac to your shopping cart!],
expected [true] but found [false]
at com.qa.opencart.test.ProductPageInfoTest.productInfoTest(ProductPageInfoTest.java:60)
at java.util.concurrent.FutureTask.run(FutureTask.java:266)
at java.util.concurrent.ThreadPoolExecutor.runWorker(ThreadPoolExecutor.java:1149)
at java.util.concurrent.ThreadPoolExecutor$Worker.run(ThreadPoolExecutor.java:624)
at java.lang.Thread.run(Thread.java:748)
... Removed 17 stack frames]]>
    </failure>
  </testcase> <!-- productInfoTest -->
</testsuite> <!-- Product Info Page Test -->
