<!DOCTYPE html PUBLIC "-//W3C//DTD XHTML 1.1//EN" "http://www.w3.org/TR/xhtml11/DTD/xhtml11.dtd">
<html xmlns="http://www.w3.org/1999/xhtml">
<head>
<meta http-equiv="content-type" content="text/html; charset=UTF-8"/>
<title>TestNG Report</title>
<style type="text/css">table {margin-bottom:10px;border-collapse:collapse;empty-cells:show}th,td {border:1px solid #009;padding:.25em .5em}th {vertical-align:bottom}td {vertical-align:top}table a {font-weight:bold}.stripe td {background-color: #E6EBF9}.num {text-align:right}.passedodd td {background-color: #3F3}.passedeven td {background-color: #0A0}.skippedodd td {background-color: #DDD}.skippedeven td {background-color: #CCC}.failedodd td,.attn {background-color: #F33}.failedeven td,.stripe .attn {background-color: #D00}.stacktrace {white-space:pre;font-family:monospace}.totop {font-size:85%;text-align:center;border-bottom:2px solid #000}.invisible {display:none}</style>
</head>
<body>
<table>
<tr><th>Test</th><th># Passed</th><th># Skipped</th><th># Failed</th><th>Time (ms)</th><th>Included Groups</th><th>Excluded Groups</th></tr>
<tr><th colspan="7">Opencart App Test Regression Suite</th></tr>
<tr><td><a href="#t0">Login Page Test</a></td><td class="num">4</td><td class="num">0</td><td class="num">0</td><td class="num">18,056</td><td></td><td></td></tr>
<tr class="stripe"><td><a href="#t1">Register Page Test</a></td><td class="num">0</td><td class="num attn">3</td><td class="num attn">5</td><td class="num">98,995</td><td></td><td></td></tr>
<tr><td><a href="#t2">Product Info Page Test</a></td><td class="num">4</td><td class="num attn">6</td><td class="num attn">4</td><td class="num">115,053</td><td></td><td></td></tr>
<tr class="stripe"><td><a href="#t3">Accounts Page Test</a></td><td class="num">15</td><td class="num attn">3</td><td class="num attn">1</td><td class="num">125,899</td><td></td><td></td></tr>
<tr><th>Total</th><th class="num">23</th><th class="num attn">12</th><th class="num attn">10</th><th class="num">358,003</th><th colspan="2"></th></tr>
</table>
<table id='summary'><thead><tr><th>Class</th><th>Method</th><th>Start</th><th>Time (ms)</th></tr></thead><tbody><tr><th colspan="4">Opencart App Test Regression Suite</th></tr></tbody><tbody id="t0"><tr><th colspan="4">Login Page Test &#8212; passed</th></tr><tr class="passedeven"><td rowspan="4">com.qa.opencart.test.LoginPageTest</td><td><a href="#m0">forgotPwdLinkExistTest</a></td><td rowspan="1">1678345928302</td><td rowspan="1">157</td></tr><tr class="passedeven"><td><a href="#m1">loginPageTitleTest</a></td><td rowspan="1">1678345927982</td><td rowspan="1">118</td></tr><tr class="passedeven"><td><a href="#m2">loginPageURLTest</a></td><td rowspan="1">1678345928282</td><td rowspan="1">16</td></tr><tr class="passedeven"><td><a href="#m3">loginTest</a></td><td rowspan="1">1678345928462</td><td rowspan="1">3488</td></tr></tbody>
<tbody id="t1"><tr><th colspan="4">Register Page Test &#8212; failed</th></tr><tr class="failedeven"><td rowspan="5">com.qa.opencart.test.RegistrationPageTest</td><td><a href="#m4">userRegTest</a></td><td rowspan="5">1678346003417</td><td rowspan="5">9180</td></tr><tr class="failedeven"><td><a href="#m5">userRegTest</a></td></tr><tr class="failedeven"><td><a href="#m6">userRegTest</a></td></tr><tr class="failedeven"><td><a href="#m7">userRegTest</a></td></tr><tr class="failedeven"><td><a href="#m8">userRegTest</a></td></tr><tr><th colspan="4">Register Page Test &#8212; skipped</th></tr><tr class="skippedeven"><td rowspan="3">com.qa.opencart.test.RegistrationPageTest</td><td><a href="#m9">userRegTest</a></td><td rowspan="3">1678345957069</td><td rowspan="3">9124</td></tr><tr class="skippedeven"><td><a href="#m10">userRegTest</a></td></tr><tr class="skippedeven"><td><a href="#m11">userRegTest</a></td></tr></tbody>
<tbody id="t2"><tr><th colspan="4">Product Info Page Test &#8212; failed</th></tr><tr class="failedeven"><td rowspan="4">com.qa.opencart.test.ProductPageInfoTest</td><td><a href="#m12">addtToCartTest</a></td><td rowspan="3">1678345963027</td><td rowspan="3">8832</td></tr><tr class="failedeven"><td><a href="#m13">addtToCartTest</a></td></tr><tr class="failedeven"><td><a href="#m14">addtToCartTest</a></td></tr><tr class="failedeven"><td><a href="#m15">productInfoTest</a></td><td rowspan="1">1678346023371</td><td rowspan="1">5269</td></tr><tr><th colspan="4">Product Info Page Test &#8212; skipped</th></tr><tr class="skippedeven"><td rowspan="6">com.qa.opencart.test.ProductPageInfoTest</td><td><a href="#m16">addtToCartTest</a></td><td rowspan="3">1678345931517</td><td rowspan="3">13251</td></tr><tr class="skippedeven"><td><a href="#m17">addtToCartTest</a></td></tr><tr class="skippedeven"><td><a href="#m18">addtToCartTest</a></td></tr><tr class="skippedeven"><td><a href="#m19">productInfoTest</a></td><td rowspan="3">1678346012785</td><td rowspan="3">5234</td></tr><tr class="skippedeven"><td><a href="#m20">productInfoTest</a></td></tr><tr class="skippedeven"><td><a href="#m21">productInfoTest</a></td></tr><tr><th colspan="4">Product Info Page Test &#8212; passed</th></tr><tr class="passedeven"><td rowspan="4">com.qa.opencart.test.ProductPageInfoTest</td><td><a href="#m22">productImagesCountTest</a></td><td rowspan="4">1678345989822</td><td rowspan="4">4461</td></tr><tr class="passedeven"><td><a href="#m23">productImagesCountTest</a></td></tr><tr class="passedeven"><td><a href="#m24">productImagesCountTest</a></td></tr><tr class="passedeven"><td><a href="#m25">productImagesCountTest</a></td></tr></tbody>
<tbody id="t3"><tr><th colspan="4">Accounts Page Test &#8212; failed</th></tr><tr class="failedeven"><td rowspan="1">com.qa.opencart.test.AccountsPageTest</td><td><a href="#m26">searchProductCountTest</a></td><td rowspan="1">1678345991237</td><td rowspan="1">13252</td></tr><tr><th colspan="4">Accounts Page Test &#8212; skipped</th></tr><tr class="skippedeven"><td rowspan="3">com.qa.opencart.test.AccountsPageTest</td><td><a href="#m27">searchProductCountTest</a></td><td rowspan="3">1678345951396</td><td rowspan="3">13192</td></tr><tr class="skippedeven"><td><a href="#m28">searchProductCountTest</a></td></tr><tr class="skippedeven"><td><a href="#m29">searchProductCountTest</a></td></tr><tr><th colspan="4">Accounts Page Test &#8212; passed</th></tr><tr class="passedeven"><td rowspan="15">com.qa.opencart.test.AccountsPageTest</td><td><a href="#m30">accPageHeadersCountTest</a></td><td rowspan="1">1678345938003</td><td rowspan="1">232</td></tr><tr class="passedeven"><td><a href="#m31">accPageHeadersValueTest</a></td><td rowspan="1">1678345938239</td><td rowspan="1">212</td></tr><tr class="passedeven"><td><a href="#m32">accPageTitleTest</a></td><td rowspan="1">1678345938455</td><td rowspan="1">9</td></tr><tr class="passedeven"><td><a href="#m33">accPageURLTest</a></td><td rowspan="1">1678345938468</td><td rowspan="1">13</td></tr><tr class="passedeven"><td><a href="#m34">isLogoutLinkExistTest</a></td><td rowspan="1">1678345938485</td><td rowspan="1">316</td></tr><tr class="passedeven"><td><a href="#m35">searchProductCountTest</a></td><td rowspan="4">1678345948254</td><td rowspan="4">3140</td></tr><tr class="passedeven"><td><a href="#m36">searchProductCountTest</a></td></tr><tr class="passedeven"><td><a href="#m37">searchProductCountTest</a></td></tr><tr class="passedeven"><td><a href="#m38">searchProductCountTest</a></td></tr><tr class="passedeven"><td><a href="#m39">searchProductTest</a></td><td rowspan="6">1678346018692</td><td rowspan="6">5301</td></tr><tr class="passedeven"><td><a href="#m40">searchProductTest</a></td></tr><tr class="passedeven"><td><a href="#m41">searchProductTest</a></td></tr><tr class="passedeven"><td><a href="#m42">searchProductTest</a></td></tr><tr class="passedeven"><td><a href="#m43">searchProductTest</a></td></tr><tr class="passedeven"><td><a href="#m44">searchProductTest</a></td></tr></tbody>
</table>
<h2>Login Page Test</h2><h3 id="m0">com.qa.opencart.test.LoginPageTest#forgotPwdLinkExistTest</h3><table class="result"><tr><th class="invisible"/></tr></table><p class="totop"><a href="#summary">back to summary</a></p>
<h3 id="m1">com.qa.opencart.test.LoginPageTest#loginPageTitleTest</h3><table class="result"><tr><th class="invisible"/></tr></table><p class="totop"><a href="#summary">back to summary</a></p>
<h3 id="m2">com.qa.opencart.test.LoginPageTest#loginPageURLTest</h3><table class="result"><tr><th class="invisible"/></tr></table><p class="totop"><a href="#summary">back to summary</a></p>
<h3 id="m3">com.qa.opencart.test.LoginPageTest#loginTest</h3><table class="result"><tr><th class="invisible"/></tr></table><p class="totop"><a href="#summary">back to summary</a></p>
<h2>Register Page Test</h2><h3 id="m4">com.qa.opencart.test.RegistrationPageTest#userRegTest</h3><table class="result"><tr class="param"><th>Parameter #1</th><th>Parameter #2</th><th>Parameter #3</th><th>Parameter #4</th><th>Parameter #5</th></tr><tr class="param stripe"><td>xyz</td><td>abc</td><td>3454323456</td><td>tyu@345</td><td>yes</td></tr><tr><th colspan="5">Exception</th></tr><tr><td colspan="5"><div class="stacktrace">org.openqa.selenium.interactions.MoveTargetOutOfBoundsException: (855, 661) is out of bounds of viewport width (1360) and height (643)
Build info: version: &apos;4.7.2&apos;, revision: &apos;4d4020c3b7&apos;
System info: os.name: &apos;Windows 10&apos;, os.arch: &apos;amd64&apos;, os.version: &apos;10.0&apos;, java.version: &apos;1.8.0_202&apos;
Driver info: org.openqa.selenium.firefox.FirefoxDriver
Command: [3d55d3f7-5538-4a8a-aaf5-73625c5ea08e, actions {actions=[org.openqa.selenium.interactions.Sequence@30b46ae3]}]
Capabilities {acceptInsecureCerts: true, browserName: firefox, browserVersion: 110.0.1, moz:accessibilityChecks: false, moz:buildID: 20230227191043, moz:debuggerAddress: 127.0.0.1:26427, moz:geckodriverVersion: 0.32.2, moz:headless: false, moz:platformVersion: 10.0, moz:processID: 10500, moz:profile: C:\Users\sanand\AppData\Loc..., moz:shutdownTimeout: 60000, moz:useNonSpecCompliantPointerOrigin: false, moz:webdriverClick: true, moz:windowless: false, pageLoadStrategy: normal, platformName: WINDOWS, proxy: Proxy(), se:cdp: ws://127.0.0.1:26427/devtoo..., se:cdpVersion: 85.0, setWindowRect: true, strictFileInteractability: false, timeouts: {implicit: 0, pageLoad: 300000, script: 30000}, unhandledPromptBehavior: dismiss and notify}
Session ID: 3d55d3f7-5538-4a8a-aaf5-73625c5ea08e
	at org.openqa.selenium.remote.codec.w3c.W3CHttpResponseCodec.createException(W3CHttpResponseCodec.java:200)
	at org.openqa.selenium.remote.codec.w3c.W3CHttpResponseCodec.decode(W3CHttpResponseCodec.java:133)
	at org.openqa.selenium.remote.codec.w3c.W3CHttpResponseCodec.decode(W3CHttpResponseCodec.java:53)
	at org.openqa.selenium.remote.HttpCommandExecutor.execute(HttpCommandExecutor.java:184)
	at org.openqa.selenium.remote.service.DriverCommandExecutor.invokeExecute(DriverCommandExecutor.java:167)
	at org.openqa.selenium.remote.service.DriverCommandExecutor.execute(DriverCommandExecutor.java:142)
	at org.openqa.selenium.remote.RemoteWebDriver.execute(RemoteWebDriver.java:535)
	at org.openqa.selenium.remote.RemoteWebDriver.perform(RemoteWebDriver.java:603)
	at org.openqa.selenium.interactions.Actions$BuiltAction.perform(Actions.java:567)
	at com.qa.opencart.utils.ElementUtil.doActionsCick(ElementUtil.java:64)
	at com.qa.opencart.PageLayer.RegistrationPage.registerUser(RegistrationPage.java:60)
	at com.qa.opencart.test.RegistrationPageTest.userRegTest(RegistrationPageTest.java:43)
	at java.util.concurrent.FutureTask.run(FutureTask.java:266)
	at java.util.concurrent.ThreadPoolExecutor.runWorker(ThreadPoolExecutor.java:1149)
	at java.util.concurrent.ThreadPoolExecutor$Worker.run(ThreadPoolExecutor.java:624)
	at java.lang.Thread.run(Thread.java:748)
... Removed 20 stack frames</div></td></tr></table><p class="totop"><a href="#summary">back to summary</a></p>
<h3 id="m5">com.qa.opencart.test.RegistrationPageTest#userRegTest</h3><table class="result"><tr class="param"><th>Parameter #1</th><th>Parameter #2</th><th>Parameter #3</th><th>Parameter #4</th><th>Parameter #5</th></tr><tr class="param stripe"><td>sarang</td><td>anand</td><td>2345678986</td><td>Test@123</td><td>yes</td></tr><tr><th colspan="5">Exception</th></tr><tr><td colspan="5"><div class="stacktrace">org.openqa.selenium.interactions.MoveTargetOutOfBoundsException: (855, 661) is out of bounds of viewport width (1360) and height (643)
Build info: version: &apos;4.7.2&apos;, revision: &apos;4d4020c3b7&apos;
System info: os.name: &apos;Windows 10&apos;, os.arch: &apos;amd64&apos;, os.version: &apos;10.0&apos;, java.version: &apos;1.8.0_202&apos;
Driver info: org.openqa.selenium.firefox.FirefoxDriver
Command: [3d55d3f7-5538-4a8a-aaf5-73625c5ea08e, actions {actions=[org.openqa.selenium.interactions.Sequence@500d1a30]}]
Capabilities {acceptInsecureCerts: true, browserName: firefox, browserVersion: 110.0.1, moz:accessibilityChecks: false, moz:buildID: 20230227191043, moz:debuggerAddress: 127.0.0.1:26427, moz:geckodriverVersion: 0.32.2, moz:headless: false, moz:platformVersion: 10.0, moz:processID: 10500, moz:profile: C:\Users\sanand\AppData\Loc..., moz:shutdownTimeout: 60000, moz:useNonSpecCompliantPointerOrigin: false, moz:webdriverClick: true, moz:windowless: false, pageLoadStrategy: normal, platformName: WINDOWS, proxy: Proxy(), se:cdp: ws://127.0.0.1:26427/devtoo..., se:cdpVersion: 85.0, setWindowRect: true, strictFileInteractability: false, timeouts: {implicit: 0, pageLoad: 300000, script: 30000}, unhandledPromptBehavior: dismiss and notify}
Session ID: 3d55d3f7-5538-4a8a-aaf5-73625c5ea08e
	at org.openqa.selenium.remote.codec.w3c.W3CHttpResponseCodec.createException(W3CHttpResponseCodec.java:200)
	at org.openqa.selenium.remote.codec.w3c.W3CHttpResponseCodec.decode(W3CHttpResponseCodec.java:133)
	at org.openqa.selenium.remote.codec.w3c.W3CHttpResponseCodec.decode(W3CHttpResponseCodec.java:53)
	at org.openqa.selenium.remote.HttpCommandExecutor.execute(HttpCommandExecutor.java:184)
	at org.openqa.selenium.remote.service.DriverCommandExecutor.invokeExecute(DriverCommandExecutor.java:167)
	at org.openqa.selenium.remote.service.DriverCommandExecutor.execute(DriverCommandExecutor.java:142)
	at org.openqa.selenium.remote.RemoteWebDriver.execute(RemoteWebDriver.java:535)
	at org.openqa.selenium.remote.RemoteWebDriver.perform(RemoteWebDriver.java:603)
	at org.openqa.selenium.interactions.Actions$BuiltAction.perform(Actions.java:567)
	at com.qa.opencart.utils.ElementUtil.doActionsCick(ElementUtil.java:64)
	at com.qa.opencart.PageLayer.RegistrationPage.registerUser(RegistrationPage.java:60)
	at com.qa.opencart.test.RegistrationPageTest.userRegTest(RegistrationPageTest.java:43)
	at java.util.concurrent.FutureTask.run(FutureTask.java:266)
	at java.util.concurrent.ThreadPoolExecutor.runWorker(ThreadPoolExecutor.java:1149)
	at java.util.concurrent.ThreadPoolExecutor$Worker.run(ThreadPoolExecutor.java:624)
	at java.lang.Thread.run(Thread.java:748)
... Removed 20 stack frames</div></td></tr></table><p class="totop"><a href="#summary">back to summary</a></p>
<h3 id="m6">com.qa.opencart.test.RegistrationPageTest#userRegTest</h3><table class="result"><tr class="param"><th>Parameter #1</th><th>Parameter #2</th><th>Parameter #3</th><th>Parameter #4</th><th>Parameter #5</th></tr><tr class="param stripe"><td>sajal </td><td>anand</td><td>1234567898</td><td>ads@123</td><td>no</td></tr><tr><th colspan="5">Exception</th></tr><tr><td colspan="5"><div class="stacktrace">org.openqa.selenium.interactions.MoveTargetOutOfBoundsException: (855, 661) is out of bounds of viewport width (1360) and height (643)
Build info: version: &apos;4.7.2&apos;, revision: &apos;4d4020c3b7&apos;
System info: os.name: &apos;Windows 10&apos;, os.arch: &apos;amd64&apos;, os.version: &apos;10.0&apos;, java.version: &apos;1.8.0_202&apos;
Driver info: org.openqa.selenium.firefox.FirefoxDriver
Command: [3d55d3f7-5538-4a8a-aaf5-73625c5ea08e, actions {actions=[org.openqa.selenium.interactions.Sequence@5465798d]}]
Capabilities {acceptInsecureCerts: true, browserName: firefox, browserVersion: 110.0.1, moz:accessibilityChecks: false, moz:buildID: 20230227191043, moz:debuggerAddress: 127.0.0.1:26427, moz:geckodriverVersion: 0.32.2, moz:headless: false, moz:platformVersion: 10.0, moz:processID: 10500, moz:profile: C:\Users\sanand\AppData\Loc..., moz:shutdownTimeout: 60000, moz:useNonSpecCompliantPointerOrigin: false, moz:webdriverClick: true, moz:windowless: false, pageLoadStrategy: normal, platformName: WINDOWS, proxy: Proxy(), se:cdp: ws://127.0.0.1:26427/devtoo..., se:cdpVersion: 85.0, setWindowRect: true, strictFileInteractability: false, timeouts: {implicit: 0, pageLoad: 300000, script: 30000}, unhandledPromptBehavior: dismiss and notify}
Session ID: 3d55d3f7-5538-4a8a-aaf5-73625c5ea08e
	at org.openqa.selenium.remote.codec.w3c.W3CHttpResponseCodec.createException(W3CHttpResponseCodec.java:200)
	at org.openqa.selenium.remote.codec.w3c.W3CHttpResponseCodec.decode(W3CHttpResponseCodec.java:133)
	at org.openqa.selenium.remote.codec.w3c.W3CHttpResponseCodec.decode(W3CHttpResponseCodec.java:53)
	at org.openqa.selenium.remote.HttpCommandExecutor.execute(HttpCommandExecutor.java:184)
	at org.openqa.selenium.remote.service.DriverCommandExecutor.invokeExecute(DriverCommandExecutor.java:167)
	at org.openqa.selenium.remote.service.DriverCommandExecutor.execute(DriverCommandExecutor.java:142)
	at org.openqa.selenium.remote.RemoteWebDriver.execute(RemoteWebDriver.java:535)
	at org.openqa.selenium.remote.RemoteWebDriver.perform(RemoteWebDriver.java:603)
	at org.openqa.selenium.interactions.Actions$BuiltAction.perform(Actions.java:567)
	at com.qa.opencart.utils.ElementUtil.doActionsCick(ElementUtil.java:64)
	at com.qa.opencart.PageLayer.RegistrationPage.registerUser(RegistrationPage.java:60)
	at com.qa.opencart.test.RegistrationPageTest.userRegTest(RegistrationPageTest.java:43)
	at java.util.concurrent.FutureTask.run(FutureTask.java:266)
	at java.util.concurrent.ThreadPoolExecutor.runWorker(ThreadPoolExecutor.java:1149)
	at java.util.concurrent.ThreadPoolExecutor$Worker.run(ThreadPoolExecutor.java:624)
	at java.lang.Thread.run(Thread.java:748)
... Removed 20 stack frames</div></td></tr></table><p class="totop"><a href="#summary">back to summary</a></p>
<h3 id="m7">com.qa.opencart.test.RegistrationPageTest#userRegTest</h3><table class="result"><tr class="param"><th>Parameter #1</th><th>Parameter #2</th><th>Parameter #3</th><th>Parameter #4</th><th>Parameter #5</th></tr><tr class="param stripe"><td>xyz</td><td>abc</td><td>3454323456</td><td>tyu@345</td><td>yes</td></tr><tr><th colspan="5">Exception</th></tr><tr><td colspan="5"><div class="stacktrace">org.openqa.selenium.interactions.MoveTargetOutOfBoundsException: (855, 661) is out of bounds of viewport width (1360) and height (643)
Build info: version: &apos;4.7.2&apos;, revision: &apos;4d4020c3b7&apos;
System info: os.name: &apos;Windows 10&apos;, os.arch: &apos;amd64&apos;, os.version: &apos;10.0&apos;, java.version: &apos;1.8.0_202&apos;
Driver info: org.openqa.selenium.firefox.FirefoxDriver
Command: [3d55d3f7-5538-4a8a-aaf5-73625c5ea08e, actions {actions=[org.openqa.selenium.interactions.Sequence@3544ecef]}]
Capabilities {acceptInsecureCerts: true, browserName: firefox, browserVersion: 110.0.1, moz:accessibilityChecks: false, moz:buildID: 20230227191043, moz:debuggerAddress: 127.0.0.1:26427, moz:geckodriverVersion: 0.32.2, moz:headless: false, moz:platformVersion: 10.0, moz:processID: 10500, moz:profile: C:\Users\sanand\AppData\Loc..., moz:shutdownTimeout: 60000, moz:useNonSpecCompliantPointerOrigin: false, moz:webdriverClick: true, moz:windowless: false, pageLoadStrategy: normal, platformName: WINDOWS, proxy: Proxy(), se:cdp: ws://127.0.0.1:26427/devtoo..., se:cdpVersion: 85.0, setWindowRect: true, strictFileInteractability: false, timeouts: {implicit: 0, pageLoad: 300000, script: 30000}, unhandledPromptBehavior: dismiss and notify}
Session ID: 3d55d3f7-5538-4a8a-aaf5-73625c5ea08e
	at org.openqa.selenium.remote.codec.w3c.W3CHttpResponseCodec.createException(W3CHttpResponseCodec.java:200)
	at org.openqa.selenium.remote.codec.w3c.W3CHttpResponseCodec.decode(W3CHttpResponseCodec.java:133)
	at org.openqa.selenium.remote.codec.w3c.W3CHttpResponseCodec.decode(W3CHttpResponseCodec.java:53)
	at org.openqa.selenium.remote.HttpCommandExecutor.execute(HttpCommandExecutor.java:184)
	at org.openqa.selenium.remote.service.DriverCommandExecutor.invokeExecute(DriverCommandExecutor.java:167)
	at org.openqa.selenium.remote.service.DriverCommandExecutor.execute(DriverCommandExecutor.java:142)
	at org.openqa.selenium.remote.RemoteWebDriver.execute(RemoteWebDriver.java:535)
	at org.openqa.selenium.remote.RemoteWebDriver.perform(RemoteWebDriver.java:603)
	at org.openqa.selenium.interactions.Actions$BuiltAction.perform(Actions.java:567)
	at com.qa.opencart.utils.ElementUtil.doActionsCick(ElementUtil.java:64)
	at com.qa.opencart.PageLayer.RegistrationPage.registerUser(RegistrationPage.java:60)
	at com.qa.opencart.test.RegistrationPageTest.userRegTest(RegistrationPageTest.java:43)
	at java.util.concurrent.FutureTask.run(FutureTask.java:266)
	at java.util.concurrent.ThreadPoolExecutor.runWorker(ThreadPoolExecutor.java:1149)
	at java.util.concurrent.ThreadPoolExecutor$Worker.run(ThreadPoolExecutor.java:624)
	at java.lang.Thread.run(Thread.java:748)
... Removed 20 stack frames</div></td></tr></table><p class="totop"><a href="#summary">back to summary</a></p>
<h3 id="m8">com.qa.opencart.test.RegistrationPageTest#userRegTest</h3><table class="result"><tr class="param"><th>Parameter #1</th><th>Parameter #2</th><th>Parameter #3</th><th>Parameter #4</th><th>Parameter #5</th></tr><tr class="param stripe"><td>sajal </td><td>anand</td><td>1234567898</td><td>ads@123</td><td>no</td></tr><tr><th colspan="5">Exception</th></tr><tr><td colspan="5"><div class="stacktrace">org.openqa.selenium.interactions.MoveTargetOutOfBoundsException: (855, 661) is out of bounds of viewport width (1360) and height (643)
Build info: version: &apos;4.7.2&apos;, revision: &apos;4d4020c3b7&apos;
System info: os.name: &apos;Windows 10&apos;, os.arch: &apos;amd64&apos;, os.version: &apos;10.0&apos;, java.version: &apos;1.8.0_202&apos;
Driver info: org.openqa.selenium.firefox.FirefoxDriver
Command: [3d55d3f7-5538-4a8a-aaf5-73625c5ea08e, actions {actions=[org.openqa.selenium.interactions.Sequence@2c8682e4]}]
Capabilities {acceptInsecureCerts: true, browserName: firefox, browserVersion: 110.0.1, moz:accessibilityChecks: false, moz:buildID: 20230227191043, moz:debuggerAddress: 127.0.0.1:26427, moz:geckodriverVersion: 0.32.2, moz:headless: false, moz:platformVersion: 10.0, moz:processID: 10500, moz:profile: C:\Users\sanand\AppData\Loc..., moz:shutdownTimeout: 60000, moz:useNonSpecCompliantPointerOrigin: false, moz:webdriverClick: true, moz:windowless: false, pageLoadStrategy: normal, platformName: WINDOWS, proxy: Proxy(), se:cdp: ws://127.0.0.1:26427/devtoo..., se:cdpVersion: 85.0, setWindowRect: true, strictFileInteractability: false, timeouts: {implicit: 0, pageLoad: 300000, script: 30000}, unhandledPromptBehavior: dismiss and notify}
Session ID: 3d55d3f7-5538-4a8a-aaf5-73625c5ea08e
	at org.openqa.selenium.remote.codec.w3c.W3CHttpResponseCodec.createException(W3CHttpResponseCodec.java:200)
	at org.openqa.selenium.remote.codec.w3c.W3CHttpResponseCodec.decode(W3CHttpResponseCodec.java:133)
	at org.openqa.selenium.remote.codec.w3c.W3CHttpResponseCodec.decode(W3CHttpResponseCodec.java:53)
	at org.openqa.selenium.remote.HttpCommandExecutor.execute(HttpCommandExecutor.java:184)
	at org.openqa.selenium.remote.service.DriverCommandExecutor.invokeExecute(DriverCommandExecutor.java:167)
	at org.openqa.selenium.remote.service.DriverCommandExecutor.execute(DriverCommandExecutor.java:142)
	at org.openqa.selenium.remote.RemoteWebDriver.execute(RemoteWebDriver.java:535)
	at org.openqa.selenium.remote.RemoteWebDriver.perform(RemoteWebDriver.java:603)
	at org.openqa.selenium.interactions.Actions$BuiltAction.perform(Actions.java:567)
	at com.qa.opencart.utils.ElementUtil.doActionsCick(ElementUtil.java:64)
	at com.qa.opencart.PageLayer.RegistrationPage.registerUser(RegistrationPage.java:60)
	at com.qa.opencart.test.RegistrationPageTest.userRegTest(RegistrationPageTest.java:43)
	at java.util.concurrent.FutureTask.run(FutureTask.java:266)
	at java.util.concurrent.ThreadPoolExecutor.runWorker(ThreadPoolExecutor.java:1149)
	at java.util.concurrent.ThreadPoolExecutor$Worker.run(ThreadPoolExecutor.java:624)
	at java.lang.Thread.run(Thread.java:748)
... Removed 20 stack frames</div></td></tr></table><p class="totop"><a href="#summary">back to summary</a></p>
<h3 id="m9">com.qa.opencart.test.RegistrationPageTest#userRegTest</h3><table class="result"><tr class="param"><th>Parameter #1</th><th>Parameter #2</th><th>Parameter #3</th><th>Parameter #4</th><th>Parameter #5</th></tr><tr class="param stripe"><td>sarang</td><td>anand</td><td>2345678986</td><td>Test@123</td><td>yes</td></tr><tr><th colspan="5">Exception</th></tr><tr><td colspan="5"><div class="stacktrace">org.openqa.selenium.interactions.MoveTargetOutOfBoundsException: (855, 661) is out of bounds of viewport width (1360) and height (643)
Build info: version: &apos;4.7.2&apos;, revision: &apos;4d4020c3b7&apos;
System info: os.name: &apos;Windows 10&apos;, os.arch: &apos;amd64&apos;, os.version: &apos;10.0&apos;, java.version: &apos;1.8.0_202&apos;
Driver info: org.openqa.selenium.firefox.FirefoxDriver
Command: [3d55d3f7-5538-4a8a-aaf5-73625c5ea08e, actions {actions=[org.openqa.selenium.interactions.Sequence@258c60ac]}]
Capabilities {acceptInsecureCerts: true, browserName: firefox, browserVersion: 110.0.1, moz:accessibilityChecks: false, moz:buildID: 20230227191043, moz:debuggerAddress: 127.0.0.1:26427, moz:geckodriverVersion: 0.32.2, moz:headless: false, moz:platformVersion: 10.0, moz:processID: 10500, moz:profile: C:\Users\sanand\AppData\Loc..., moz:shutdownTimeout: 60000, moz:useNonSpecCompliantPointerOrigin: false, moz:webdriverClick: true, moz:windowless: false, pageLoadStrategy: normal, platformName: WINDOWS, proxy: Proxy(), se:cdp: ws://127.0.0.1:26427/devtoo..., se:cdpVersion: 85.0, setWindowRect: true, strictFileInteractability: false, timeouts: {implicit: 0, pageLoad: 300000, script: 30000}, unhandledPromptBehavior: dismiss and notify}
Session ID: 3d55d3f7-5538-4a8a-aaf5-73625c5ea08e
	at org.openqa.selenium.remote.codec.w3c.W3CHttpResponseCodec.createException(W3CHttpResponseCodec.java:200)
	at org.openqa.selenium.remote.codec.w3c.W3CHttpResponseCodec.decode(W3CHttpResponseCodec.java:133)
	at org.openqa.selenium.remote.codec.w3c.W3CHttpResponseCodec.decode(W3CHttpResponseCodec.java:53)
	at org.openqa.selenium.remote.HttpCommandExecutor.execute(HttpCommandExecutor.java:184)
	at org.openqa.selenium.remote.service.DriverCommandExecutor.invokeExecute(DriverCommandExecutor.java:167)
	at org.openqa.selenium.remote.service.DriverCommandExecutor.execute(DriverCommandExecutor.java:142)
	at org.openqa.selenium.remote.RemoteWebDriver.execute(RemoteWebDriver.java:535)
	at org.openqa.selenium.remote.RemoteWebDriver.perform(RemoteWebDriver.java:603)
	at org.openqa.selenium.interactions.Actions$BuiltAction.perform(Actions.java:567)
	at com.qa.opencart.utils.ElementUtil.doActionsCick(ElementUtil.java:64)
	at com.qa.opencart.PageLayer.RegistrationPage.registerUser(RegistrationPage.java:60)
	at com.qa.opencart.test.RegistrationPageTest.userRegTest(RegistrationPageTest.java:43)
	at java.util.concurrent.FutureTask.run(FutureTask.java:266)
	at java.util.concurrent.ThreadPoolExecutor.runWorker(ThreadPoolExecutor.java:1149)
	at java.util.concurrent.ThreadPoolExecutor$Worker.run(ThreadPoolExecutor.java:624)
	at java.lang.Thread.run(Thread.java:748)
... Removed 20 stack frames</div></td></tr></table><p class="totop"><a href="#summary">back to summary</a></p>
<h3 id="m10">com.qa.opencart.test.RegistrationPageTest#userRegTest</h3><table class="result"><tr class="param"><th>Parameter #1</th><th>Parameter #2</th><th>Parameter #3</th><th>Parameter #4</th><th>Parameter #5</th></tr><tr class="param stripe"><td>sarang</td><td>anand</td><td>2345678986</td><td>Test@123</td><td>yes</td></tr><tr><th colspan="5">Exception</th></tr><tr><td colspan="5"><div class="stacktrace">org.openqa.selenium.interactions.MoveTargetOutOfBoundsException: (855, 661) is out of bounds of viewport width (1360) and height (643)
Build info: version: &apos;4.7.2&apos;, revision: &apos;4d4020c3b7&apos;
System info: os.name: &apos;Windows 10&apos;, os.arch: &apos;amd64&apos;, os.version: &apos;10.0&apos;, java.version: &apos;1.8.0_202&apos;
Driver info: org.openqa.selenium.firefox.FirefoxDriver
Command: [3d55d3f7-5538-4a8a-aaf5-73625c5ea08e, actions {actions=[org.openqa.selenium.interactions.Sequence@6a45d9f3]}]
Capabilities {acceptInsecureCerts: true, browserName: firefox, browserVersion: 110.0.1, moz:accessibilityChecks: false, moz:buildID: 20230227191043, moz:debuggerAddress: 127.0.0.1:26427, moz:geckodriverVersion: 0.32.2, moz:headless: false, moz:platformVersion: 10.0, moz:processID: 10500, moz:profile: C:\Users\sanand\AppData\Loc..., moz:shutdownTimeout: 60000, moz:useNonSpecCompliantPointerOrigin: false, moz:webdriverClick: true, moz:windowless: false, pageLoadStrategy: normal, platformName: WINDOWS, proxy: Proxy(), se:cdp: ws://127.0.0.1:26427/devtoo..., se:cdpVersion: 85.0, setWindowRect: true, strictFileInteractability: false, timeouts: {implicit: 0, pageLoad: 300000, script: 30000}, unhandledPromptBehavior: dismiss and notify}
Session ID: 3d55d3f7-5538-4a8a-aaf5-73625c5ea08e
	at org.openqa.selenium.remote.codec.w3c.W3CHttpResponseCodec.createException(W3CHttpResponseCodec.java:200)
	at org.openqa.selenium.remote.codec.w3c.W3CHttpResponseCodec.decode(W3CHttpResponseCodec.java:133)
	at org.openqa.selenium.remote.codec.w3c.W3CHttpResponseCodec.decode(W3CHttpResponseCodec.java:53)
	at org.openqa.selenium.remote.HttpCommandExecutor.execute(HttpCommandExecutor.java:184)
	at org.openqa.selenium.remote.service.DriverCommandExecutor.invokeExecute(DriverCommandExecutor.java:167)
	at org.openqa.selenium.remote.service.DriverCommandExecutor.execute(DriverCommandExecutor.java:142)
	at org.openqa.selenium.remote.RemoteWebDriver.execute(RemoteWebDriver.java:535)
	at org.openqa.selenium.remote.RemoteWebDriver.perform(RemoteWebDriver.java:603)
	at org.openqa.selenium.interactions.Actions$BuiltAction.perform(Actions.java:567)
	at com.qa.opencart.utils.ElementUtil.doActionsCick(ElementUtil.java:64)
	at com.qa.opencart.PageLayer.RegistrationPage.registerUser(RegistrationPage.java:60)
	at com.qa.opencart.test.RegistrationPageTest.userRegTest(RegistrationPageTest.java:43)
	at java.util.concurrent.FutureTask.run(FutureTask.java:266)
	at java.util.concurrent.ThreadPoolExecutor.runWorker(ThreadPoolExecutor.java:1149)
	at java.util.concurrent.ThreadPoolExecutor$Worker.run(ThreadPoolExecutor.java:624)
	at java.lang.Thread.run(Thread.java:748)
... Removed 20 stack frames</div></td></tr></table><p class="totop"><a href="#summary">back to summary</a></p>
<h3 id="m11">com.qa.opencart.test.RegistrationPageTest#userRegTest</h3><table class="result"><tr class="param"><th>Parameter #1</th><th>Parameter #2</th><th>Parameter #3</th><th>Parameter #4</th><th>Parameter #5</th></tr><tr class="param stripe"><td>sarang</td><td>anand</td><td>2345678986</td><td>Test@123</td><td>yes</td></tr><tr><th colspan="5">Exception</th></tr><tr><td colspan="5"><div class="stacktrace">org.openqa.selenium.interactions.MoveTargetOutOfBoundsException: (855, 661) is out of bounds of viewport width (1360) and height (643)
Build info: version: &apos;4.7.2&apos;, revision: &apos;4d4020c3b7&apos;
System info: os.name: &apos;Windows 10&apos;, os.arch: &apos;amd64&apos;, os.version: &apos;10.0&apos;, java.version: &apos;1.8.0_202&apos;
Driver info: org.openqa.selenium.firefox.FirefoxDriver
Command: [3d55d3f7-5538-4a8a-aaf5-73625c5ea08e, actions {actions=[org.openqa.selenium.interactions.Sequence@6083e26b]}]
Capabilities {acceptInsecureCerts: true, browserName: firefox, browserVersion: 110.0.1, moz:accessibilityChecks: false, moz:buildID: 20230227191043, moz:debuggerAddress: 127.0.0.1:26427, moz:geckodriverVersion: 0.32.2, moz:headless: false, moz:platformVersion: 10.0, moz:processID: 10500, moz:profile: C:\Users\sanand\AppData\Loc..., moz:shutdownTimeout: 60000, moz:useNonSpecCompliantPointerOrigin: false, moz:webdriverClick: true, moz:windowless: false, pageLoadStrategy: normal, platformName: WINDOWS, proxy: Proxy(), se:cdp: ws://127.0.0.1:26427/devtoo..., se:cdpVersion: 85.0, setWindowRect: true, strictFileInteractability: false, timeouts: {implicit: 0, pageLoad: 300000, script: 30000}, unhandledPromptBehavior: dismiss and notify}
Session ID: 3d55d3f7-5538-4a8a-aaf5-73625c5ea08e
	at org.openqa.selenium.remote.codec.w3c.W3CHttpResponseCodec.createException(W3CHttpResponseCodec.java:200)
	at org.openqa.selenium.remote.codec.w3c.W3CHttpResponseCodec.decode(W3CHttpResponseCodec.java:133)
	at org.openqa.selenium.remote.codec.w3c.W3CHttpResponseCodec.decode(W3CHttpResponseCodec.java:53)
	at org.openqa.selenium.remote.HttpCommandExecutor.execute(HttpCommandExecutor.java:184)
	at org.openqa.selenium.remote.service.DriverCommandExecutor.invokeExecute(DriverCommandExecutor.java:167)
	at org.openqa.selenium.remote.service.DriverCommandExecutor.execute(DriverCommandExecutor.java:142)
	at org.openqa.selenium.remote.RemoteWebDriver.execute(RemoteWebDriver.java:535)
	at org.openqa.selenium.remote.RemoteWebDriver.perform(RemoteWebDriver.java:603)
	at org.openqa.selenium.interactions.Actions$BuiltAction.perform(Actions.java:567)
	at com.qa.opencart.utils.ElementUtil.doActionsCick(ElementUtil.java:64)
	at com.qa.opencart.PageLayer.RegistrationPage.registerUser(RegistrationPage.java:60)
	at com.qa.opencart.test.RegistrationPageTest.userRegTest(RegistrationPageTest.java:43)
	at java.util.concurrent.FutureTask.run(FutureTask.java:266)
	at java.util.concurrent.ThreadPoolExecutor.runWorker(ThreadPoolExecutor.java:1149)
	at java.util.concurrent.ThreadPoolExecutor$Worker.run(ThreadPoolExecutor.java:624)
	at java.lang.Thread.run(Thread.java:748)
... Removed 20 stack frames</div></td></tr></table><p class="totop"><a href="#summary">back to summary</a></p>
<h2>Product Info Page Test</h2><h3 id="m12">com.qa.opencart.test.ProductPageInfoTest#addtToCartTest</h3><table class="result"><tr class="param"><th>Parameter #1</th><th>Parameter #2</th><th>Parameter #3</th></tr><tr class="param stripe"><td>Macbook</td><td>MacBook Pro</td><td>1</td></tr><tr><th colspan="3">Exception</th></tr><tr><td colspan="3"><div class="stacktrace">java.lang.AssertionError: The following asserts failed:
	expected [Success :  You have added MacBook Pro to your shopping cart!] but found [Success: You have added MacBook Pro to your shopping cart!],
	expected [true] but found [false],
	expected [Success :  You have added MacBook Pro to your shopping cart!] but found [Success: You have added MacBook Pro to your shopping cart!],
	expected [true] but found [false],
	expected [Success :  You have added MacBook Pro to your shopping cart!] but found [Success: You have added MacBook Pro to your shopping cart!],
	expected [true] but found [false],
	expected [Success :  You have added MacBook Pro to your shopping cart!] but found [Success: You have added MacBook Pro to your shopping cart!],
	expected [true] but found [false]
	at com.qa.opencart.test.ProductPageInfoTest.addtToCartTest(ProductPageInfoTest.java:102)
	at java.util.concurrent.FutureTask.run(FutureTask.java:266)
	at java.util.concurrent.ThreadPoolExecutor.runWorker(ThreadPoolExecutor.java:1149)
	at java.util.concurrent.ThreadPoolExecutor$Worker.run(ThreadPoolExecutor.java:624)
	at java.lang.Thread.run(Thread.java:748)
... Removed 17 stack frames</div></td></tr></table><p class="totop"><a href="#summary">back to summary</a></p>
<h3 id="m13">com.qa.opencart.test.ProductPageInfoTest#addtToCartTest</h3><table class="result"><tr class="param"><th>Parameter #1</th><th>Parameter #2</th><th>Parameter #3</th></tr><tr class="param stripe"><td>iMac</td><td>iMac</td><td>2</td></tr><tr><th colspan="3">Exception</th></tr><tr><td colspan="3"><div class="stacktrace">java.lang.AssertionError: The following asserts failed:
	expected [Success :  You have added MacBook Pro to your shopping cart!] but found [Success: You have added MacBook Pro to your shopping cart!],
	expected [true] but found [false],
	expected [Success :  You have added MacBook Pro to your shopping cart!] but found [Success: You have added MacBook Pro to your shopping cart!],
	expected [true] but found [false],
	expected [Success :  You have added MacBook Pro to your shopping cart!] but found [Success: You have added MacBook Pro to your shopping cart!],
	expected [true] but found [false],
	expected [Success :  You have added MacBook Pro to your shopping cart!] but found [Success: You have added MacBook Pro to your shopping cart!],
	expected [true] but found [false],
	expected [Success :  You have added iMac to your shopping cart!] but found [Success: You have added iMac to your shopping cart!],
	expected [true] but found [false]
	at com.qa.opencart.test.ProductPageInfoTest.addtToCartTest(ProductPageInfoTest.java:102)
	at java.util.concurrent.FutureTask.run(FutureTask.java:266)
	at java.util.concurrent.ThreadPoolExecutor.runWorker(ThreadPoolExecutor.java:1149)
	at java.util.concurrent.ThreadPoolExecutor$Worker.run(ThreadPoolExecutor.java:624)
	at java.lang.Thread.run(Thread.java:748)
... Removed 17 stack frames</div></td></tr></table><p class="totop"><a href="#summary">back to summary</a></p>
<h3 id="m14">com.qa.opencart.test.ProductPageInfoTest#addtToCartTest</h3><table class="result"><tr class="param"><th>Parameter #1</th><th>Parameter #2</th><th>Parameter #3</th></tr><tr class="param stripe"><td>iMac</td><td>iMac</td><td>2</td></tr><tr><th colspan="3">Exception</th></tr><tr><td colspan="3"><div class="stacktrace">java.lang.AssertionError: The following asserts failed:
	expected [Success :  You have added MacBook Pro to your shopping cart!] but found [Success: You have added MacBook Pro to your shopping cart!],
	expected [true] but found [false],
	expected [Success :  You have added MacBook Pro to your shopping cart!] but found [Success: You have added MacBook Pro to your shopping cart!],
	expected [true] but found [false],
	expected [Success :  You have added MacBook Pro to your shopping cart!] but found [Success: You have added MacBook Pro to your shopping cart!],
	expected [true] but found [false],
	expected [Success :  You have added MacBook Pro to your shopping cart!] but found [Success: You have added MacBook Pro to your shopping cart!],
	expected [true] but found [false],
	expected [Success :  You have added iMac to your shopping cart!] but found [Success: You have added iMac to your shopping cart!],
	expected [true] but found [false],
	expected [Success :  You have added iMac to your shopping cart!] but found [Success: You have added iMac to your shopping cart!],
	expected [true] but found [false]
	at com.qa.opencart.test.ProductPageInfoTest.addtToCartTest(ProductPageInfoTest.java:102)
	at java.util.concurrent.FutureTask.run(FutureTask.java:266)
	at java.util.concurrent.ThreadPoolExecutor.runWorker(ThreadPoolExecutor.java:1149)
	at java.util.concurrent.ThreadPoolExecutor$Worker.run(ThreadPoolExecutor.java:624)
	at java.lang.Thread.run(Thread.java:748)
... Removed 17 stack frames</div></td></tr></table><p class="totop"><a href="#summary">back to summary</a></p>
<h3 id="m15">com.qa.opencart.test.ProductPageInfoTest#productInfoTest</h3><table class="result"><tr><th>Exception</th></tr><tr><td><div class="stacktrace">java.lang.AssertionError: The following asserts failed:
	expected [Success :  You have added MacBook Pro to your shopping cart!] but found [Success: You have added MacBook Pro to your shopping cart!],
	expected [true] but found [false],
	expected [Success :  You have added MacBook Pro to your shopping cart!] but found [Success: You have added MacBook Pro to your shopping cart!],
	expected [true] but found [false],
	expected [Success :  You have added MacBook Pro to your shopping cart!] but found [Success: You have added MacBook Pro to your shopping cart!],
	expected [true] but found [false],
	expected [Success :  You have added MacBook Pro to your shopping cart!] but found [Success: You have added MacBook Pro to your shopping cart!],
	expected [true] but found [false],
	expected [Success :  You have added iMac to your shopping cart!] but found [Success: You have added iMac to your shopping cart!],
	expected [true] but found [false],
	expected [Success :  You have added iMac to your shopping cart!] but found [Success: You have added iMac to your shopping cart!],
	expected [true] but found [false]
	at com.qa.opencart.test.ProductPageInfoTest.productInfoTest(ProductPageInfoTest.java:60)
	at java.util.concurrent.FutureTask.run(FutureTask.java:266)
	at java.util.concurrent.ThreadPoolExecutor.runWorker(ThreadPoolExecutor.java:1149)
	at java.util.concurrent.ThreadPoolExecutor$Worker.run(ThreadPoolExecutor.java:624)
	at java.lang.Thread.run(Thread.java:748)
... Removed 17 stack frames</div></td></tr></table><p class="totop"><a href="#summary">back to summary</a></p>
<h3 id="m16">com.qa.opencart.test.ProductPageInfoTest#addtToCartTest</h3><table class="result"><tr class="param"><th>Parameter #1</th><th>Parameter #2</th><th>Parameter #3</th></tr><tr class="param stripe"><td>Macbook</td><td>MacBook Pro</td><td>1</td></tr><tr><th colspan="3">Exception</th></tr><tr><td colspan="3"><div class="stacktrace">java.lang.AssertionError: The following asserts failed:
	expected [Success :  You have added MacBook Pro to your shopping cart!] but found [Success: You have added MacBook Pro to your shopping cart!],
	expected [true] but found [false]
	at com.qa.opencart.test.ProductPageInfoTest.addtToCartTest(ProductPageInfoTest.java:102)
	at java.util.concurrent.FutureTask.run(FutureTask.java:266)
	at java.util.concurrent.ThreadPoolExecutor.runWorker(ThreadPoolExecutor.java:1149)
	at java.util.concurrent.ThreadPoolExecutor$Worker.run(ThreadPoolExecutor.java:624)
	at java.lang.Thread.run(Thread.java:748)
... Removed 17 stack frames</div></td></tr></table><p class="totop"><a href="#summary">back to summary</a></p>
<h3 id="m17">com.qa.opencart.test.ProductPageInfoTest#addtToCartTest</h3><table class="result"><tr class="param"><th>Parameter #1</th><th>Parameter #2</th><th>Parameter #3</th></tr><tr class="param stripe"><td>Macbook</td><td>MacBook Pro</td><td>1</td></tr><tr><th colspan="3">Exception</th></tr><tr><td colspan="3"><div class="stacktrace">java.lang.AssertionError: The following asserts failed:
	expected [Success :  You have added MacBook Pro to your shopping cart!] but found [Success: You have added MacBook Pro to your shopping cart!],
	expected [true] but found [false],
	expected [Success :  You have added MacBook Pro to your shopping cart!] but found [Success: You have added MacBook Pro to your shopping cart!],
	expected [true] but found [false]
	at com.qa.opencart.test.ProductPageInfoTest.addtToCartTest(ProductPageInfoTest.java:102)
	at java.util.concurrent.FutureTask.run(FutureTask.java:266)
	at java.util.concurrent.ThreadPoolExecutor.runWorker(ThreadPoolExecutor.java:1149)
	at java.util.concurrent.ThreadPoolExecutor$Worker.run(ThreadPoolExecutor.java:624)
	at java.lang.Thread.run(Thread.java:748)
... Removed 17 stack frames</div></td></tr></table><p class="totop"><a href="#summary">back to summary</a></p>
<h3 id="m18">com.qa.opencart.test.ProductPageInfoTest#addtToCartTest</h3><table class="result"><tr class="param"><th>Parameter #1</th><th>Parameter #2</th><th>Parameter #3</th></tr><tr class="param stripe"><td>Macbook</td><td>MacBook Pro</td><td>1</td></tr><tr><th colspan="3">Exception</th></tr><tr><td colspan="3"><div class="stacktrace">java.lang.AssertionError: The following asserts failed:
	expected [Success :  You have added MacBook Pro to your shopping cart!] but found [Success: You have added MacBook Pro to your shopping cart!],
	expected [true] but found [false],
	expected [Success :  You have added MacBook Pro to your shopping cart!] but found [Success: You have added MacBook Pro to your shopping cart!],
	expected [true] but found [false],
	expected [Success :  You have added MacBook Pro to your shopping cart!] but found [Success: You have added MacBook Pro to your shopping cart!],
	expected [true] but found [false]
	at com.qa.opencart.test.ProductPageInfoTest.addtToCartTest(ProductPageInfoTest.java:102)
	at java.util.concurrent.FutureTask.run(FutureTask.java:266)
	at java.util.concurrent.ThreadPoolExecutor.runWorker(ThreadPoolExecutor.java:1149)
	at java.util.concurrent.ThreadPoolExecutor$Worker.run(ThreadPoolExecutor.java:624)
	at java.lang.Thread.run(Thread.java:748)
... Removed 17 stack frames</div></td></tr></table><p class="totop"><a href="#summary">back to summary</a></p>
<h3 id="m19">com.qa.opencart.test.ProductPageInfoTest#productInfoTest</h3><table class="result"><tr><th>Exception</th></tr><tr><td><div class="stacktrace">java.lang.AssertionError: The following asserts failed:
	expected [Success :  You have added MacBook Pro to your shopping cart!] but found [Success: You have added MacBook Pro to your shopping cart!],
	expected [true] but found [false],
	expected [Success :  You have added MacBook Pro to your shopping cart!] but found [Success: You have added MacBook Pro to your shopping cart!],
	expected [true] but found [false],
	expected [Success :  You have added MacBook Pro to your shopping cart!] but found [Success: You have added MacBook Pro to your shopping cart!],
	expected [true] but found [false],
	expected [Success :  You have added MacBook Pro to your shopping cart!] but found [Success: You have added MacBook Pro to your shopping cart!],
	expected [true] but found [false],
	expected [Success :  You have added iMac to your shopping cart!] but found [Success: You have added iMac to your shopping cart!],
	expected [true] but found [false],
	expected [Success :  You have added iMac to your shopping cart!] but found [Success: You have added iMac to your shopping cart!],
	expected [true] but found [false]
	at com.qa.opencart.test.ProductPageInfoTest.productInfoTest(ProductPageInfoTest.java:60)
	at java.util.concurrent.FutureTask.run(FutureTask.java:266)
	at java.util.concurrent.ThreadPoolExecutor.runWorker(ThreadPoolExecutor.java:1149)
	at java.util.concurrent.ThreadPoolExecutor$Worker.run(ThreadPoolExecutor.java:624)
	at java.lang.Thread.run(Thread.java:748)
... Removed 17 stack frames</div></td></tr></table><p class="totop"><a href="#summary">back to summary</a></p>
<h3 id="m20">com.qa.opencart.test.ProductPageInfoTest#productInfoTest</h3><table class="result"><tr><th>Exception</th></tr><tr><td><div class="stacktrace">java.lang.AssertionError: The following asserts failed:
	expected [Success :  You have added MacBook Pro to your shopping cart!] but found [Success: You have added MacBook Pro to your shopping cart!],
	expected [true] but found [false],
	expected [Success :  You have added MacBook Pro to your shopping cart!] but found [Success: You have added MacBook Pro to your shopping cart!],
	expected [true] but found [false],
	expected [Success :  You have added MacBook Pro to your shopping cart!] but found [Success: You have added MacBook Pro to your shopping cart!],
	expected [true] but found [false],
	expected [Success :  You have added MacBook Pro to your shopping cart!] but found [Success: You have added MacBook Pro to your shopping cart!],
	expected [true] but found [false],
	expected [Success :  You have added iMac to your shopping cart!] but found [Success: You have added iMac to your shopping cart!],
	expected [true] but found [false],
	expected [Success :  You have added iMac to your shopping cart!] but found [Success: You have added iMac to your shopping cart!],
	expected [true] but found [false]
	at com.qa.opencart.test.ProductPageInfoTest.productInfoTest(ProductPageInfoTest.java:60)
	at java.util.concurrent.FutureTask.run(FutureTask.java:266)
	at java.util.concurrent.ThreadPoolExecutor.runWorker(ThreadPoolExecutor.java:1149)
	at java.util.concurrent.ThreadPoolExecutor$Worker.run(ThreadPoolExecutor.java:624)
	at java.lang.Thread.run(Thread.java:748)
... Removed 17 stack frames</div></td></tr></table><p class="totop"><a href="#summary">back to summary</a></p>
<h3 id="m21">com.qa.opencart.test.ProductPageInfoTest#productInfoTest</h3><table class="result"><tr><th>Exception</th></tr><tr><td><div class="stacktrace">java.lang.AssertionError: The following asserts failed:
	expected [Success :  You have added MacBook Pro to your shopping cart!] but found [Success: You have added MacBook Pro to your shopping cart!],
	expected [true] but found [false],
	expected [Success :  You have added MacBook Pro to your shopping cart!] but found [Success: You have added MacBook Pro to your shopping cart!],
	expected [true] but found [false],
	expected [Success :  You have added MacBook Pro to your shopping cart!] but found [Success: You have added MacBook Pro to your shopping cart!],
	expected [true] but found [false],
	expected [Success :  You have added MacBook Pro to your shopping cart!] but found [Success: You have added MacBook Pro to your shopping cart!],
	expected [true] but found [false],
	expected [Success :  You have added iMac to your shopping cart!] but found [Success: You have added iMac to your shopping cart!],
	expected [true] but found [false],
	expected [Success :  You have added iMac to your shopping cart!] but found [Success: You have added iMac to your shopping cart!],
	expected [true] but found [false]
	at com.qa.opencart.test.ProductPageInfoTest.productInfoTest(ProductPageInfoTest.java:60)
	at java.util.concurrent.FutureTask.run(FutureTask.java:266)
	at java.util.concurrent.ThreadPoolExecutor.runWorker(ThreadPoolExecutor.java:1149)
	at java.util.concurrent.ThreadPoolExecutor$Worker.run(ThreadPoolExecutor.java:624)
	at java.lang.Thread.run(Thread.java:748)
... Removed 17 stack frames</div></td></tr></table><p class="totop"><a href="#summary">back to summary</a></p>
<h3 id="m22">com.qa.opencart.test.ProductPageInfoTest#productImagesCountTest</h3><table class="result"><tr class="param"><th>Parameter #1</th><th>Parameter #2</th><th>Parameter #3</th></tr><tr class="param stripe"><td>Macbook</td><td>MacBook Pro</td><td>4</td></tr></table><p class="totop"><a href="#summary">back to summary</a></p>
<h3 id="m23">com.qa.opencart.test.ProductPageInfoTest#productImagesCountTest</h3><table class="result"><tr class="param"><th>Parameter #1</th><th>Parameter #2</th><th>Parameter #3</th></tr><tr class="param stripe"><td>iMac</td><td>iMac</td><td>3</td></tr></table><p class="totop"><a href="#summary">back to summary</a></p>
<h3 id="m24">com.qa.opencart.test.ProductPageInfoTest#productImagesCountTest</h3><table class="result"><tr class="param"><th>Parameter #1</th><th>Parameter #2</th><th>Parameter #3</th></tr><tr class="param stripe"><td>Samsung</td><td>Samsung SyncMaster 941BW</td><td>1</td></tr></table><p class="totop"><a href="#summary">back to summary</a></p>
<h3 id="m25">com.qa.opencart.test.ProductPageInfoTest#productImagesCountTest</h3><table class="result"><tr class="param"><th>Parameter #1</th><th>Parameter #2</th><th>Parameter #3</th></tr><tr class="param stripe"><td>Apple</td><td>Apple Cinema 30&quot;</td><td>6</td></tr></table><p class="totop"><a href="#summary">back to summary</a></p>
<h2>Accounts Page Test</h2><h3 id="m26">com.qa.opencart.test.AccountsPageTest#searchProductCountTest</h3><table class="result"><tr class="param"><th>Parameter #1</th></tr><tr class="param stripe"><td>Naveen</td></tr><tr><th>Exception</th></tr><tr><td><div class="stacktrace">org.openqa.selenium.TimeoutException: Expected condition failed: waiting for visibility of all elements located by By.cssSelector: div#content div.product-layout (tried for 10 second(s) with 500 milliseconds interval)
Build info: version: &apos;4.7.2&apos;, revision: &apos;4d4020c3b7&apos;
System info: os.name: &apos;Windows 10&apos;, os.arch: &apos;amd64&apos;, os.version: &apos;10.0&apos;, java.version: &apos;1.8.0_202&apos;
Driver info: org.openqa.selenium.firefox.FirefoxDriver
Capabilities {acceptInsecureCerts: true, browserName: firefox, browserVersion: 110.0.1, moz:accessibilityChecks: false, moz:buildID: 20230227191043, moz:debuggerAddress: 127.0.0.1:24326, moz:geckodriverVersion: 0.32.2, moz:headless: false, moz:platformVersion: 10.0, moz:processID: 15288, moz:profile: C:\Users\sanand\AppData\Loc..., moz:shutdownTimeout: 60000, moz:useNonSpecCompliantPointerOrigin: false, moz:webdriverClick: true, moz:windowless: false, pageLoadStrategy: normal, platformName: WINDOWS, proxy: Proxy(), se:cdp: ws://127.0.0.1:24326/devtoo..., se:cdpVersion: 85.0, setWindowRect: true, strictFileInteractability: false, timeouts: {implicit: 0, pageLoad: 300000, script: 30000}, unhandledPromptBehavior: dismiss and notify}
Session ID: accc375f-e270-4278-9a2e-4a9f11cd469d
	at org.openqa.selenium.support.ui.WebDriverWait.timeoutException(WebDriverWait.java:87)
	at org.openqa.selenium.support.ui.FluentWait.until(FluentWait.java:231)
	at com.qa.opencart.utils.ElementUtil.waitForElementsVisible(ElementUtil.java:212)
	at com.qa.opencart.PageLayer.SearchPage.getSearchProductsCount(SearchPage.java:23)
	at com.qa.opencart.test.AccountsPageTest.searchProductCountTest(AccountsPageTest.java:67)
	at java.util.concurrent.FutureTask.run(FutureTask.java:266)
	at java.util.concurrent.ThreadPoolExecutor.runWorker(ThreadPoolExecutor.java:1149)
	at java.util.concurrent.ThreadPoolExecutor$Worker.run(ThreadPoolExecutor.java:624)
	at java.lang.Thread.run(Thread.java:748)
... Removed 16 stack frames</div></td></tr></table><p class="totop"><a href="#summary">back to summary</a></p>
<h3 id="m27">com.qa.opencart.test.AccountsPageTest#searchProductCountTest</h3><table class="result"><tr class="param"><th>Parameter #1</th></tr><tr class="param stripe"><td>Naveen</td></tr><tr><th>Exception</th></tr><tr><td><div class="stacktrace">org.openqa.selenium.TimeoutException: Expected condition failed: waiting for visibility of all elements located by By.cssSelector: div#content div.product-layout (tried for 10 second(s) with 500 milliseconds interval)
Build info: version: &apos;4.7.2&apos;, revision: &apos;4d4020c3b7&apos;
System info: os.name: &apos;Windows 10&apos;, os.arch: &apos;amd64&apos;, os.version: &apos;10.0&apos;, java.version: &apos;1.8.0_202&apos;
Driver info: org.openqa.selenium.firefox.FirefoxDriver
Capabilities {acceptInsecureCerts: true, browserName: firefox, browserVersion: 110.0.1, moz:accessibilityChecks: false, moz:buildID: 20230227191043, moz:debuggerAddress: 127.0.0.1:24326, moz:geckodriverVersion: 0.32.2, moz:headless: false, moz:platformVersion: 10.0, moz:processID: 15288, moz:profile: C:\Users\sanand\AppData\Loc..., moz:shutdownTimeout: 60000, moz:useNonSpecCompliantPointerOrigin: false, moz:webdriverClick: true, moz:windowless: false, pageLoadStrategy: normal, platformName: WINDOWS, proxy: Proxy(), se:cdp: ws://127.0.0.1:24326/devtoo..., se:cdpVersion: 85.0, setWindowRect: true, strictFileInteractability: false, timeouts: {implicit: 0, pageLoad: 300000, script: 30000}, unhandledPromptBehavior: dismiss and notify}
Session ID: accc375f-e270-4278-9a2e-4a9f11cd469d
	at org.openqa.selenium.support.ui.WebDriverWait.timeoutException(WebDriverWait.java:87)
	at org.openqa.selenium.support.ui.FluentWait.until(FluentWait.java:231)
	at com.qa.opencart.utils.ElementUtil.waitForElementsVisible(ElementUtil.java:212)
	at com.qa.opencart.PageLayer.SearchPage.getSearchProductsCount(SearchPage.java:23)
	at com.qa.opencart.test.AccountsPageTest.searchProductCountTest(AccountsPageTest.java:67)
	at java.util.concurrent.FutureTask.run(FutureTask.java:266)
	at java.util.concurrent.ThreadPoolExecutor.runWorker(ThreadPoolExecutor.java:1149)
	at java.util.concurrent.ThreadPoolExecutor$Worker.run(ThreadPoolExecutor.java:624)
	at java.lang.Thread.run(Thread.java:748)
... Removed 16 stack frames</div></td></tr></table><p class="totop"><a href="#summary">back to summary</a></p>
<h3 id="m28">com.qa.opencart.test.AccountsPageTest#searchProductCountTest</h3><table class="result"><tr class="param"><th>Parameter #1</th></tr><tr class="param stripe"><td>Naveen</td></tr><tr><th>Exception</th></tr><tr><td><div class="stacktrace">org.openqa.selenium.TimeoutException: Expected condition failed: waiting for visibility of all elements located by By.cssSelector: div#content div.product-layout (tried for 10 second(s) with 500 milliseconds interval)
Build info: version: &apos;4.7.2&apos;, revision: &apos;4d4020c3b7&apos;
System info: os.name: &apos;Windows 10&apos;, os.arch: &apos;amd64&apos;, os.version: &apos;10.0&apos;, java.version: &apos;1.8.0_202&apos;
Driver info: org.openqa.selenium.firefox.FirefoxDriver
Capabilities {acceptInsecureCerts: true, browserName: firefox, browserVersion: 110.0.1, moz:accessibilityChecks: false, moz:buildID: 20230227191043, moz:debuggerAddress: 127.0.0.1:24326, moz:geckodriverVersion: 0.32.2, moz:headless: false, moz:platformVersion: 10.0, moz:processID: 15288, moz:profile: C:\Users\sanand\AppData\Loc..., moz:shutdownTimeout: 60000, moz:useNonSpecCompliantPointerOrigin: false, moz:webdriverClick: true, moz:windowless: false, pageLoadStrategy: normal, platformName: WINDOWS, proxy: Proxy(), se:cdp: ws://127.0.0.1:24326/devtoo..., se:cdpVersion: 85.0, setWindowRect: true, strictFileInteractability: false, timeouts: {implicit: 0, pageLoad: 300000, script: 30000}, unhandledPromptBehavior: dismiss and notify}
Session ID: accc375f-e270-4278-9a2e-4a9f11cd469d
	at org.openqa.selenium.support.ui.WebDriverWait.timeoutException(WebDriverWait.java:87)
	at org.openqa.selenium.support.ui.FluentWait.until(FluentWait.java:231)
	at com.qa.opencart.utils.ElementUtil.waitForElementsVisible(ElementUtil.java:212)
	at com.qa.opencart.PageLayer.SearchPage.getSearchProductsCount(SearchPage.java:23)
	at com.qa.opencart.test.AccountsPageTest.searchProductCountTest(AccountsPageTest.java:67)
	at java.util.concurrent.FutureTask.run(FutureTask.java:266)
	at java.util.concurrent.ThreadPoolExecutor.runWorker(ThreadPoolExecutor.java:1149)
	at java.util.concurrent.ThreadPoolExecutor$Worker.run(ThreadPoolExecutor.java:624)
	at java.lang.Thread.run(Thread.java:748)
... Removed 16 stack frames</div></td></tr></table><p class="totop"><a href="#summary">back to summary</a></p>
<h3 id="m29">com.qa.opencart.test.AccountsPageTest#searchProductCountTest</h3><table class="result"><tr class="param"><th>Parameter #1</th></tr><tr class="param stripe"><td>Naveen</td></tr><tr><th>Exception</th></tr><tr><td><div class="stacktrace">org.openqa.selenium.TimeoutException: Expected condition failed: waiting for visibility of all elements located by By.cssSelector: div#content div.product-layout (tried for 10 second(s) with 500 milliseconds interval)
Build info: version: &apos;4.7.2&apos;, revision: &apos;4d4020c3b7&apos;
System info: os.name: &apos;Windows 10&apos;, os.arch: &apos;amd64&apos;, os.version: &apos;10.0&apos;, java.version: &apos;1.8.0_202&apos;
Driver info: org.openqa.selenium.firefox.FirefoxDriver
Capabilities {acceptInsecureCerts: true, browserName: firefox, browserVersion: 110.0.1, moz:accessibilityChecks: false, moz:buildID: 20230227191043, moz:debuggerAddress: 127.0.0.1:24326, moz:geckodriverVersion: 0.32.2, moz:headless: false, moz:platformVersion: 10.0, moz:processID: 15288, moz:profile: C:\Users\sanand\AppData\Loc..., moz:shutdownTimeout: 60000, moz:useNonSpecCompliantPointerOrigin: false, moz:webdriverClick: true, moz:windowless: false, pageLoadStrategy: normal, platformName: WINDOWS, proxy: Proxy(), se:cdp: ws://127.0.0.1:24326/devtoo..., se:cdpVersion: 85.0, setWindowRect: true, strictFileInteractability: false, timeouts: {implicit: 0, pageLoad: 300000, script: 30000}, unhandledPromptBehavior: dismiss and notify}
Session ID: accc375f-e270-4278-9a2e-4a9f11cd469d
	at org.openqa.selenium.support.ui.WebDriverWait.timeoutException(WebDriverWait.java:87)
	at org.openqa.selenium.support.ui.FluentWait.until(FluentWait.java:231)
	at com.qa.opencart.utils.ElementUtil.waitForElementsVisible(ElementUtil.java:212)
	at com.qa.opencart.PageLayer.SearchPage.getSearchProductsCount(SearchPage.java:23)
	at com.qa.opencart.test.AccountsPageTest.searchProductCountTest(AccountsPageTest.java:67)
	at java.util.concurrent.FutureTask.run(FutureTask.java:266)
	at java.util.concurrent.ThreadPoolExecutor.runWorker(ThreadPoolExecutor.java:1149)
	at java.util.concurrent.ThreadPoolExecutor$Worker.run(ThreadPoolExecutor.java:624)
	at java.lang.Thread.run(Thread.java:748)
... Removed 16 stack frames</div></td></tr></table><p class="totop"><a href="#summary">back to summary</a></p>
<h3 id="m30">com.qa.opencart.test.AccountsPageTest#accPageHeadersCountTest</h3><table class="result"><tr><th class="invisible"/></tr></table><p class="totop"><a href="#summary">back to summary</a></p>
<h3 id="m31">com.qa.opencart.test.AccountsPageTest#accPageHeadersValueTest</h3><table class="result"><tr><th class="invisible"/></tr></table><p class="totop"><a href="#summary">back to summary</a></p>
<h3 id="m32">com.qa.opencart.test.AccountsPageTest#accPageTitleTest</h3><table class="result"><tr><th class="invisible"/></tr></table><p class="totop"><a href="#summary">back to summary</a></p>
<h3 id="m33">com.qa.opencart.test.AccountsPageTest#accPageURLTest</h3><table class="result"><tr><th class="invisible"/></tr></table><p class="totop"><a href="#summary">back to summary</a></p>
<h3 id="m34">com.qa.opencart.test.AccountsPageTest#isLogoutLinkExistTest</h3><table class="result"><tr><th class="invisible"/></tr></table><p class="totop"><a href="#summary">back to summary</a></p>
<h3 id="m35">com.qa.opencart.test.AccountsPageTest#searchProductCountTest</h3><table class="result"><tr class="param"><th>Parameter #1</th></tr><tr class="param stripe"><td>Samsung</td></tr></table><p class="totop"><a href="#summary">back to summary</a></p>
<h3 id="m36">com.qa.opencart.test.AccountsPageTest#searchProductCountTest</h3><table class="result"><tr class="param"><th>Parameter #1</th></tr><tr class="param stripe"><td>Macbook</td></tr></table><p class="totop"><a href="#summary">back to summary</a></p>
<h3 id="m37">com.qa.opencart.test.AccountsPageTest#searchProductCountTest</h3><table class="result"><tr class="param"><th>Parameter #1</th></tr><tr class="param stripe"><td>Apple</td></tr></table><p class="totop"><a href="#summary">back to summary</a></p>
<h3 id="m38">com.qa.opencart.test.AccountsPageTest#searchProductCountTest</h3><table class="result"><tr class="param"><th>Parameter #1</th></tr><tr class="param stripe"><td>iMac</td></tr></table><p class="totop"><a href="#summary">back to summary</a></p>
<h3 id="m39">com.qa.opencart.test.AccountsPageTest#searchProductTest</h3><table class="result"><tr class="param"><th>Parameter #1</th><th>Parameter #2</th></tr><tr class="param stripe"><td>iMac</td><td>iMac</td></tr></table><p class="totop"><a href="#summary">back to summary</a></p>
<h3 id="m40">com.qa.opencart.test.AccountsPageTest#searchProductTest</h3><table class="result"><tr class="param"><th>Parameter #1</th><th>Parameter #2</th></tr><tr class="param stripe"><td>Macbook</td><td>MacBook Pro</td></tr></table><p class="totop"><a href="#summary">back to summary</a></p>
<h3 id="m41">com.qa.opencart.test.AccountsPageTest#searchProductTest</h3><table class="result"><tr class="param"><th>Parameter #1</th><th>Parameter #2</th></tr><tr class="param stripe"><td>Macbook</td><td>MacBook Air</td></tr></table><p class="totop"><a href="#summary">back to summary</a></p>
<h3 id="m42">com.qa.opencart.test.AccountsPageTest#searchProductTest</h3><table class="result"><tr class="param"><th>Parameter #1</th><th>Parameter #2</th></tr><tr class="param stripe"><td>Apple</td><td>Apple Cinema 30&quot;</td></tr></table><p class="totop"><a href="#summary">back to summary</a></p>
<h3 id="m43">com.qa.opencart.test.AccountsPageTest#searchProductTest</h3><table class="result"><tr class="param"><th>Parameter #1</th><th>Parameter #2</th></tr><tr class="param stripe"><td>Samsung</td><td>Samsung Galaxy Tab 10.1</td></tr></table><p class="totop"><a href="#summary">back to summary</a></p>
<h3 id="m44">com.qa.opencart.test.AccountsPageTest#searchProductTest</h3><table class="result"><tr class="param"><th>Parameter #1</th><th>Parameter #2</th></tr><tr class="param stripe"><td>Samsung</td><td>Samsung SyncMaster 941BW</td></tr></table><p class="totop"><a href="#summary">back to summary</a></p>
</body>
</html>
