<!DOCTYPE html>

<html>
  <head>
  <meta charset='utf-8'>
  <title>TestNG reports</title>

    <link type="text/css" href="testng-reports.css" rel="stylesheet" />
    <script type="text/javascript" src="jquery-1.7.1.min.js"></script>
    <script type="text/javascript" src="testng-reports.js"></script>
    <script type="text/javascript" src="https://www.google.com/jsapi"></script>
    <script type='text/javascript'>
      google.load('visualization', '1', {packages:['table']});
      google.setOnLoadCallback(drawTable);
      var suiteTableInitFunctions = new Array();
      var suiteTableData = new Array();
    </script>
    <!--
      <script type="text/javascript" src="jquery-ui/js/jquery-ui-1.8.16.custom.min.js"></script>
     -->
  </head>

  <body>
    <div class="top-banner-root">
      <span class="top-banner-title-font">Test results</span>
      <br/>
      <span class="top-banner-font-1">1 suite, 10 failed tests</span>
    </div> <!-- top-banner-root -->
    <div class="navigator-root">
      <div class="navigator-suite-header">
        <span>All suites</span>
        <a href="#" class="collapse-all-link" title="Collapse/expand all the suites">
          <img class="collapse-all-icon" src="collapseall.gif">
          </img> <!-- collapse-all-icon -->
        </a> <!-- collapse-all-link -->
      </div> <!-- navigator-suite-header -->
      <div class="suite">
        <div class="rounded-window">
          <div class="suite-header light-rounded-window-top">
            <a href="#" class="navigator-link" panel-name="suite-Opencart_App_Test_Regression_Suite">
              <span class="suite-name border-failed">Opencart App Test Regression Suite</span>
            </a> <!-- navigator-link -->
          </div> <!-- suite-header light-rounded-window-top -->
          <div class="navigator-suite-content">
            <div class="suite-section-title">
              <span>Info</span>
            </div> <!-- suite-section-title -->
            <div class="suite-section-content">
              <ul>
                <li>
                  <a href="#" class="navigator-link " panel-name="test-xml-Opencart_App_Test_Regression_Suite">
                    <span>C:\Users\sanand\eclipse-workspace\FrameworkPracticePOM\src\test\resources\testngRunners\testng_regression.xml</span>
                  </a> <!-- navigator-link  -->
                </li>
                <li>
                  <a href="#" class="navigator-link " panel-name="testlist-Opencart_App_Test_Regression_Suite">
                    <span class="test-stats">4 tests</span>
                  </a> <!-- navigator-link  -->
                </li>
                <li>
                  <a href="#" class="navigator-link " panel-name="group-Opencart_App_Test_Regression_Suite">
                    <span>0 groups</span>
                  </a> <!-- navigator-link  -->
                </li>
                <li>
                  <a href="#" class="navigator-link " panel-name="times-Opencart_App_Test_Regression_Suite">
                    <span>Times</span>
                  </a> <!-- navigator-link  -->
                </li>
                <li>
                  <a href="#" class="navigator-link " panel-name="reporter-Opencart_App_Test_Regression_Suite">
                    <span>Reporter output</span>
                  </a> <!-- navigator-link  -->
                </li>
                <li>
                  <a href="#" class="navigator-link " panel-name="ignored-methods-Opencart_App_Test_Regression_Suite">
                    <span>Ignored methods</span>
                  </a> <!-- navigator-link  -->
                </li>
                <li>
                  <a href="#" class="navigator-link " panel-name="chronological-Opencart_App_Test_Regression_Suite">
                    <span>Chronological view</span>
                  </a> <!-- navigator-link  -->
                </li>
              </ul>
            </div> <!-- suite-section-content -->
            <div class="result-section">
              <div class="suite-section-title">
                <span>Results</span>
              </div> <!-- suite-section-title -->
              <div class="suite-section-content">
                <ul>
                  <li>
                    <span class="method-stats">45 methods, 10 failed,  12 skipped,  23 passed</span>
                  </li>
                  <li>
                    <span class="method-list-title failed">Failed methods</span>
                    <span class="show-or-hide-methods failed">
                      <a href="#" panel-name="suite-Opencart_App_Test_Regression_Suite" class="hide-methods failed suite-Opencart_App_Test_Regression_Suite"> (hide)</a> <!-- hide-methods failed suite-Opencart_App_Test_Regression_Suite -->
                      <a href="#" panel-name="suite-Opencart_App_Test_Regression_Suite" class="show-methods failed suite-Opencart_App_Test_Regression_Suite"> (show)</a> <!-- show-methods failed suite-Opencart_App_Test_Regression_Suite -->
                    </span>
                    <div class="method-list-content failed suite-Opencart_App_Test_Regression_Suite">
                      <span>
                        <img width="3%" src="failed.png"/>
                        <a href="#" class="method navigator-link" panel-name="suite-Opencart_App_Test_Regression_Suite" title="com.qa.opencart.test.ProductPageInfoTest" hash-for-method="addtToCartTest(Macbook, MacBook Pro, 1)">addtToCartTest(Macbook, MacBook Pro, 1)</a> <!-- method navigator-link -->
                      </span>
                      <br/>
                      <span>
                        <img width="3%" src="failed.png"/>
                        <a href="#" class="method navigator-link" panel-name="suite-Opencart_App_Test_Regression_Suite" title="com.qa.opencart.test.ProductPageInfoTest" hash-for-method="addtToCartTest(iMac, iMac, 2)">addtToCartTest(iMac, iMac, 2)</a> <!-- method navigator-link -->
                      </span>
                      <br/>
                      <span>
                        <img width="3%" src="failed.png"/>
                        <a href="#" class="method navigator-link" panel-name="suite-Opencart_App_Test_Regression_Suite" title="com.qa.opencart.test.ProductPageInfoTest" hash-for-method="addtToCartTest(iMac, iMac, 2)">addtToCartTest(iMac, iMac, 2)</a> <!-- method navigator-link -->
                      </span>
                      <br/>
                      <span>
                        <img width="3%" src="failed.png"/>
                        <a href="#" class="method navigator-link" panel-name="suite-Opencart_App_Test_Regression_Suite" title="com.qa.opencart.test.ProductPageInfoTest" hash-for-method="productInfoTest">productInfoTest</a> <!-- method navigator-link -->
                      </span>
                      <br/>
                      <span>
                        <img width="3%" src="failed.png"/>
                        <a href="#" class="method navigator-link" panel-name="suite-Opencart_App_Test_Regression_Suite" title="com.qa.opencart.test.AccountsPageTest" hash-for-method="searchProductCountTest(Naveen)">searchProductCountTest(Naveen)</a> <!-- method navigator-link -->
                      </span>
                      <br/>
                      <span>
                        <img width="3%" src="failed.png"/>
                        <a href="#" class="method navigator-link" panel-name="suite-Opencart_App_Test_Regression_Suite" title="com.qa.opencart.test.RegistrationPageTest" hash-for-method="userRegTest(xyz, abc, 3454323456, tyu@345, yes)">userRegTest(xyz, abc, 3454323456, tyu@345, yes)</a> <!-- method navigator-link -->
                      </span>
                      <br/>
                      <span>
                        <img width="3%" src="failed.png"/>
                        <a href="#" class="method navigator-link" panel-name="suite-Opencart_App_Test_Regression_Suite" title="com.qa.opencart.test.RegistrationPageTest" hash-for-method="userRegTest(sarang, anand, 2345678986, Test@123, yes)">userRegTest(sarang, anand, 2345678986, Test@123, yes)</a> <!-- method navigator-link -->
                      </span>
                      <br/>
                      <span>
                        <img width="3%" src="failed.png"/>
                        <a href="#" class="method navigator-link" panel-name="suite-Opencart_App_Test_Regression_Suite" title="com.qa.opencart.test.RegistrationPageTest" hash-for-method="userRegTest(sajal , anand, 1234567898, ads@123, no)">userRegTest(sajal , anand, 1234567898, ads@123, no)</a> <!-- method navigator-link -->
                      </span>
                      <br/>
                      <span>
                        <img width="3%" src="failed.png"/>
                        <a href="#" class="method navigator-link" panel-name="suite-Opencart_App_Test_Regression_Suite" title="com.qa.opencart.test.RegistrationPageTest" hash-for-method="userRegTest(xyz, abc, 3454323456, tyu@345, yes)">userRegTest(xyz, abc, 3454323456, tyu@345, yes)</a> <!-- method navigator-link -->
                      </span>
                      <br/>
                      <span>
                        <img width="3%" src="failed.png"/>
                        <a href="#" class="method navigator-link" panel-name="suite-Opencart_App_Test_Regression_Suite" title="com.qa.opencart.test.RegistrationPageTest" hash-for-method="userRegTest(sajal , anand, 1234567898, ads@123, no)">userRegTest(sajal , anand, 1234567898, ads@123, no)</a> <!-- method navigator-link -->
                      </span>
                      <br/>
                    </div> <!-- method-list-content failed suite-Opencart_App_Test_Regression_Suite -->
                  </li>
                  <li>
                    <span class="method-list-title skipped">Skipped methods</span>
                    <span class="show-or-hide-methods skipped">
                      <a href="#" panel-name="suite-Opencart_App_Test_Regression_Suite" class="hide-methods skipped suite-Opencart_App_Test_Regression_Suite"> (hide)</a> <!-- hide-methods skipped suite-Opencart_App_Test_Regression_Suite -->
                      <a href="#" panel-name="suite-Opencart_App_Test_Regression_Suite" class="show-methods skipped suite-Opencart_App_Test_Regression_Suite"> (show)</a> <!-- show-methods skipped suite-Opencart_App_Test_Regression_Suite -->
                    </span>
                    <div class="method-list-content skipped suite-Opencart_App_Test_Regression_Suite">
                      <span>
                        <img width="3%" src="skipped.png"/>
                        <a href="#" class="method navigator-link" panel-name="suite-Opencart_App_Test_Regression_Suite" title="com.qa.opencart.test.ProductPageInfoTest" hash-for-method="addtToCartTest(Macbook, MacBook Pro, 1)">addtToCartTest(Macbook, MacBook Pro, 1)</a> <!-- method navigator-link -->
                      </span>
                      <br/>
                      <span>
                        <img width="3%" src="skipped.png"/>
                        <a href="#" class="method navigator-link" panel-name="suite-Opencart_App_Test_Regression_Suite" title="com.qa.opencart.test.ProductPageInfoTest" hash-for-method="addtToCartTest(Macbook, MacBook Pro, 1)">addtToCartTest(Macbook, MacBook Pro, 1)</a> <!-- method navigator-link -->
                      </span>
                      <br/>
                      <span>
                        <img width="3%" src="skipped.png"/>
                        <a href="#" class="method navigator-link" panel-name="suite-Opencart_App_Test_Regression_Suite" title="com.qa.opencart.test.ProductPageInfoTest" hash-for-method="addtToCartTest(Macbook, MacBook Pro, 1)">addtToCartTest(Macbook, MacBook Pro, 1)</a> <!-- method navigator-link -->
                      </span>
                      <br/>
                      <span>
                        <img width="3%" src="skipped.png"/>
                        <a href="#" class="method navigator-link" panel-name="suite-Opencart_App_Test_Regression_Suite" title="com.qa.opencart.test.ProductPageInfoTest" hash-for-method="productInfoTest">productInfoTest</a> <!-- method navigator-link -->
                      </span>
                      <br/>
                      <span>
                        <img width="3%" src="skipped.png"/>
                        <a href="#" class="method navigator-link" panel-name="suite-Opencart_App_Test_Regression_Suite" title="com.qa.opencart.test.ProductPageInfoTest" hash-for-method="productInfoTest">productInfoTest</a> <!-- method navigator-link -->
                      </span>
                      <br/>
                      <span>
                        <img width="3%" src="skipped.png"/>
                        <a href="#" class="method navigator-link" panel-name="suite-Opencart_App_Test_Regression_Suite" title="com.qa.opencart.test.ProductPageInfoTest" hash-for-method="productInfoTest">productInfoTest</a> <!-- method navigator-link -->
                      </span>
                      <br/>
                      <span>
                        <img width="3%" src="skipped.png"/>
                        <a href="#" class="method navigator-link" panel-name="suite-Opencart_App_Test_Regression_Suite" title="com.qa.opencart.test.AccountsPageTest" hash-for-method="searchProductCountTest(Naveen)">searchProductCountTest(Naveen)</a> <!-- method navigator-link -->
                      </span>
                      <br/>
                      <span>
                        <img width="3%" src="skipped.png"/>
                        <a href="#" class="method navigator-link" panel-name="suite-Opencart_App_Test_Regression_Suite" title="com.qa.opencart.test.AccountsPageTest" hash-for-method="searchProductCountTest(Naveen)">searchProductCountTest(Naveen)</a> <!-- method navigator-link -->
                      </span>
                      <br/>
                      <span>
                        <img width="3%" src="skipped.png"/>
                        <a href="#" class="method navigator-link" panel-name="suite-Opencart_App_Test_Regression_Suite" title="com.qa.opencart.test.AccountsPageTest" hash-for-method="searchProductCountTest(Naveen)">searchProductCountTest(Naveen)</a> <!-- method navigator-link -->
                      </span>
                      <br/>
                      <span>
                        <img width="3%" src="skipped.png"/>
                        <a href="#" class="method navigator-link" panel-name="suite-Opencart_App_Test_Regression_Suite" title="com.qa.opencart.test.RegistrationPageTest" hash-for-method="userRegTest(sarang, anand, 2345678986, Test@123, yes)">userRegTest(sarang, anand, 2345678986, Test@123, yes)</a> <!-- method navigator-link -->
                      </span>
                      <br/>
                      <span>
                        <img width="3%" src="skipped.png"/>
                        <a href="#" class="method navigator-link" panel-name="suite-Opencart_App_Test_Regression_Suite" title="com.qa.opencart.test.RegistrationPageTest" hash-for-method="userRegTest(sarang, anand, 2345678986, Test@123, yes)">userRegTest(sarang, anand, 2345678986, Test@123, yes)</a> <!-- method navigator-link -->
                      </span>
                      <br/>
                      <span>
                        <img width="3%" src="skipped.png"/>
                        <a href="#" class="method navigator-link" panel-name="suite-Opencart_App_Test_Regression_Suite" title="com.qa.opencart.test.RegistrationPageTest" hash-for-method="userRegTest(sarang, anand, 2345678986, Test@123, yes)">userRegTest(sarang, anand, 2345678986, Test@123, yes)</a> <!-- method navigator-link -->
                      </span>
                      <br/>
                    </div> <!-- method-list-content skipped suite-Opencart_App_Test_Regression_Suite -->
                  </li>
                  <li>
                    <span class="method-list-title passed">Passed methods</span>
                    <span class="show-or-hide-methods passed">
                      <a href="#" panel-name="suite-Opencart_App_Test_Regression_Suite" class="hide-methods passed suite-Opencart_App_Test_Regression_Suite"> (hide)</a> <!-- hide-methods passed suite-Opencart_App_Test_Regression_Suite -->
                      <a href="#" panel-name="suite-Opencart_App_Test_Regression_Suite" class="show-methods passed suite-Opencart_App_Test_Regression_Suite"> (show)</a> <!-- show-methods passed suite-Opencart_App_Test_Regression_Suite -->
                    </span>
                    <div class="method-list-content passed suite-Opencart_App_Test_Regression_Suite">
                      <span>
                        <img width="3%" src="passed.png"/>
                        <a href="#" class="method navigator-link" panel-name="suite-Opencart_App_Test_Regression_Suite" title="com.qa.opencart.test.AccountsPageTest" hash-for-method="accPageHeadersCountTest">accPageHeadersCountTest</a> <!-- method navigator-link -->
                      </span>
                      <br/>
                      <span>
                        <img width="3%" src="passed.png"/>
                        <a href="#" class="method navigator-link" panel-name="suite-Opencart_App_Test_Regression_Suite" title="com.qa.opencart.test.AccountsPageTest" hash-for-method="accPageHeadersValueTest">accPageHeadersValueTest</a> <!-- method navigator-link -->
                      </span>
                      <br/>
                      <span>
                        <img width="3%" src="passed.png"/>
                        <a href="#" class="method navigator-link" panel-name="suite-Opencart_App_Test_Regression_Suite" title="com.qa.opencart.test.AccountsPageTest" hash-for-method="accPageTitleTest">accPageTitleTest</a> <!-- method navigator-link -->
                      </span>
                      <br/>
                      <span>
                        <img width="3%" src="passed.png"/>
                        <a href="#" class="method navigator-link" panel-name="suite-Opencart_App_Test_Regression_Suite" title="com.qa.opencart.test.AccountsPageTest" hash-for-method="accPageURLTest">accPageURLTest</a> <!-- method navigator-link -->
                      </span>
                      <br/>
                      <span>
                        <img width="3%" src="passed.png"/>
                        <a href="#" class="method navigator-link" panel-name="suite-Opencart_App_Test_Regression_Suite" title="com.qa.opencart.test.LoginPageTest" hash-for-method="forgotPwdLinkExistTest">forgotPwdLinkExistTest</a> <!-- method navigator-link -->
                      </span>
                      <br/>
                      <span>
                        <img width="3%" src="passed.png"/>
                        <a href="#" class="method navigator-link" panel-name="suite-Opencart_App_Test_Regression_Suite" title="com.qa.opencart.test.AccountsPageTest" hash-for-method="isLogoutLinkExistTest">isLogoutLinkExistTest</a> <!-- method navigator-link -->
                      </span>
                      <br/>
                      <span>
                        <img width="3%" src="passed.png"/>
                        <a href="#" class="method navigator-link" panel-name="suite-Opencart_App_Test_Regression_Suite" title="com.qa.opencart.test.LoginPageTest" hash-for-method="loginPageTitleTest">loginPageTitleTest</a> <!-- method navigator-link -->
                      </span>
                      <br/>
                      <span>
                        <img width="3%" src="passed.png"/>
                        <a href="#" class="method navigator-link" panel-name="suite-Opencart_App_Test_Regression_Suite" title="com.qa.opencart.test.LoginPageTest" hash-for-method="loginPageURLTest">loginPageURLTest</a> <!-- method navigator-link -->
                      </span>
                      <br/>
                      <span>
                        <img width="3%" src="passed.png"/>
                        <a href="#" class="method navigator-link" panel-name="suite-Opencart_App_Test_Regression_Suite" title="com.qa.opencart.test.LoginPageTest" hash-for-method="loginTest">loginTest</a> <!-- method navigator-link -->
                      </span>
                      <br/>
                      <span>
                        <img width="3%" src="passed.png"/>
                        <a href="#" class="method navigator-link" panel-name="suite-Opencart_App_Test_Regression_Suite" title="com.qa.opencart.test.ProductPageInfoTest" hash-for-method="productImagesCountTest(Macbook, MacBook Pro, 4)">productImagesCountTest(Macbook, MacBook Pro, 4)</a> <!-- method navigator-link -->
                      </span>
                      <br/>
                      <span>
                        <img width="3%" src="passed.png"/>
                        <a href="#" class="method navigator-link" panel-name="suite-Opencart_App_Test_Regression_Suite" title="com.qa.opencart.test.ProductPageInfoTest" hash-for-method="productImagesCountTest(iMac, iMac, 3)">productImagesCountTest(iMac, iMac, 3)</a> <!-- method navigator-link -->
                      </span>
                      <br/>
                      <span>
                        <img width="3%" src="passed.png"/>
                        <a href="#" class="method navigator-link" panel-name="suite-Opencart_App_Test_Regression_Suite" title="com.qa.opencart.test.ProductPageInfoTest" hash-for-method="productImagesCountTest(Samsung, Samsung SyncMaster 941BW, 1)">productImagesCountTest(Samsung, Samsung SyncMaster 941BW, 1)</a> <!-- method navigator-link -->
                      </span>
                      <br/>
                      <span>
                        <img width="3%" src="passed.png"/>
                        <a href="#" class="method navigator-link" panel-name="suite-Opencart_App_Test_Regression_Suite" title="com.qa.opencart.test.ProductPageInfoTest" hash-for-method="productImagesCountTest(Apple, Apple Cinema 30&quot;, 6)">productImagesCountTest(Apple, Apple Cinema 30", 6)</a> <!-- method navigator-link -->
                      </span>
                      <br/>
                      <span>
                        <img width="3%" src="passed.png"/>
                        <a href="#" class="method navigator-link" panel-name="suite-Opencart_App_Test_Regression_Suite" title="com.qa.opencart.test.AccountsPageTest" hash-for-method="searchProductCountTest(Samsung)">searchProductCountTest(Samsung)</a> <!-- method navigator-link -->
                      </span>
                      <br/>
                      <span>
                        <img width="3%" src="passed.png"/>
                        <a href="#" class="method navigator-link" panel-name="suite-Opencart_App_Test_Regression_Suite" title="com.qa.opencart.test.AccountsPageTest" hash-for-method="searchProductCountTest(Macbook)">searchProductCountTest(Macbook)</a> <!-- method navigator-link -->
                      </span>
                      <br/>
                      <span>
                        <img width="3%" src="passed.png"/>
                        <a href="#" class="method navigator-link" panel-name="suite-Opencart_App_Test_Regression_Suite" title="com.qa.opencart.test.AccountsPageTest" hash-for-method="searchProductCountTest(Apple)">searchProductCountTest(Apple)</a> <!-- method navigator-link -->
                      </span>
                      <br/>
                      <span>
                        <img width="3%" src="passed.png"/>
                        <a href="#" class="method navigator-link" panel-name="suite-Opencart_App_Test_Regression_Suite" title="com.qa.opencart.test.AccountsPageTest" hash-for-method="searchProductCountTest(iMac)">searchProductCountTest(iMac)</a> <!-- method navigator-link -->
                      </span>
                      <br/>
                      <span>
                        <img width="3%" src="passed.png"/>
                        <a href="#" class="method navigator-link" panel-name="suite-Opencart_App_Test_Regression_Suite" title="com.qa.opencart.test.AccountsPageTest" hash-for-method="searchProductTest(iMac, iMac)">searchProductTest(iMac, iMac)</a> <!-- method navigator-link -->
                      </span>
                      <br/>
                      <span>
                        <img width="3%" src="passed.png"/>
                        <a href="#" class="method navigator-link" panel-name="suite-Opencart_App_Test_Regression_Suite" title="com.qa.opencart.test.AccountsPageTest" hash-for-method="searchProductTest(Macbook, MacBook Pro)">searchProductTest(Macbook, MacBook Pro)</a> <!-- method navigator-link -->
                      </span>
                      <br/>
                      <span>
                        <img width="3%" src="passed.png"/>
                        <a href="#" class="method navigator-link" panel-name="suite-Opencart_App_Test_Regression_Suite" title="com.qa.opencart.test.AccountsPageTest" hash-for-method="searchProductTest(Macbook, MacBook Air)">searchProductTest(Macbook, MacBook Air)</a> <!-- method navigator-link -->
                      </span>
                      <br/>
                      <span>
                        <img width="3%" src="passed.png"/>
                        <a href="#" class="method navigator-link" panel-name="suite-Opencart_App_Test_Regression_Suite" title="com.qa.opencart.test.AccountsPageTest" hash-for-method="searchProductTest(Apple, Apple Cinema 30&quot;)">searchProductTest(Apple, Apple Cinema 30")</a> <!-- method navigator-link -->
                      </span>
                      <br/>
                      <span>
                        <img width="3%" src="passed.png"/>
                        <a href="#" class="method navigator-link" panel-name="suite-Opencart_App_Test_Regression_Suite" title="com.qa.opencart.test.AccountsPageTest" hash-for-method="searchProductTest(Samsung, Samsung Galaxy Tab 10.1)">searchProductTest(Samsung, Samsung Galaxy Tab 10.1)</a> <!-- method navigator-link -->
                      </span>
                      <br/>
                      <span>
                        <img width="3%" src="passed.png"/>
                        <a href="#" class="method navigator-link" panel-name="suite-Opencart_App_Test_Regression_Suite" title="com.qa.opencart.test.AccountsPageTest" hash-for-method="searchProductTest(Samsung, Samsung SyncMaster 941BW)">searchProductTest(Samsung, Samsung SyncMaster 941BW)</a> <!-- method navigator-link -->
                      </span>
                      <br/>
                    </div> <!-- method-list-content passed suite-Opencart_App_Test_Regression_Suite -->
                  </li>
                </ul>
              </div> <!-- suite-section-content -->
            </div> <!-- result-section -->
          </div> <!-- navigator-suite-content -->
        </div> <!-- rounded-window -->
      </div> <!-- suite -->
    </div> <!-- navigator-root -->
    <div class="wrapper">
      <div class="main-panel-root">
        <div panel-name="suite-Opencart_App_Test_Regression_Suite" class="panel Opencart_App_Test_Regression_Suite">
          <div class="suite-Opencart_App_Test_Regression_Suite-class-failed">
            <div class="main-panel-header rounded-window-top">
              <img src="failed.png"/>
              <span class="class-name">com.qa.opencart.test.RegistrationPageTest</span>
            </div> <!-- main-panel-header rounded-window-top -->
            <div class="main-panel-content rounded-window-bottom">
              <div class="method">
                <div class="method-content">
                  <a name="userRegTest(xyz, abc, 3454323456, tyu@345, yes)">
                  </a> <!-- userRegTest(xyz, abc, 3454323456, tyu@345, yes) -->
                  <span class="method-name">userRegTest</span>
                  <span class="parameters">(xyz, abc, 3454323456, tyu@345, yes)</span>
                  <div class="stack-trace">org.openqa.selenium.interactions.MoveTargetOutOfBoundsException: (855, 661) is out of bounds of viewport width (1360) and height (643)
Build info: version: &apos;4.7.2&apos;, revision: &apos;4d4020c3b7&apos;
System info: os.name: &apos;Windows 10&apos;, os.arch: &apos;amd64&apos;, os.version: &apos;10.0&apos;, java.version: &apos;1.8.0_202&apos;
Driver info: org.openqa.selenium.firefox.FirefoxDriver
Command: [3d55d3f7-5538-4a8a-aaf5-73625c5ea08e, actions {actions=[org.openqa.selenium.interactions.Sequence@30b46ae3]}]
Capabilities {acceptInsecureCerts: true, browserName: firefox, browserVersion: 110.0.1, moz:accessibilityChecks: false, moz:buildID: 20230227191043, moz:debuggerAddress: 127.0.0.1:26427, moz:geckodriverVersion: 0.32.2, moz:headless: false, moz:platformVersion: 10.0, moz:processID: 10500, moz:profile: C:\Users\sanand\AppData\Loc..., moz:shutdownTimeout: 60000, moz:useNonSpecCompliantPointerOrigin: false, moz:webdriverClick: true, moz:windowless: false, pageLoadStrategy: normal, platformName: WINDOWS, proxy: Proxy(), se:cdp: ws://127.0.0.1:26427/devtoo..., se:cdpVersion: 85.0, setWindowRect: true, strictFileInteractability: false, timeouts: {implicit: 0, pageLoad: 300000, script: 30000}, unhandledPromptBehavior: dismiss and notify}
Session ID: 3d55d3f7-5538-4a8a-aaf5-73625c5ea08e
	at org.openqa.selenium.remote.codec.w3c.W3CHttpResponseCodec.createException(W3CHttpResponseCodec.java:200)
	at org.openqa.selenium.remote.codec.w3c.W3CHttpResponseCodec.decode(W3CHttpResponseCodec.java:133)
	at org.openqa.selenium.remote.codec.w3c.W3CHttpResponseCodec.decode(W3CHttpResponseCodec.java:53)
	at org.openqa.selenium.remote.HttpCommandExecutor.execute(HttpCommandExecutor.java:184)
	at org.openqa.selenium.remote.service.DriverCommandExecutor.invokeExecute(DriverCommandExecutor.java:167)
	at org.openqa.selenium.remote.service.DriverCommandExecutor.execute(DriverCommandExecutor.java:142)
	at org.openqa.selenium.remote.RemoteWebDriver.execute(RemoteWebDriver.java:535)
	at org.openqa.selenium.remote.RemoteWebDriver.perform(RemoteWebDriver.java:603)
	at org.openqa.selenium.interactions.Actions$BuiltAction.perform(Actions.java:567)
	at com.qa.opencart.utils.ElementUtil.doActionsCick(ElementUtil.java:64)
	at com.qa.opencart.PageLayer.RegistrationPage.registerUser(RegistrationPage.java:60)
	at com.qa.opencart.test.RegistrationPageTest.userRegTest(RegistrationPageTest.java:43)
	at java.util.concurrent.FutureTask.run(FutureTask.java:266)
	at java.util.concurrent.ThreadPoolExecutor.runWorker(ThreadPoolExecutor.java:1149)
	at java.util.concurrent.ThreadPoolExecutor$Worker.run(ThreadPoolExecutor.java:624)
	at java.lang.Thread.run(Thread.java:748)
... Removed 20 stack frames
</div> <!-- stack-trace -->
                </div> <!-- method-content -->
              </div> <!-- method -->
              <div class="method">
                <div class="method-content">
                  <a name="userRegTest(sarang, anand, 2345678986, Test@123, yes)">
                  </a> <!-- userRegTest(sarang, anand, 2345678986, Test@123, yes) -->
                  <span class="method-name">userRegTest</span>
                  <span class="parameters">(sarang, anand, 2345678986, Test@123, yes)</span>
                  <div class="stack-trace">org.openqa.selenium.interactions.MoveTargetOutOfBoundsException: (855, 661) is out of bounds of viewport width (1360) and height (643)
Build info: version: &apos;4.7.2&apos;, revision: &apos;4d4020c3b7&apos;
System info: os.name: &apos;Windows 10&apos;, os.arch: &apos;amd64&apos;, os.version: &apos;10.0&apos;, java.version: &apos;1.8.0_202&apos;
Driver info: org.openqa.selenium.firefox.FirefoxDriver
Command: [3d55d3f7-5538-4a8a-aaf5-73625c5ea08e, actions {actions=[org.openqa.selenium.interactions.Sequence@500d1a30]}]
Capabilities {acceptInsecureCerts: true, browserName: firefox, browserVersion: 110.0.1, moz:accessibilityChecks: false, moz:buildID: 20230227191043, moz:debuggerAddress: 127.0.0.1:26427, moz:geckodriverVersion: 0.32.2, moz:headless: false, moz:platformVersion: 10.0, moz:processID: 10500, moz:profile: C:\Users\sanand\AppData\Loc..., moz:shutdownTimeout: 60000, moz:useNonSpecCompliantPointerOrigin: false, moz:webdriverClick: true, moz:windowless: false, pageLoadStrategy: normal, platformName: WINDOWS, proxy: Proxy(), se:cdp: ws://127.0.0.1:26427/devtoo..., se:cdpVersion: 85.0, setWindowRect: true, strictFileInteractability: false, timeouts: {implicit: 0, pageLoad: 300000, script: 30000}, unhandledPromptBehavior: dismiss and notify}
Session ID: 3d55d3f7-5538-4a8a-aaf5-73625c5ea08e
	at org.openqa.selenium.remote.codec.w3c.W3CHttpResponseCodec.createException(W3CHttpResponseCodec.java:200)
	at org.openqa.selenium.remote.codec.w3c.W3CHttpResponseCodec.decode(W3CHttpResponseCodec.java:133)
	at org.openqa.selenium.remote.codec.w3c.W3CHttpResponseCodec.decode(W3CHttpResponseCodec.java:53)
	at org.openqa.selenium.remote.HttpCommandExecutor.execute(HttpCommandExecutor.java:184)
	at org.openqa.selenium.remote.service.DriverCommandExecutor.invokeExecute(DriverCommandExecutor.java:167)
	at org.openqa.selenium.remote.service.DriverCommandExecutor.execute(DriverCommandExecutor.java:142)
	at org.openqa.selenium.remote.RemoteWebDriver.execute(RemoteWebDriver.java:535)
	at org.openqa.selenium.remote.RemoteWebDriver.perform(RemoteWebDriver.java:603)
	at org.openqa.selenium.interactions.Actions$BuiltAction.perform(Actions.java:567)
	at com.qa.opencart.utils.ElementUtil.doActionsCick(ElementUtil.java:64)
	at com.qa.opencart.PageLayer.RegistrationPage.registerUser(RegistrationPage.java:60)
	at com.qa.opencart.test.RegistrationPageTest.userRegTest(RegistrationPageTest.java:43)
	at java.util.concurrent.FutureTask.run(FutureTask.java:266)
	at java.util.concurrent.ThreadPoolExecutor.runWorker(ThreadPoolExecutor.java:1149)
	at java.util.concurrent.ThreadPoolExecutor$Worker.run(ThreadPoolExecutor.java:624)
	at java.lang.Thread.run(Thread.java:748)
... Removed 20 stack frames
</div> <!-- stack-trace -->
                </div> <!-- method-content -->
              </div> <!-- method -->
              <div class="method">
                <div class="method-content">
                  <a name="userRegTest(sajal , anand, 1234567898, ads@123, no)">
                  </a> <!-- userRegTest(sajal , anand, 1234567898, ads@123, no) -->
                  <span class="method-name">userRegTest</span>
                  <span class="parameters">(sajal , anand, 1234567898, ads@123, no)</span>
                  <div class="stack-trace">org.openqa.selenium.interactions.MoveTargetOutOfBoundsException: (855, 661) is out of bounds of viewport width (1360) and height (643)
Build info: version: &apos;4.7.2&apos;, revision: &apos;4d4020c3b7&apos;
System info: os.name: &apos;Windows 10&apos;, os.arch: &apos;amd64&apos;, os.version: &apos;10.0&apos;, java.version: &apos;1.8.0_202&apos;
Driver info: org.openqa.selenium.firefox.FirefoxDriver
Command: [3d55d3f7-5538-4a8a-aaf5-73625c5ea08e, actions {actions=[org.openqa.selenium.interactions.Sequence@5465798d]}]
Capabilities {acceptInsecureCerts: true, browserName: firefox, browserVersion: 110.0.1, moz:accessibilityChecks: false, moz:buildID: 20230227191043, moz:debuggerAddress: 127.0.0.1:26427, moz:geckodriverVersion: 0.32.2, moz:headless: false, moz:platformVersion: 10.0, moz:processID: 10500, moz:profile: C:\Users\sanand\AppData\Loc..., moz:shutdownTimeout: 60000, moz:useNonSpecCompliantPointerOrigin: false, moz:webdriverClick: true, moz:windowless: false, pageLoadStrategy: normal, platformName: WINDOWS, proxy: Proxy(), se:cdp: ws://127.0.0.1:26427/devtoo..., se:cdpVersion: 85.0, setWindowRect: true, strictFileInteractability: false, timeouts: {implicit: 0, pageLoad: 300000, script: 30000}, unhandledPromptBehavior: dismiss and notify}
Session ID: 3d55d3f7-5538-4a8a-aaf5-73625c5ea08e
	at org.openqa.selenium.remote.codec.w3c.W3CHttpResponseCodec.createException(W3CHttpResponseCodec.java:200)
	at org.openqa.selenium.remote.codec.w3c.W3CHttpResponseCodec.decode(W3CHttpResponseCodec.java:133)
	at org.openqa.selenium.remote.codec.w3c.W3CHttpResponseCodec.decode(W3CHttpResponseCodec.java:53)
	at org.openqa.selenium.remote.HttpCommandExecutor.execute(HttpCommandExecutor.java:184)
	at org.openqa.selenium.remote.service.DriverCommandExecutor.invokeExecute(DriverCommandExecutor.java:167)
	at org.openqa.selenium.remote.service.DriverCommandExecutor.execute(DriverCommandExecutor.java:142)
	at org.openqa.selenium.remote.RemoteWebDriver.execute(RemoteWebDriver.java:535)
	at org.openqa.selenium.remote.RemoteWebDriver.perform(RemoteWebDriver.java:603)
	at org.openqa.selenium.interactions.Actions$BuiltAction.perform(Actions.java:567)
	at com.qa.opencart.utils.ElementUtil.doActionsCick(ElementUtil.java:64)
	at com.qa.opencart.PageLayer.RegistrationPage.registerUser(RegistrationPage.java:60)
	at com.qa.opencart.test.RegistrationPageTest.userRegTest(RegistrationPageTest.java:43)
	at java.util.concurrent.FutureTask.run(FutureTask.java:266)
	at java.util.concurrent.ThreadPoolExecutor.runWorker(ThreadPoolExecutor.java:1149)
	at java.util.concurrent.ThreadPoolExecutor$Worker.run(ThreadPoolExecutor.java:624)
	at java.lang.Thread.run(Thread.java:748)
... Removed 20 stack frames
</div> <!-- stack-trace -->
                </div> <!-- method-content -->
              </div> <!-- method -->
              <div class="method">
                <div class="method-content">
                  <a name="userRegTest(xyz, abc, 3454323456, tyu@345, yes)">
                  </a> <!-- userRegTest(xyz, abc, 3454323456, tyu@345, yes) -->
                  <span class="method-name">userRegTest</span>
                  <span class="parameters">(xyz, abc, 3454323456, tyu@345, yes)</span>
                  <div class="stack-trace">org.openqa.selenium.interactions.MoveTargetOutOfBoundsException: (855, 661) is out of bounds of viewport width (1360) and height (643)
Build info: version: &apos;4.7.2&apos;, revision: &apos;4d4020c3b7&apos;
System info: os.name: &apos;Windows 10&apos;, os.arch: &apos;amd64&apos;, os.version: &apos;10.0&apos;, java.version: &apos;1.8.0_202&apos;
Driver info: org.openqa.selenium.firefox.FirefoxDriver
Command: [3d55d3f7-5538-4a8a-aaf5-73625c5ea08e, actions {actions=[org.openqa.selenium.interactions.Sequence@3544ecef]}]
Capabilities {acceptInsecureCerts: true, browserName: firefox, browserVersion: 110.0.1, moz:accessibilityChecks: false, moz:buildID: 20230227191043, moz:debuggerAddress: 127.0.0.1:26427, moz:geckodriverVersion: 0.32.2, moz:headless: false, moz:platformVersion: 10.0, moz:processID: 10500, moz:profile: C:\Users\sanand\AppData\Loc..., moz:shutdownTimeout: 60000, moz:useNonSpecCompliantPointerOrigin: false, moz:webdriverClick: true, moz:windowless: false, pageLoadStrategy: normal, platformName: WINDOWS, proxy: Proxy(), se:cdp: ws://127.0.0.1:26427/devtoo..., se:cdpVersion: 85.0, setWindowRect: true, strictFileInteractability: false, timeouts: {implicit: 0, pageLoad: 300000, script: 30000}, unhandledPromptBehavior: dismiss and notify}
Session ID: 3d55d3f7-5538-4a8a-aaf5-73625c5ea08e
	at org.openqa.selenium.remote.codec.w3c.W3CHttpResponseCodec.createException(W3CHttpResponseCodec.java:200)
	at org.openqa.selenium.remote.codec.w3c.W3CHttpResponseCodec.decode(W3CHttpResponseCodec.java:133)
	at org.openqa.selenium.remote.codec.w3c.W3CHttpResponseCodec.decode(W3CHttpResponseCodec.java:53)
	at org.openqa.selenium.remote.HttpCommandExecutor.execute(HttpCommandExecutor.java:184)
	at org.openqa.selenium.remote.service.DriverCommandExecutor.invokeExecute(DriverCommandExecutor.java:167)
	at org.openqa.selenium.remote.service.DriverCommandExecutor.execute(DriverCommandExecutor.java:142)
	at org.openqa.selenium.remote.RemoteWebDriver.execute(RemoteWebDriver.java:535)
	at org.openqa.selenium.remote.RemoteWebDriver.perform(RemoteWebDriver.java:603)
	at org.openqa.selenium.interactions.Actions$BuiltAction.perform(Actions.java:567)
	at com.qa.opencart.utils.ElementUtil.doActionsCick(ElementUtil.java:64)
	at com.qa.opencart.PageLayer.RegistrationPage.registerUser(RegistrationPage.java:60)
	at com.qa.opencart.test.RegistrationPageTest.userRegTest(RegistrationPageTest.java:43)
	at java.util.concurrent.FutureTask.run(FutureTask.java:266)
	at java.util.concurrent.ThreadPoolExecutor.runWorker(ThreadPoolExecutor.java:1149)
	at java.util.concurrent.ThreadPoolExecutor$Worker.run(ThreadPoolExecutor.java:624)
	at java.lang.Thread.run(Thread.java:748)
... Removed 20 stack frames
</div> <!-- stack-trace -->
                </div> <!-- method-content -->
              </div> <!-- method -->
              <div class="method">
                <div class="method-content">
                  <a name="userRegTest(sajal , anand, 1234567898, ads@123, no)">
                  </a> <!-- userRegTest(sajal , anand, 1234567898, ads@123, no) -->
                  <span class="method-name">userRegTest</span>
                  <span class="parameters">(sajal , anand, 1234567898, ads@123, no)</span>
                  <div class="stack-trace">org.openqa.selenium.interactions.MoveTargetOutOfBoundsException: (855, 661) is out of bounds of viewport width (1360) and height (643)
Build info: version: &apos;4.7.2&apos;, revision: &apos;4d4020c3b7&apos;
System info: os.name: &apos;Windows 10&apos;, os.arch: &apos;amd64&apos;, os.version: &apos;10.0&apos;, java.version: &apos;1.8.0_202&apos;
Driver info: org.openqa.selenium.firefox.FirefoxDriver
Command: [3d55d3f7-5538-4a8a-aaf5-73625c5ea08e, actions {actions=[org.openqa.selenium.interactions.Sequence@2c8682e4]}]
Capabilities {acceptInsecureCerts: true, browserName: firefox, browserVersion: 110.0.1, moz:accessibilityChecks: false, moz:buildID: 20230227191043, moz:debuggerAddress: 127.0.0.1:26427, moz:geckodriverVersion: 0.32.2, moz:headless: false, moz:platformVersion: 10.0, moz:processID: 10500, moz:profile: C:\Users\sanand\AppData\Loc..., moz:shutdownTimeout: 60000, moz:useNonSpecCompliantPointerOrigin: false, moz:webdriverClick: true, moz:windowless: false, pageLoadStrategy: normal, platformName: WINDOWS, proxy: Proxy(), se:cdp: ws://127.0.0.1:26427/devtoo..., se:cdpVersion: 85.0, setWindowRect: true, strictFileInteractability: false, timeouts: {implicit: 0, pageLoad: 300000, script: 30000}, unhandledPromptBehavior: dismiss and notify}
Session ID: 3d55d3f7-5538-4a8a-aaf5-73625c5ea08e
	at org.openqa.selenium.remote.codec.w3c.W3CHttpResponseCodec.createException(W3CHttpResponseCodec.java:200)
	at org.openqa.selenium.remote.codec.w3c.W3CHttpResponseCodec.decode(W3CHttpResponseCodec.java:133)
	at org.openqa.selenium.remote.codec.w3c.W3CHttpResponseCodec.decode(W3CHttpResponseCodec.java:53)
	at org.openqa.selenium.remote.HttpCommandExecutor.execute(HttpCommandExecutor.java:184)
	at org.openqa.selenium.remote.service.DriverCommandExecutor.invokeExecute(DriverCommandExecutor.java:167)
	at org.openqa.selenium.remote.service.DriverCommandExecutor.execute(DriverCommandExecutor.java:142)
	at org.openqa.selenium.remote.RemoteWebDriver.execute(RemoteWebDriver.java:535)
	at org.openqa.selenium.remote.RemoteWebDriver.perform(RemoteWebDriver.java:603)
	at org.openqa.selenium.interactions.Actions$BuiltAction.perform(Actions.java:567)
	at com.qa.opencart.utils.ElementUtil.doActionsCick(ElementUtil.java:64)
	at com.qa.opencart.PageLayer.RegistrationPage.registerUser(RegistrationPage.java:60)
	at com.qa.opencart.test.RegistrationPageTest.userRegTest(RegistrationPageTest.java:43)
	at java.util.concurrent.FutureTask.run(FutureTask.java:266)
	at java.util.concurrent.ThreadPoolExecutor.runWorker(ThreadPoolExecutor.java:1149)
	at java.util.concurrent.ThreadPoolExecutor$Worker.run(ThreadPoolExecutor.java:624)
	at java.lang.Thread.run(Thread.java:748)
... Removed 20 stack frames
</div> <!-- stack-trace -->
                </div> <!-- method-content -->
              </div> <!-- method -->
            </div> <!-- main-panel-content rounded-window-bottom -->
          </div> <!-- suite-Opencart_App_Test_Regression_Suite-class-failed -->
          <div class="suite-Opencart_App_Test_Regression_Suite-class-failed">
            <div class="main-panel-header rounded-window-top">
              <img src="failed.png"/>
              <span class="class-name">com.qa.opencart.test.AccountsPageTest</span>
            </div> <!-- main-panel-header rounded-window-top -->
            <div class="main-panel-content rounded-window-bottom">
              <div class="method">
                <div class="method-content">
                  <a name="searchProductCountTest(Naveen)">
                  </a> <!-- searchProductCountTest(Naveen) -->
                  <span class="method-name">searchProductCountTest</span>
                  <span class="parameters">(Naveen)</span>
                  <div class="stack-trace">org.openqa.selenium.TimeoutException: Expected condition failed: waiting for visibility of all elements located by By.cssSelector: div#content div.product-layout (tried for 10 second(s) with 500 milliseconds interval)
Build info: version: &apos;4.7.2&apos;, revision: &apos;4d4020c3b7&apos;
System info: os.name: &apos;Windows 10&apos;, os.arch: &apos;amd64&apos;, os.version: &apos;10.0&apos;, java.version: &apos;1.8.0_202&apos;
Driver info: org.openqa.selenium.firefox.FirefoxDriver
Capabilities {acceptInsecureCerts: true, browserName: firefox, browserVersion: 110.0.1, moz:accessibilityChecks: false, moz:buildID: 20230227191043, moz:debuggerAddress: 127.0.0.1:24326, moz:geckodriverVersion: 0.32.2, moz:headless: false, moz:platformVersion: 10.0, moz:processID: 15288, moz:profile: C:\Users\sanand\AppData\Loc..., moz:shutdownTimeout: 60000, moz:useNonSpecCompliantPointerOrigin: false, moz:webdriverClick: true, moz:windowless: false, pageLoadStrategy: normal, platformName: WINDOWS, proxy: Proxy(), se:cdp: ws://127.0.0.1:24326/devtoo..., se:cdpVersion: 85.0, setWindowRect: true, strictFileInteractability: false, timeouts: {implicit: 0, pageLoad: 300000, script: 30000}, unhandledPromptBehavior: dismiss and notify}
Session ID: accc375f-e270-4278-9a2e-4a9f11cd469d
	at org.openqa.selenium.support.ui.WebDriverWait.timeoutException(WebDriverWait.java:87)
	at org.openqa.selenium.support.ui.FluentWait.until(FluentWait.java:231)
	at com.qa.opencart.utils.ElementUtil.waitForElementsVisible(ElementUtil.java:212)
	at com.qa.opencart.PageLayer.SearchPage.getSearchProductsCount(SearchPage.java:23)
	at com.qa.opencart.test.AccountsPageTest.searchProductCountTest(AccountsPageTest.java:67)
	at java.util.concurrent.FutureTask.run(FutureTask.java:266)
	at java.util.concurrent.ThreadPoolExecutor.runWorker(ThreadPoolExecutor.java:1149)
	at java.util.concurrent.ThreadPoolExecutor$Worker.run(ThreadPoolExecutor.java:624)
	at java.lang.Thread.run(Thread.java:748)
... Removed 16 stack frames
</div> <!-- stack-trace -->
                </div> <!-- method-content -->
              </div> <!-- method -->
            </div> <!-- main-panel-content rounded-window-bottom -->
          </div> <!-- suite-Opencart_App_Test_Regression_Suite-class-failed -->
          <div class="suite-Opencart_App_Test_Regression_Suite-class-failed">
            <div class="main-panel-header rounded-window-top">
              <img src="failed.png"/>
              <span class="class-name">com.qa.opencart.test.ProductPageInfoTest</span>
            </div> <!-- main-panel-header rounded-window-top -->
            <div class="main-panel-content rounded-window-bottom">
              <div class="method">
                <div class="method-content">
                  <a name="addtToCartTest(Macbook, MacBook Pro, 1)">
                  </a> <!-- addtToCartTest(Macbook, MacBook Pro, 1) -->
                  <span class="method-name">addtToCartTest</span>
                  <span class="parameters">(Macbook, MacBook Pro, 1)</span>
                  <div class="stack-trace">java.lang.AssertionError: The following asserts failed:
	expected [Success :  You have added MacBook Pro to your shopping cart!] but found [Success: You have added MacBook Pro to your shopping cart!],
	expected [true] but found [false],
	expected [Success :  You have added MacBook Pro to your shopping cart!] but found [Success: You have added MacBook Pro to your shopping cart!],
	expected [true] but found [false],
	expected [Success :  You have added MacBook Pro to your shopping cart!] but found [Success: You have added MacBook Pro to your shopping cart!],
	expected [true] but found [false],
	expected [Success :  You have added MacBook Pro to your shopping cart!] but found [Success: You have added MacBook Pro to your shopping cart!],
	expected [true] but found [false]
	at com.qa.opencart.test.ProductPageInfoTest.addtToCartTest(ProductPageInfoTest.java:102)
	at java.util.concurrent.FutureTask.run(FutureTask.java:266)
	at java.util.concurrent.ThreadPoolExecutor.runWorker(ThreadPoolExecutor.java:1149)
	at java.util.concurrent.ThreadPoolExecutor$Worker.run(ThreadPoolExecutor.java:624)
	at java.lang.Thread.run(Thread.java:748)
... Removed 17 stack frames
</div> <!-- stack-trace -->
                </div> <!-- method-content -->
              </div> <!-- method -->
              <div class="method">
                <div class="method-content">
                  <a name="addtToCartTest(iMac, iMac, 2)">
                  </a> <!-- addtToCartTest(iMac, iMac, 2) -->
                  <span class="method-name">addtToCartTest</span>
                  <span class="parameters">(iMac, iMac, 2)</span>
                  <div class="stack-trace">java.lang.AssertionError: The following asserts failed:
	expected [Success :  You have added MacBook Pro to your shopping cart!] but found [Success: You have added MacBook Pro to your shopping cart!],
	expected [true] but found [false],
	expected [Success :  You have added MacBook Pro to your shopping cart!] but found [Success: You have added MacBook Pro to your shopping cart!],
	expected [true] but found [false],
	expected [Success :  You have added MacBook Pro to your shopping cart!] but found [Success: You have added MacBook Pro to your shopping cart!],
	expected [true] but found [false],
	expected [Success :  You have added MacBook Pro to your shopping cart!] but found [Success: You have added MacBook Pro to your shopping cart!],
	expected [true] but found [false],
	expected [Success :  You have added iMac to your shopping cart!] but found [Success: You have added iMac to your shopping cart!],
	expected [true] but found [false]
	at com.qa.opencart.test.ProductPageInfoTest.addtToCartTest(ProductPageInfoTest.java:102)
	at java.util.concurrent.FutureTask.run(FutureTask.java:266)
	at java.util.concurrent.ThreadPoolExecutor.runWorker(ThreadPoolExecutor.java:1149)
	at java.util.concurrent.ThreadPoolExecutor$Worker.run(ThreadPoolExecutor.java:624)
	at java.lang.Thread.run(Thread.java:748)
... Removed 17 stack frames
</div> <!-- stack-trace -->
                </div> <!-- method-content -->
              </div> <!-- method -->
              <div class="method">
                <div class="method-content">
                  <a name="addtToCartTest(iMac, iMac, 2)">
                  </a> <!-- addtToCartTest(iMac, iMac, 2) -->
                  <span class="method-name">addtToCartTest</span>
                  <span class="parameters">(iMac, iMac, 2)</span>
                  <div class="stack-trace">java.lang.AssertionError: The following asserts failed:
	expected [Success :  You have added MacBook Pro to your shopping cart!] but found [Success: You have added MacBook Pro to your shopping cart!],
	expected [true] but found [false],
	expected [Success :  You have added MacBook Pro to your shopping cart!] but found [Success: You have added MacBook Pro to your shopping cart!],
	expected [true] but found [false],
	expected [Success :  You have added MacBook Pro to your shopping cart!] but found [Success: You have added MacBook Pro to your shopping cart!],
	expected [true] but found [false],
	expected [Success :  You have added MacBook Pro to your shopping cart!] but found [Success: You have added MacBook Pro to your shopping cart!],
	expected [true] but found [false],
	expected [Success :  You have added iMac to your shopping cart!] but found [Success: You have added iMac to your shopping cart!],
	expected [true] but found [false],
	expected [Success :  You have added iMac to your shopping cart!] but found [Success: You have added iMac to your shopping cart!],
	expected [true] but found [false]
	at com.qa.opencart.test.ProductPageInfoTest.addtToCartTest(ProductPageInfoTest.java:102)
	at java.util.concurrent.FutureTask.run(FutureTask.java:266)
	at java.util.concurrent.ThreadPoolExecutor.runWorker(ThreadPoolExecutor.java:1149)
	at java.util.concurrent.ThreadPoolExecutor$Worker.run(ThreadPoolExecutor.java:624)
	at java.lang.Thread.run(Thread.java:748)
... Removed 17 stack frames
</div> <!-- stack-trace -->
                </div> <!-- method-content -->
              </div> <!-- method -->
              <div class="method">
                <div class="method-content">
                  <a name="productInfoTest">
                  </a> <!-- productInfoTest -->
                  <span class="method-name">productInfoTest</span>
                  <div class="stack-trace">java.lang.AssertionError: The following asserts failed:
	expected [Success :  You have added MacBook Pro to your shopping cart!] but found [Success: You have added MacBook Pro to your shopping cart!],
	expected [true] but found [false],
	expected [Success :  You have added MacBook Pro to your shopping cart!] but found [Success: You have added MacBook Pro to your shopping cart!],
	expected [true] but found [false],
	expected [Success :  You have added MacBook Pro to your shopping cart!] but found [Success: You have added MacBook Pro to your shopping cart!],
	expected [true] but found [false],
	expected [Success :  You have added MacBook Pro to your shopping cart!] but found [Success: You have added MacBook Pro to your shopping cart!],
	expected [true] but found [false],
	expected [Success :  You have added iMac to your shopping cart!] but found [Success: You have added iMac to your shopping cart!],
	expected [true] but found [false],
	expected [Success :  You have added iMac to your shopping cart!] but found [Success: You have added iMac to your shopping cart!],
	expected [true] but found [false]
	at com.qa.opencart.test.ProductPageInfoTest.productInfoTest(ProductPageInfoTest.java:60)
	at java.util.concurrent.FutureTask.run(FutureTask.java:266)
	at java.util.concurrent.ThreadPoolExecutor.runWorker(ThreadPoolExecutor.java:1149)
	at java.util.concurrent.ThreadPoolExecutor$Worker.run(ThreadPoolExecutor.java:624)
	at java.lang.Thread.run(Thread.java:748)
... Removed 17 stack frames
</div> <!-- stack-trace -->
                </div> <!-- method-content -->
              </div> <!-- method -->
            </div> <!-- main-panel-content rounded-window-bottom -->
          </div> <!-- suite-Opencart_App_Test_Regression_Suite-class-failed -->
          <div class="suite-Opencart_App_Test_Regression_Suite-class-skipped">
            <div class="main-panel-header rounded-window-top">
              <img src="skipped.png"/>
              <span class="class-name">com.qa.opencart.test.RegistrationPageTest</span>
            </div> <!-- main-panel-header rounded-window-top -->
            <div class="main-panel-content rounded-window-bottom">
              <div class="method">
                <div class="method-content">
                  <a name="userRegTest(sarang, anand, 2345678986, Test@123, yes)">
                  </a> <!-- userRegTest(sarang, anand, 2345678986, Test@123, yes) -->
                  <span class="method-name">userRegTest</span>
                  <span class="parameters">(sarang, anand, 2345678986, Test@123, yes)</span>
                  <div class="stack-trace">org.openqa.selenium.interactions.MoveTargetOutOfBoundsException: (855, 661) is out of bounds of viewport width (1360) and height (643)
Build info: version: &apos;4.7.2&apos;, revision: &apos;4d4020c3b7&apos;
System info: os.name: &apos;Windows 10&apos;, os.arch: &apos;amd64&apos;, os.version: &apos;10.0&apos;, java.version: &apos;1.8.0_202&apos;
Driver info: org.openqa.selenium.firefox.FirefoxDriver
Command: [3d55d3f7-5538-4a8a-aaf5-73625c5ea08e, actions {actions=[org.openqa.selenium.interactions.Sequence@258c60ac]}]
Capabilities {acceptInsecureCerts: true, browserName: firefox, browserVersion: 110.0.1, moz:accessibilityChecks: false, moz:buildID: 20230227191043, moz:debuggerAddress: 127.0.0.1:26427, moz:geckodriverVersion: 0.32.2, moz:headless: false, moz:platformVersion: 10.0, moz:processID: 10500, moz:profile: C:\Users\sanand\AppData\Loc..., moz:shutdownTimeout: 60000, moz:useNonSpecCompliantPointerOrigin: false, moz:webdriverClick: true, moz:windowless: false, pageLoadStrategy: normal, platformName: WINDOWS, proxy: Proxy(), se:cdp: ws://127.0.0.1:26427/devtoo..., se:cdpVersion: 85.0, setWindowRect: true, strictFileInteractability: false, timeouts: {implicit: 0, pageLoad: 300000, script: 30000}, unhandledPromptBehavior: dismiss and notify}
Session ID: 3d55d3f7-5538-4a8a-aaf5-73625c5ea08e
	at org.openqa.selenium.remote.codec.w3c.W3CHttpResponseCodec.createException(W3CHttpResponseCodec.java:200)
	at org.openqa.selenium.remote.codec.w3c.W3CHttpResponseCodec.decode(W3CHttpResponseCodec.java:133)
	at org.openqa.selenium.remote.codec.w3c.W3CHttpResponseCodec.decode(W3CHttpResponseCodec.java:53)
	at org.openqa.selenium.remote.HttpCommandExecutor.execute(HttpCommandExecutor.java:184)
	at org.openqa.selenium.remote.service.DriverCommandExecutor.invokeExecute(DriverCommandExecutor.java:167)
	at org.openqa.selenium.remote.service.DriverCommandExecutor.execute(DriverCommandExecutor.java:142)
	at org.openqa.selenium.remote.RemoteWebDriver.execute(RemoteWebDriver.java:535)
	at org.openqa.selenium.remote.RemoteWebDriver.perform(RemoteWebDriver.java:603)
	at org.openqa.selenium.interactions.Actions$BuiltAction.perform(Actions.java:567)
	at com.qa.opencart.utils.ElementUtil.doActionsCick(ElementUtil.java:64)
	at com.qa.opencart.PageLayer.RegistrationPage.registerUser(RegistrationPage.java:60)
	at com.qa.opencart.test.RegistrationPageTest.userRegTest(RegistrationPageTest.java:43)
	at java.util.concurrent.FutureTask.run(FutureTask.java:266)
	at java.util.concurrent.ThreadPoolExecutor.runWorker(ThreadPoolExecutor.java:1149)
	at java.util.concurrent.ThreadPoolExecutor$Worker.run(ThreadPoolExecutor.java:624)
	at java.lang.Thread.run(Thread.java:748)
... Removed 20 stack frames
</div> <!-- stack-trace -->
                </div> <!-- method-content -->
              </div> <!-- method -->
              <div class="method">
                <div class="method-content">
                  <a name="userRegTest(sarang, anand, 2345678986, Test@123, yes)">
                  </a> <!-- userRegTest(sarang, anand, 2345678986, Test@123, yes) -->
                  <span class="method-name">userRegTest</span>
                  <span class="parameters">(sarang, anand, 2345678986, Test@123, yes)</span>
                  <div class="stack-trace">org.openqa.selenium.interactions.MoveTargetOutOfBoundsException: (855, 661) is out of bounds of viewport width (1360) and height (643)
Build info: version: &apos;4.7.2&apos;, revision: &apos;4d4020c3b7&apos;
System info: os.name: &apos;Windows 10&apos;, os.arch: &apos;amd64&apos;, os.version: &apos;10.0&apos;, java.version: &apos;1.8.0_202&apos;
Driver info: org.openqa.selenium.firefox.FirefoxDriver
Command: [3d55d3f7-5538-4a8a-aaf5-73625c5ea08e, actions {actions=[org.openqa.selenium.interactions.Sequence@6a45d9f3]}]
Capabilities {acceptInsecureCerts: true, browserName: firefox, browserVersion: 110.0.1, moz:accessibilityChecks: false, moz:buildID: 20230227191043, moz:debuggerAddress: 127.0.0.1:26427, moz:geckodriverVersion: 0.32.2, moz:headless: false, moz:platformVersion: 10.0, moz:processID: 10500, moz:profile: C:\Users\sanand\AppData\Loc..., moz:shutdownTimeout: 60000, moz:useNonSpecCompliantPointerOrigin: false, moz:webdriverClick: true, moz:windowless: false, pageLoadStrategy: normal, platformName: WINDOWS, proxy: Proxy(), se:cdp: ws://127.0.0.1:26427/devtoo..., se:cdpVersion: 85.0, setWindowRect: true, strictFileInteractability: false, timeouts: {implicit: 0, pageLoad: 300000, script: 30000}, unhandledPromptBehavior: dismiss and notify}
Session ID: 3d55d3f7-5538-4a8a-aaf5-73625c5ea08e
	at org.openqa.selenium.remote.codec.w3c.W3CHttpResponseCodec.createException(W3CHttpResponseCodec.java:200)
	at org.openqa.selenium.remote.codec.w3c.W3CHttpResponseCodec.decode(W3CHttpResponseCodec.java:133)
	at org.openqa.selenium.remote.codec.w3c.W3CHttpResponseCodec.decode(W3CHttpResponseCodec.java:53)
	at org.openqa.selenium.remote.HttpCommandExecutor.execute(HttpCommandExecutor.java:184)
	at org.openqa.selenium.remote.service.DriverCommandExecutor.invokeExecute(DriverCommandExecutor.java:167)
	at org.openqa.selenium.remote.service.DriverCommandExecutor.execute(DriverCommandExecutor.java:142)
	at org.openqa.selenium.remote.RemoteWebDriver.execute(RemoteWebDriver.java:535)
	at org.openqa.selenium.remote.RemoteWebDriver.perform(RemoteWebDriver.java:603)
	at org.openqa.selenium.interactions.Actions$BuiltAction.perform(Actions.java:567)
	at com.qa.opencart.utils.ElementUtil.doActionsCick(ElementUtil.java:64)
	at com.qa.opencart.PageLayer.RegistrationPage.registerUser(RegistrationPage.java:60)
	at com.qa.opencart.test.RegistrationPageTest.userRegTest(RegistrationPageTest.java:43)
	at java.util.concurrent.FutureTask.run(FutureTask.java:266)
	at java.util.concurrent.ThreadPoolExecutor.runWorker(ThreadPoolExecutor.java:1149)
	at java.util.concurrent.ThreadPoolExecutor$Worker.run(ThreadPoolExecutor.java:624)
	at java.lang.Thread.run(Thread.java:748)
... Removed 20 stack frames
</div> <!-- stack-trace -->
                </div> <!-- method-content -->
              </div> <!-- method -->
              <div class="method">
                <div class="method-content">
                  <a name="userRegTest(sarang, anand, 2345678986, Test@123, yes)">
                  </a> <!-- userRegTest(sarang, anand, 2345678986, Test@123, yes) -->
                  <span class="method-name">userRegTest</span>
                  <span class="parameters">(sarang, anand, 2345678986, Test@123, yes)</span>
                  <div class="stack-trace">org.openqa.selenium.interactions.MoveTargetOutOfBoundsException: (855, 661) is out of bounds of viewport width (1360) and height (643)
Build info: version: &apos;4.7.2&apos;, revision: &apos;4d4020c3b7&apos;
System info: os.name: &apos;Windows 10&apos;, os.arch: &apos;amd64&apos;, os.version: &apos;10.0&apos;, java.version: &apos;1.8.0_202&apos;
Driver info: org.openqa.selenium.firefox.FirefoxDriver
Command: [3d55d3f7-5538-4a8a-aaf5-73625c5ea08e, actions {actions=[org.openqa.selenium.interactions.Sequence@6083e26b]}]
Capabilities {acceptInsecureCerts: true, browserName: firefox, browserVersion: 110.0.1, moz:accessibilityChecks: false, moz:buildID: 20230227191043, moz:debuggerAddress: 127.0.0.1:26427, moz:geckodriverVersion: 0.32.2, moz:headless: false, moz:platformVersion: 10.0, moz:processID: 10500, moz:profile: C:\Users\sanand\AppData\Loc..., moz:shutdownTimeout: 60000, moz:useNonSpecCompliantPointerOrigin: false, moz:webdriverClick: true, moz:windowless: false, pageLoadStrategy: normal, platformName: WINDOWS, proxy: Proxy(), se:cdp: ws://127.0.0.1:26427/devtoo..., se:cdpVersion: 85.0, setWindowRect: true, strictFileInteractability: false, timeouts: {implicit: 0, pageLoad: 300000, script: 30000}, unhandledPromptBehavior: dismiss and notify}
Session ID: 3d55d3f7-5538-4a8a-aaf5-73625c5ea08e
	at org.openqa.selenium.remote.codec.w3c.W3CHttpResponseCodec.createException(W3CHttpResponseCodec.java:200)
	at org.openqa.selenium.remote.codec.w3c.W3CHttpResponseCodec.decode(W3CHttpResponseCodec.java:133)
	at org.openqa.selenium.remote.codec.w3c.W3CHttpResponseCodec.decode(W3CHttpResponseCodec.java:53)
	at org.openqa.selenium.remote.HttpCommandExecutor.execute(HttpCommandExecutor.java:184)
	at org.openqa.selenium.remote.service.DriverCommandExecutor.invokeExecute(DriverCommandExecutor.java:167)
	at org.openqa.selenium.remote.service.DriverCommandExecutor.execute(DriverCommandExecutor.java:142)
	at org.openqa.selenium.remote.RemoteWebDriver.execute(RemoteWebDriver.java:535)
	at org.openqa.selenium.remote.RemoteWebDriver.perform(RemoteWebDriver.java:603)
	at org.openqa.selenium.interactions.Actions$BuiltAction.perform(Actions.java:567)
	at com.qa.opencart.utils.ElementUtil.doActionsCick(ElementUtil.java:64)
	at com.qa.opencart.PageLayer.RegistrationPage.registerUser(RegistrationPage.java:60)
	at com.qa.opencart.test.RegistrationPageTest.userRegTest(RegistrationPageTest.java:43)
	at java.util.concurrent.FutureTask.run(FutureTask.java:266)
	at java.util.concurrent.ThreadPoolExecutor.runWorker(ThreadPoolExecutor.java:1149)
	at java.util.concurrent.ThreadPoolExecutor$Worker.run(ThreadPoolExecutor.java:624)
	at java.lang.Thread.run(Thread.java:748)
... Removed 20 stack frames
</div> <!-- stack-trace -->
                </div> <!-- method-content -->
              </div> <!-- method -->
            </div> <!-- main-panel-content rounded-window-bottom -->
          </div> <!-- suite-Opencart_App_Test_Regression_Suite-class-skipped -->
          <div class="suite-Opencart_App_Test_Regression_Suite-class-skipped">
            <div class="main-panel-header rounded-window-top">
              <img src="skipped.png"/>
              <span class="class-name">com.qa.opencart.test.AccountsPageTest</span>
            </div> <!-- main-panel-header rounded-window-top -->
            <div class="main-panel-content rounded-window-bottom">
              <div class="method">
                <div class="method-content">
                  <a name="searchProductCountTest(Naveen)">
                  </a> <!-- searchProductCountTest(Naveen) -->
                  <span class="method-name">searchProductCountTest</span>
                  <span class="parameters">(Naveen)</span>
                  <div class="stack-trace">org.openqa.selenium.TimeoutException: Expected condition failed: waiting for visibility of all elements located by By.cssSelector: div#content div.product-layout (tried for 10 second(s) with 500 milliseconds interval)
Build info: version: &apos;4.7.2&apos;, revision: &apos;4d4020c3b7&apos;
System info: os.name: &apos;Windows 10&apos;, os.arch: &apos;amd64&apos;, os.version: &apos;10.0&apos;, java.version: &apos;1.8.0_202&apos;
Driver info: org.openqa.selenium.firefox.FirefoxDriver
Capabilities {acceptInsecureCerts: true, browserName: firefox, browserVersion: 110.0.1, moz:accessibilityChecks: false, moz:buildID: 20230227191043, moz:debuggerAddress: 127.0.0.1:24326, moz:geckodriverVersion: 0.32.2, moz:headless: false, moz:platformVersion: 10.0, moz:processID: 15288, moz:profile: C:\Users\sanand\AppData\Loc..., moz:shutdownTimeout: 60000, moz:useNonSpecCompliantPointerOrigin: false, moz:webdriverClick: true, moz:windowless: false, pageLoadStrategy: normal, platformName: WINDOWS, proxy: Proxy(), se:cdp: ws://127.0.0.1:24326/devtoo..., se:cdpVersion: 85.0, setWindowRect: true, strictFileInteractability: false, timeouts: {implicit: 0, pageLoad: 300000, script: 30000}, unhandledPromptBehavior: dismiss and notify}
Session ID: accc375f-e270-4278-9a2e-4a9f11cd469d
	at org.openqa.selenium.support.ui.WebDriverWait.timeoutException(WebDriverWait.java:87)
	at org.openqa.selenium.support.ui.FluentWait.until(FluentWait.java:231)
	at com.qa.opencart.utils.ElementUtil.waitForElementsVisible(ElementUtil.java:212)
	at com.qa.opencart.PageLayer.SearchPage.getSearchProductsCount(SearchPage.java:23)
	at com.qa.opencart.test.AccountsPageTest.searchProductCountTest(AccountsPageTest.java:67)
	at java.util.concurrent.FutureTask.run(FutureTask.java:266)
	at java.util.concurrent.ThreadPoolExecutor.runWorker(ThreadPoolExecutor.java:1149)
	at java.util.concurrent.ThreadPoolExecutor$Worker.run(ThreadPoolExecutor.java:624)
	at java.lang.Thread.run(Thread.java:748)
... Removed 16 stack frames
</div> <!-- stack-trace -->
                </div> <!-- method-content -->
              </div> <!-- method -->
              <div class="method">
                <div class="method-content">
                  <a name="searchProductCountTest(Naveen)">
                  </a> <!-- searchProductCountTest(Naveen) -->
                  <span class="method-name">searchProductCountTest</span>
                  <span class="parameters">(Naveen)</span>
                  <div class="stack-trace">org.openqa.selenium.TimeoutException: Expected condition failed: waiting for visibility of all elements located by By.cssSelector: div#content div.product-layout (tried for 10 second(s) with 500 milliseconds interval)
Build info: version: &apos;4.7.2&apos;, revision: &apos;4d4020c3b7&apos;
System info: os.name: &apos;Windows 10&apos;, os.arch: &apos;amd64&apos;, os.version: &apos;10.0&apos;, java.version: &apos;1.8.0_202&apos;
Driver info: org.openqa.selenium.firefox.FirefoxDriver
Capabilities {acceptInsecureCerts: true, browserName: firefox, browserVersion: 110.0.1, moz:accessibilityChecks: false, moz:buildID: 20230227191043, moz:debuggerAddress: 127.0.0.1:24326, moz:geckodriverVersion: 0.32.2, moz:headless: false, moz:platformVersion: 10.0, moz:processID: 15288, moz:profile: C:\Users\sanand\AppData\Loc..., moz:shutdownTimeout: 60000, moz:useNonSpecCompliantPointerOrigin: false, moz:webdriverClick: true, moz:windowless: false, pageLoadStrategy: normal, platformName: WINDOWS, proxy: Proxy(), se:cdp: ws://127.0.0.1:24326/devtoo..., se:cdpVersion: 85.0, setWindowRect: true, strictFileInteractability: false, timeouts: {implicit: 0, pageLoad: 300000, script: 30000}, unhandledPromptBehavior: dismiss and notify}
Session ID: accc375f-e270-4278-9a2e-4a9f11cd469d
	at org.openqa.selenium.support.ui.WebDriverWait.timeoutException(WebDriverWait.java:87)
	at org.openqa.selenium.support.ui.FluentWait.until(FluentWait.java:231)
	at com.qa.opencart.utils.ElementUtil.waitForElementsVisible(ElementUtil.java:212)
	at com.qa.opencart.PageLayer.SearchPage.getSearchProductsCount(SearchPage.java:23)
	at com.qa.opencart.test.AccountsPageTest.searchProductCountTest(AccountsPageTest.java:67)
	at java.util.concurrent.FutureTask.run(FutureTask.java:266)
	at java.util.concurrent.ThreadPoolExecutor.runWorker(ThreadPoolExecutor.java:1149)
	at java.util.concurrent.ThreadPoolExecutor$Worker.run(ThreadPoolExecutor.java:624)
	at java.lang.Thread.run(Thread.java:748)
... Removed 16 stack frames
</div> <!-- stack-trace -->
                </div> <!-- method-content -->
              </div> <!-- method -->
              <div class="method">
                <div class="method-content">
                  <a name="searchProductCountTest(Naveen)">
                  </a> <!-- searchProductCountTest(Naveen) -->
                  <span class="method-name">searchProductCountTest</span>
                  <span class="parameters">(Naveen)</span>
                  <div class="stack-trace">org.openqa.selenium.TimeoutException: Expected condition failed: waiting for visibility of all elements located by By.cssSelector: div#content div.product-layout (tried for 10 second(s) with 500 milliseconds interval)
Build info: version: &apos;4.7.2&apos;, revision: &apos;4d4020c3b7&apos;
System info: os.name: &apos;Windows 10&apos;, os.arch: &apos;amd64&apos;, os.version: &apos;10.0&apos;, java.version: &apos;1.8.0_202&apos;
Driver info: org.openqa.selenium.firefox.FirefoxDriver
Capabilities {acceptInsecureCerts: true, browserName: firefox, browserVersion: 110.0.1, moz:accessibilityChecks: false, moz:buildID: 20230227191043, moz:debuggerAddress: 127.0.0.1:24326, moz:geckodriverVersion: 0.32.2, moz:headless: false, moz:platformVersion: 10.0, moz:processID: 15288, moz:profile: C:\Users\sanand\AppData\Loc..., moz:shutdownTimeout: 60000, moz:useNonSpecCompliantPointerOrigin: false, moz:webdriverClick: true, moz:windowless: false, pageLoadStrategy: normal, platformName: WINDOWS, proxy: Proxy(), se:cdp: ws://127.0.0.1:24326/devtoo..., se:cdpVersion: 85.0, setWindowRect: true, strictFileInteractability: false, timeouts: {implicit: 0, pageLoad: 300000, script: 30000}, unhandledPromptBehavior: dismiss and notify}
Session ID: accc375f-e270-4278-9a2e-4a9f11cd469d
	at org.openqa.selenium.support.ui.WebDriverWait.timeoutException(WebDriverWait.java:87)
	at org.openqa.selenium.support.ui.FluentWait.until(FluentWait.java:231)
	at com.qa.opencart.utils.ElementUtil.waitForElementsVisible(ElementUtil.java:212)
	at com.qa.opencart.PageLayer.SearchPage.getSearchProductsCount(SearchPage.java:23)
	at com.qa.opencart.test.AccountsPageTest.searchProductCountTest(AccountsPageTest.java:67)
	at java.util.concurrent.FutureTask.run(FutureTask.java:266)
	at java.util.concurrent.ThreadPoolExecutor.runWorker(ThreadPoolExecutor.java:1149)
	at java.util.concurrent.ThreadPoolExecutor$Worker.run(ThreadPoolExecutor.java:624)
	at java.lang.Thread.run(Thread.java:748)
... Removed 16 stack frames
</div> <!-- stack-trace -->
                </div> <!-- method-content -->
              </div> <!-- method -->
            </div> <!-- main-panel-content rounded-window-bottom -->
          </div> <!-- suite-Opencart_App_Test_Regression_Suite-class-skipped -->
          <div class="suite-Opencart_App_Test_Regression_Suite-class-skipped">
            <div class="main-panel-header rounded-window-top">
              <img src="skipped.png"/>
              <span class="class-name">com.qa.opencart.test.ProductPageInfoTest</span>
            </div> <!-- main-panel-header rounded-window-top -->
            <div class="main-panel-content rounded-window-bottom">
              <div class="method">
                <div class="method-content">
                  <a name="addtToCartTest(Macbook, MacBook Pro, 1)">
                  </a> <!-- addtToCartTest(Macbook, MacBook Pro, 1) -->
                  <span class="method-name">addtToCartTest</span>
                  <span class="parameters">(Macbook, MacBook Pro, 1)</span>
                  <div class="stack-trace">java.lang.AssertionError: The following asserts failed:
	expected [Success :  You have added MacBook Pro to your shopping cart!] but found [Success: You have added MacBook Pro to your shopping cart!],
	expected [true] but found [false]
	at com.qa.opencart.test.ProductPageInfoTest.addtToCartTest(ProductPageInfoTest.java:102)
	at java.util.concurrent.FutureTask.run(FutureTask.java:266)
	at java.util.concurrent.ThreadPoolExecutor.runWorker(ThreadPoolExecutor.java:1149)
	at java.util.concurrent.ThreadPoolExecutor$Worker.run(ThreadPoolExecutor.java:624)
	at java.lang.Thread.run(Thread.java:748)
... Removed 17 stack frames
</div> <!-- stack-trace -->
                </div> <!-- method-content -->
              </div> <!-- method -->
              <div class="method">
                <div class="method-content">
                  <a name="addtToCartTest(Macbook, MacBook Pro, 1)">
                  </a> <!-- addtToCartTest(Macbook, MacBook Pro, 1) -->
                  <span class="method-name">addtToCartTest</span>
                  <span class="parameters">(Macbook, MacBook Pro, 1)</span>
                  <div class="stack-trace">java.lang.AssertionError: The following asserts failed:
	expected [Success :  You have added MacBook Pro to your shopping cart!] but found [Success: You have added MacBook Pro to your shopping cart!],
	expected [true] but found [false],
	expected [Success :  You have added MacBook Pro to your shopping cart!] but found [Success: You have added MacBook Pro to your shopping cart!],
	expected [true] but found [false]
	at com.qa.opencart.test.ProductPageInfoTest.addtToCartTest(ProductPageInfoTest.java:102)
	at java.util.concurrent.FutureTask.run(FutureTask.java:266)
	at java.util.concurrent.ThreadPoolExecutor.runWorker(ThreadPoolExecutor.java:1149)
	at java.util.concurrent.ThreadPoolExecutor$Worker.run(ThreadPoolExecutor.java:624)
	at java.lang.Thread.run(Thread.java:748)
... Removed 17 stack frames
</div> <!-- stack-trace -->
                </div> <!-- method-content -->
              </div> <!-- method -->
              <div class="method">
                <div class="method-content">
                  <a name="addtToCartTest(Macbook, MacBook Pro, 1)">
                  </a> <!-- addtToCartTest(Macbook, MacBook Pro, 1) -->
                  <span class="method-name">addtToCartTest</span>
                  <span class="parameters">(Macbook, MacBook Pro, 1)</span>
                  <div class="stack-trace">java.lang.AssertionError: The following asserts failed:
	expected [Success :  You have added MacBook Pro to your shopping cart!] but found [Success: You have added MacBook Pro to your shopping cart!],
	expected [true] but found [false],
	expected [Success :  You have added MacBook Pro to your shopping cart!] but found [Success: You have added MacBook Pro to your shopping cart!],
	expected [true] but found [false],
	expected [Success :  You have added MacBook Pro to your shopping cart!] but found [Success: You have added MacBook Pro to your shopping cart!],
	expected [true] but found [false]
	at com.qa.opencart.test.ProductPageInfoTest.addtToCartTest(ProductPageInfoTest.java:102)
	at java.util.concurrent.FutureTask.run(FutureTask.java:266)
	at java.util.concurrent.ThreadPoolExecutor.runWorker(ThreadPoolExecutor.java:1149)
	at java.util.concurrent.ThreadPoolExecutor$Worker.run(ThreadPoolExecutor.java:624)
	at java.lang.Thread.run(Thread.java:748)
... Removed 17 stack frames
</div> <!-- stack-trace -->
                </div> <!-- method-content -->
              </div> <!-- method -->
              <div class="method">
                <div class="method-content">
                  <a name="productInfoTest">
                  </a> <!-- productInfoTest -->
                  <span class="method-name">productInfoTest</span>
                  <div class="stack-trace">java.lang.AssertionError: The following asserts failed:
	expected [Success :  You have added MacBook Pro to your shopping cart!] but found [Success: You have added MacBook Pro to your shopping cart!],
	expected [true] but found [false],
	expected [Success :  You have added MacBook Pro to your shopping cart!] but found [Success: You have added MacBook Pro to your shopping cart!],
	expected [true] but found [false],
	expected [Success :  You have added MacBook Pro to your shopping cart!] but found [Success: You have added MacBook Pro to your shopping cart!],
	expected [true] but found [false],
	expected [Success :  You have added MacBook Pro to your shopping cart!] but found [Success: You have added MacBook Pro to your shopping cart!],
	expected [true] but found [false],
	expected [Success :  You have added iMac to your shopping cart!] but found [Success: You have added iMac to your shopping cart!],
	expected [true] but found [false],
	expected [Success :  You have added iMac to your shopping cart!] but found [Success: You have added iMac to your shopping cart!],
	expected [true] but found [false]
	at com.qa.opencart.test.ProductPageInfoTest.productInfoTest(ProductPageInfoTest.java:60)
	at java.util.concurrent.FutureTask.run(FutureTask.java:266)
	at java.util.concurrent.ThreadPoolExecutor.runWorker(ThreadPoolExecutor.java:1149)
	at java.util.concurrent.ThreadPoolExecutor$Worker.run(ThreadPoolExecutor.java:624)
	at java.lang.Thread.run(Thread.java:748)
... Removed 17 stack frames
</div> <!-- stack-trace -->
                </div> <!-- method-content -->
              </div> <!-- method -->
              <div class="method">
                <div class="method-content">
                  <a name="productInfoTest">
                  </a> <!-- productInfoTest -->
                  <span class="method-name">productInfoTest</span>
                  <div class="stack-trace">java.lang.AssertionError: The following asserts failed:
	expected [Success :  You have added MacBook Pro to your shopping cart!] but found [Success: You have added MacBook Pro to your shopping cart!],
	expected [true] but found [false],
	expected [Success :  You have added MacBook Pro to your shopping cart!] but found [Success: You have added MacBook Pro to your shopping cart!],
	expected [true] but found [false],
	expected [Success :  You have added MacBook Pro to your shopping cart!] but found [Success: You have added MacBook Pro to your shopping cart!],
	expected [true] but found [false],
	expected [Success :  You have added MacBook Pro to your shopping cart!] but found [Success: You have added MacBook Pro to your shopping cart!],
	expected [true] but found [false],
	expected [Success :  You have added iMac to your shopping cart!] but found [Success: You have added iMac to your shopping cart!],
	expected [true] but found [false],
	expected [Success :  You have added iMac to your shopping cart!] but found [Success: You have added iMac to your shopping cart!],
	expected [true] but found [false]
	at com.qa.opencart.test.ProductPageInfoTest.productInfoTest(ProductPageInfoTest.java:60)
	at java.util.concurrent.FutureTask.run(FutureTask.java:266)
	at java.util.concurrent.ThreadPoolExecutor.runWorker(ThreadPoolExecutor.java:1149)
	at java.util.concurrent.ThreadPoolExecutor$Worker.run(ThreadPoolExecutor.java:624)
	at java.lang.Thread.run(Thread.java:748)
... Removed 17 stack frames
</div> <!-- stack-trace -->
                </div> <!-- method-content -->
              </div> <!-- method -->
              <div class="method">
                <div class="method-content">
                  <a name="productInfoTest">
                  </a> <!-- productInfoTest -->
                  <span class="method-name">productInfoTest</span>
                  <div class="stack-trace">java.lang.AssertionError: The following asserts failed:
	expected [Success :  You have added MacBook Pro to your shopping cart!] but found [Success: You have added MacBook Pro to your shopping cart!],
	expected [true] but found [false],
	expected [Success :  You have added MacBook Pro to your shopping cart!] but found [Success: You have added MacBook Pro to your shopping cart!],
	expected [true] but found [false],
	expected [Success :  You have added MacBook Pro to your shopping cart!] but found [Success: You have added MacBook Pro to your shopping cart!],
	expected [true] but found [false],
	expected [Success :  You have added MacBook Pro to your shopping cart!] but found [Success: You have added MacBook Pro to your shopping cart!],
	expected [true] but found [false],
	expected [Success :  You have added iMac to your shopping cart!] but found [Success: You have added iMac to your shopping cart!],
	expected [true] but found [false],
	expected [Success :  You have added iMac to your shopping cart!] but found [Success: You have added iMac to your shopping cart!],
	expected [true] but found [false]
	at com.qa.opencart.test.ProductPageInfoTest.productInfoTest(ProductPageInfoTest.java:60)
	at java.util.concurrent.FutureTask.run(FutureTask.java:266)
	at java.util.concurrent.ThreadPoolExecutor.runWorker(ThreadPoolExecutor.java:1149)
	at java.util.concurrent.ThreadPoolExecutor$Worker.run(ThreadPoolExecutor.java:624)
	at java.lang.Thread.run(Thread.java:748)
... Removed 17 stack frames
</div> <!-- stack-trace -->
                </div> <!-- method-content -->
              </div> <!-- method -->
            </div> <!-- main-panel-content rounded-window-bottom -->
          </div> <!-- suite-Opencart_App_Test_Regression_Suite-class-skipped -->
          <div class="suite-Opencart_App_Test_Regression_Suite-class-passed">
            <div class="main-panel-header rounded-window-top">
              <img src="passed.png"/>
              <span class="class-name">com.qa.opencart.test.LoginPageTest</span>
            </div> <!-- main-panel-header rounded-window-top -->
            <div class="main-panel-content rounded-window-bottom">
              <div class="method">
                <div class="method-content">
                  <a name="forgotPwdLinkExistTest">
                  </a> <!-- forgotPwdLinkExistTest -->
                  <span class="method-name">forgotPwdLinkExistTest</span>
                </div> <!-- method-content -->
              </div> <!-- method -->
              <div class="method">
                <div class="method-content">
                  <a name="loginPageTitleTest">
                  </a> <!-- loginPageTitleTest -->
                  <span class="method-name">loginPageTitleTest</span>
                </div> <!-- method-content -->
              </div> <!-- method -->
              <div class="method">
                <div class="method-content">
                  <a name="loginPageURLTest">
                  </a> <!-- loginPageURLTest -->
                  <span class="method-name">loginPageURLTest</span>
                </div> <!-- method-content -->
              </div> <!-- method -->
              <div class="method">
                <div class="method-content">
                  <a name="loginTest">
                  </a> <!-- loginTest -->
                  <span class="method-name">loginTest</span>
                </div> <!-- method-content -->
              </div> <!-- method -->
            </div> <!-- main-panel-content rounded-window-bottom -->
          </div> <!-- suite-Opencart_App_Test_Regression_Suite-class-passed -->
          <div class="suite-Opencart_App_Test_Regression_Suite-class-passed">
            <div class="main-panel-header rounded-window-top">
              <img src="passed.png"/>
              <span class="class-name">com.qa.opencart.test.AccountsPageTest</span>
            </div> <!-- main-panel-header rounded-window-top -->
            <div class="main-panel-content rounded-window-bottom">
              <div class="method">
                <div class="method-content">
                  <a name="accPageHeadersCountTest">
                  </a> <!-- accPageHeadersCountTest -->
                  <span class="method-name">accPageHeadersCountTest</span>
                </div> <!-- method-content -->
              </div> <!-- method -->
              <div class="method">
                <div class="method-content">
                  <a name="accPageHeadersValueTest">
                  </a> <!-- accPageHeadersValueTest -->
                  <span class="method-name">accPageHeadersValueTest</span>
                </div> <!-- method-content -->
              </div> <!-- method -->
              <div class="method">
                <div class="method-content">
                  <a name="accPageTitleTest">
                  </a> <!-- accPageTitleTest -->
                  <span class="method-name">accPageTitleTest</span>
                </div> <!-- method-content -->
              </div> <!-- method -->
              <div class="method">
                <div class="method-content">
                  <a name="accPageURLTest">
                  </a> <!-- accPageURLTest -->
                  <span class="method-name">accPageURLTest</span>
                </div> <!-- method-content -->
              </div> <!-- method -->
              <div class="method">
                <div class="method-content">
                  <a name="isLogoutLinkExistTest">
                  </a> <!-- isLogoutLinkExistTest -->
                  <span class="method-name">isLogoutLinkExistTest</span>
                </div> <!-- method-content -->
              </div> <!-- method -->
              <div class="method">
                <div class="method-content">
                  <a name="searchProductCountTest(Samsung)">
                  </a> <!-- searchProductCountTest(Samsung) -->
                  <span class="method-name">searchProductCountTest</span>
                  <span class="parameters">(Samsung)</span>
                </div> <!-- method-content -->
              </div> <!-- method -->
              <div class="method">
                <div class="method-content">
                  <a name="searchProductCountTest(Macbook)">
                  </a> <!-- searchProductCountTest(Macbook) -->
                  <span class="method-name">searchProductCountTest</span>
                  <span class="parameters">(Macbook)</span>
                </div> <!-- method-content -->
              </div> <!-- method -->
              <div class="method">
                <div class="method-content">
                  <a name="searchProductCountTest(Apple)">
                  </a> <!-- searchProductCountTest(Apple) -->
                  <span class="method-name">searchProductCountTest</span>
                  <span class="parameters">(Apple)</span>
                </div> <!-- method-content -->
              </div> <!-- method -->
              <div class="method">
                <div class="method-content">
                  <a name="searchProductCountTest(iMac)">
                  </a> <!-- searchProductCountTest(iMac) -->
                  <span class="method-name">searchProductCountTest</span>
                  <span class="parameters">(iMac)</span>
                </div> <!-- method-content -->
              </div> <!-- method -->
              <div class="method">
                <div class="method-content">
                  <a name="searchProductTest(iMac, iMac)">
                  </a> <!-- searchProductTest(iMac, iMac) -->
                  <span class="method-name">searchProductTest</span>
                  <span class="parameters">(iMac, iMac)</span>
                </div> <!-- method-content -->
              </div> <!-- method -->
              <div class="method">
                <div class="method-content">
                  <a name="searchProductTest(Macbook, MacBook Pro)">
                  </a> <!-- searchProductTest(Macbook, MacBook Pro) -->
                  <span class="method-name">searchProductTest</span>
                  <span class="parameters">(Macbook, MacBook Pro)</span>
                </div> <!-- method-content -->
              </div> <!-- method -->
              <div class="method">
                <div class="method-content">
                  <a name="searchProductTest(Macbook, MacBook Air)">
                  </a> <!-- searchProductTest(Macbook, MacBook Air) -->
                  <span class="method-name">searchProductTest</span>
                  <span class="parameters">(Macbook, MacBook Air)</span>
                </div> <!-- method-content -->
              </div> <!-- method -->
              <div class="method">
                <div class="method-content">
                  <a name="searchProductTest(Apple, Apple Cinema 30&quot;)">
                  </a> <!-- searchProductTest(Apple, Apple Cinema 30") -->
                  <span class="method-name">searchProductTest</span>
                  <span class="parameters">(Apple, Apple Cinema 30")</span>
                </div> <!-- method-content -->
              </div> <!-- method -->
              <div class="method">
                <div class="method-content">
                  <a name="searchProductTest(Samsung, Samsung Galaxy Tab 10.1)">
                  </a> <!-- searchProductTest(Samsung, Samsung Galaxy Tab 10.1) -->
                  <span class="method-name">searchProductTest</span>
                  <span class="parameters">(Samsung, Samsung Galaxy Tab 10.1)</span>
                </div> <!-- method-content -->
              </div> <!-- method -->
              <div class="method">
                <div class="method-content">
                  <a name="searchProductTest(Samsung, Samsung SyncMaster 941BW)">
                  </a> <!-- searchProductTest(Samsung, Samsung SyncMaster 941BW) -->
                  <span class="method-name">searchProductTest</span>
                  <span class="parameters">(Samsung, Samsung SyncMaster 941BW)</span>
                </div> <!-- method-content -->
              </div> <!-- method -->
            </div> <!-- main-panel-content rounded-window-bottom -->
          </div> <!-- suite-Opencart_App_Test_Regression_Suite-class-passed -->
          <div class="suite-Opencart_App_Test_Regression_Suite-class-passed">
            <div class="main-panel-header rounded-window-top">
              <img src="passed.png"/>
              <span class="class-name">com.qa.opencart.test.ProductPageInfoTest</span>
            </div> <!-- main-panel-header rounded-window-top -->
            <div class="main-panel-content rounded-window-bottom">
              <div class="method">
                <div class="method-content">
                  <a name="productImagesCountTest(Macbook, MacBook Pro, 4)">
                  </a> <!-- productImagesCountTest(Macbook, MacBook Pro, 4) -->
                  <span class="method-name">productImagesCountTest</span>
                  <span class="parameters">(Macbook, MacBook Pro, 4)</span>
                </div> <!-- method-content -->
              </div> <!-- method -->
              <div class="method">
                <div class="method-content">
                  <a name="productImagesCountTest(iMac, iMac, 3)">
                  </a> <!-- productImagesCountTest(iMac, iMac, 3) -->
                  <span class="method-name">productImagesCountTest</span>
                  <span class="parameters">(iMac, iMac, 3)</span>
                </div> <!-- method-content -->
              </div> <!-- method -->
              <div class="method">
                <div class="method-content">
                  <a name="productImagesCountTest(Samsung, Samsung SyncMaster 941BW, 1)">
                  </a> <!-- productImagesCountTest(Samsung, Samsung SyncMaster 941BW, 1) -->
                  <span class="method-name">productImagesCountTest</span>
                  <span class="parameters">(Samsung, Samsung SyncMaster 941BW, 1)</span>
                </div> <!-- method-content -->
              </div> <!-- method -->
              <div class="method">
                <div class="method-content">
                  <a name="productImagesCountTest(Apple, Apple Cinema 30&quot;, 6)">
                  </a> <!-- productImagesCountTest(Apple, Apple Cinema 30", 6) -->
                  <span class="method-name">productImagesCountTest</span>
                  <span class="parameters">(Apple, Apple Cinema 30", 6)</span>
                </div> <!-- method-content -->
              </div> <!-- method -->
            </div> <!-- main-panel-content rounded-window-bottom -->
          </div> <!-- suite-Opencart_App_Test_Regression_Suite-class-passed -->
        </div> <!-- panel Opencart_App_Test_Regression_Suite -->
        <div panel-name="test-xml-Opencart_App_Test_Regression_Suite" class="panel">
          <div class="main-panel-header rounded-window-top">
            <span class="header-content">C:\Users\sanand\eclipse-workspace\FrameworkPracticePOM\src\test\resources\testngRunners\testng_regression.xml</span>
          </div> <!-- main-panel-header rounded-window-top -->
          <div class="main-panel-content rounded-window-bottom">
            <pre>
&lt;?xml version=&quot;1.0&quot; encoding=&quot;UTF-8&quot;?&gt;
&lt;!DOCTYPE suite SYSTEM &quot;http://testng.org/testng-1.0.dtd&quot;&gt;
&lt;suite thread-count=&quot;4&quot; guice-stage=&quot;DEVELOPMENT&quot; verbose=&quot;0&quot; name=&quot;Opencart App Test Regression Suite&quot; parallel=&quot;tests&quot;&gt;
  &lt;listeners&gt;
    &lt;listener class-name=&quot;com.qa.opencart.listeners.ExtentReportListener&quot;/&gt;
    &lt;listener class-name=&quot;com.qa.opencart.listeners.TestAllureListener&quot;/&gt;
    &lt;listener class-name=&quot;com.qa.opencart.listeners.AnnotationTransformer&quot;/&gt;
  &lt;/listeners&gt;
  &lt;test thread-count=&quot;4&quot; verbose=&quot;0&quot; name=&quot;Login Page Test&quot; parallel=&quot;tests&quot;&gt;
    &lt;classes&gt;
      &lt;class name=&quot;com.qa.opencart.test.LoginPageTest&quot;/&gt;
    &lt;/classes&gt;
  &lt;/test&gt; &lt;!-- Login Page Test --&gt;
  &lt;test thread-count=&quot;4&quot; verbose=&quot;0&quot; name=&quot;Accounts Page Test&quot; parallel=&quot;tests&quot;&gt;
    &lt;classes&gt;
      &lt;class name=&quot;com.qa.opencart.test.AccountsPageTest&quot;/&gt;
    &lt;/classes&gt;
  &lt;/test&gt; &lt;!-- Accounts Page Test --&gt;
  &lt;test thread-count=&quot;4&quot; verbose=&quot;0&quot; name=&quot;Product Info Page Test&quot; parallel=&quot;tests&quot;&gt;
    &lt;classes&gt;
      &lt;class name=&quot;com.qa.opencart.test.ProductPageInfoTest&quot;/&gt;
    &lt;/classes&gt;
  &lt;/test&gt; &lt;!-- Product Info Page Test --&gt;
  &lt;test thread-count=&quot;4&quot; verbose=&quot;0&quot; name=&quot;Register Page Test&quot; parallel=&quot;tests&quot;&gt;
    &lt;classes&gt;
      &lt;class name=&quot;com.qa.opencart.test.RegistrationPageTest&quot;/&gt;
    &lt;/classes&gt;
  &lt;/test&gt; &lt;!-- Register Page Test --&gt;
&lt;/suite&gt; &lt;!-- Opencart App Test Regression Suite --&gt;
            </pre>
          </div> <!-- main-panel-content rounded-window-bottom -->
        </div> <!-- panel -->
        <div panel-name="testlist-Opencart_App_Test_Regression_Suite" class="panel">
          <div class="main-panel-header rounded-window-top">
            <span class="header-content">Tests for Opencart App Test Regression Suite</span>
          </div> <!-- main-panel-header rounded-window-top -->
          <div class="main-panel-content rounded-window-bottom">
            <ul>
              <li>
                <span class="test-name">Login Page Test (1 class)</span>
              </li>
              <li>
                <span class="test-name">Accounts Page Test (1 class)</span>
              </li>
              <li>
                <span class="test-name">Product Info Page Test (1 class)</span>
              </li>
              <li>
                <span class="test-name">Register Page Test (1 class)</span>
              </li>
            </ul>
          </div> <!-- main-panel-content rounded-window-bottom -->
        </div> <!-- panel -->
        <div panel-name="group-Opencart_App_Test_Regression_Suite" class="panel">
          <div class="main-panel-header rounded-window-top">
            <span class="header-content">Groups for Opencart App Test Regression Suite</span>
          </div> <!-- main-panel-header rounded-window-top -->
          <div class="main-panel-content rounded-window-bottom">
          </div> <!-- main-panel-content rounded-window-bottom -->
        </div> <!-- panel -->
        <div panel-name="times-Opencart_App_Test_Regression_Suite" class="panel">
          <div class="main-panel-header rounded-window-top">
            <span class="header-content">Times for Opencart App Test Regression Suite</span>
          </div> <!-- main-panel-header rounded-window-top -->
          <div class="main-panel-content rounded-window-bottom">
            <div class="times-div">
              <script type="text/javascript">
suiteTableInitFunctions.push('tableData_Opencart_App_Test_Regression_Suite');
function tableData_Opencart_App_Test_Regression_Suite() {
var data = new google.visualization.DataTable();
data.addColumn('number', 'Number');
data.addColumn('string', 'Method');
data.addColumn('string', 'Class');
data.addColumn('number', 'Time (ms)');
data.addRows(45);
data.setCell(0, 0, 0)
data.setCell(0, 1, 'searchProductCountTest')
data.setCell(0, 2, 'com.qa.opencart.test.AccountsPageTest')
data.setCell(0, 3, 13274);
data.setCell(1, 0, 1)
data.setCell(1, 1, 'searchProductCountTest')
data.setCell(1, 2, 'com.qa.opencart.test.AccountsPageTest')
data.setCell(1, 3, 13252);
data.setCell(2, 0, 2)
data.setCell(2, 1, 'addtToCartTest')
data.setCell(2, 2, 'com.qa.opencart.test.ProductPageInfoTest')
data.setCell(2, 3, 13251);
data.setCell(3, 0, 3)
data.setCell(3, 1, 'searchProductCountTest')
data.setCell(3, 2, 'com.qa.opencart.test.AccountsPageTest')
data.setCell(3, 3, 13232);
data.setCell(4, 0, 4)
data.setCell(4, 1, 'searchProductCountTest')
data.setCell(4, 2, 'com.qa.opencart.test.AccountsPageTest')
data.setCell(4, 3, 13192);
data.setCell(5, 0, 5)
data.setCell(5, 1, 'userRegTest')
data.setCell(5, 2, 'com.qa.opencart.test.RegistrationPageTest')
data.setCell(5, 3, 9428);
data.setCell(6, 0, 6)
data.setCell(6, 1, 'userRegTest')
data.setCell(6, 2, 'com.qa.opencart.test.RegistrationPageTest')
data.setCell(6, 3, 9197);
data.setCell(7, 0, 7)
data.setCell(7, 1, 'userRegTest')
data.setCell(7, 2, 'com.qa.opencart.test.RegistrationPageTest')
data.setCell(7, 3, 9185);
data.setCell(8, 0, 8)
data.setCell(8, 1, 'userRegTest')
data.setCell(8, 2, 'com.qa.opencart.test.RegistrationPageTest')
data.setCell(8, 3, 9181);
data.setCell(9, 0, 9)
data.setCell(9, 1, 'userRegTest')
data.setCell(9, 2, 'com.qa.opencart.test.RegistrationPageTest')
data.setCell(9, 3, 9180);
data.setCell(10, 0, 10)
data.setCell(10, 1, 'userRegTest')
data.setCell(10, 2, 'com.qa.opencart.test.RegistrationPageTest')
data.setCell(10, 3, 9171);
data.setCell(11, 0, 11)
data.setCell(11, 1, 'userRegTest')
data.setCell(11, 2, 'com.qa.opencart.test.RegistrationPageTest')
data.setCell(11, 3, 9169);
data.setCell(12, 0, 12)
data.setCell(12, 1, 'addtToCartTest')
data.setCell(12, 2, 'com.qa.opencart.test.ProductPageInfoTest')
data.setCell(12, 3, 9133);
data.setCell(13, 0, 13)
data.setCell(13, 1, 'userRegTest')
data.setCell(13, 2, 'com.qa.opencart.test.RegistrationPageTest')
data.setCell(13, 3, 9124);
data.setCell(14, 0, 14)
data.setCell(14, 1, 'addtToCartTest')
data.setCell(14, 2, 'com.qa.opencart.test.ProductPageInfoTest')
data.setCell(14, 3, 8890);
data.setCell(15, 0, 15)
data.setCell(15, 1, 'addtToCartTest')
data.setCell(15, 2, 'com.qa.opencart.test.ProductPageInfoTest')
data.setCell(15, 3, 8878);
data.setCell(16, 0, 16)
data.setCell(16, 1, 'addtToCartTest')
data.setCell(16, 2, 'com.qa.opencart.test.ProductPageInfoTest')
data.setCell(16, 3, 8832);
data.setCell(17, 0, 17)
data.setCell(17, 1, 'searchProductTest')
data.setCell(17, 2, 'com.qa.opencart.test.AccountsPageTest')
data.setCell(17, 3, 8750);
data.setCell(18, 0, 18)
data.setCell(18, 1, 'addtToCartTest')
data.setCell(18, 2, 'com.qa.opencart.test.ProductPageInfoTest')
data.setCell(18, 3, 8701);
data.setCell(19, 0, 19)
data.setCell(19, 1, 'searchProductTest')
data.setCell(19, 2, 'com.qa.opencart.test.AccountsPageTest')
data.setCell(19, 3, 5447);
data.setCell(20, 0, 20)
data.setCell(20, 1, 'productInfoTest')
data.setCell(20, 2, 'com.qa.opencart.test.ProductPageInfoTest')
data.setCell(20, 3, 5428);
data.setCell(21, 0, 21)
data.setCell(21, 1, 'searchProductTest')
data.setCell(21, 2, 'com.qa.opencart.test.AccountsPageTest')
data.setCell(21, 3, 5349);
data.setCell(22, 0, 22)
data.setCell(22, 1, 'searchProductTest')
data.setCell(22, 2, 'com.qa.opencart.test.AccountsPageTest')
data.setCell(22, 3, 5301);
data.setCell(23, 0, 23)
data.setCell(23, 1, 'searchProductTest')
data.setCell(23, 2, 'com.qa.opencart.test.AccountsPageTest')
data.setCell(23, 3, 5275);
data.setCell(24, 0, 24)
data.setCell(24, 1, 'productInfoTest')
data.setCell(24, 2, 'com.qa.opencart.test.ProductPageInfoTest')
data.setCell(24, 3, 5269);
data.setCell(25, 0, 25)
data.setCell(25, 1, 'productInfoTest')
data.setCell(25, 2, 'com.qa.opencart.test.ProductPageInfoTest')
data.setCell(25, 3, 5234);
data.setCell(26, 0, 26)
data.setCell(26, 1, 'productInfoTest')
data.setCell(26, 2, 'com.qa.opencart.test.ProductPageInfoTest')
data.setCell(26, 3, 5211);
data.setCell(27, 0, 27)
data.setCell(27, 1, 'searchProductTest')
data.setCell(27, 2, 'com.qa.opencart.test.AccountsPageTest')
data.setCell(27, 3, 5201);
data.setCell(28, 0, 28)
data.setCell(28, 1, 'productImagesCountTest')
data.setCell(28, 2, 'com.qa.opencart.test.ProductPageInfoTest')
data.setCell(28, 3, 4505);
data.setCell(29, 0, 29)
data.setCell(29, 1, 'productImagesCountTest')
data.setCell(29, 2, 'com.qa.opencart.test.ProductPageInfoTest')
data.setCell(29, 3, 4461);
data.setCell(30, 0, 30)
data.setCell(30, 1, 'productImagesCountTest')
data.setCell(30, 2, 'com.qa.opencart.test.ProductPageInfoTest')
data.setCell(30, 3, 4413);
data.setCell(31, 0, 31)
data.setCell(31, 1, 'productImagesCountTest')
data.setCell(31, 2, 'com.qa.opencart.test.ProductPageInfoTest')
data.setCell(31, 3, 4058);
data.setCell(32, 0, 32)
data.setCell(32, 1, 'loginTest')
data.setCell(32, 2, 'com.qa.opencart.test.LoginPageTest')
data.setCell(32, 3, 3488);
data.setCell(33, 0, 33)
data.setCell(33, 1, 'searchProductCountTest')
data.setCell(33, 2, 'com.qa.opencart.test.AccountsPageTest')
data.setCell(33, 3, 3153);
data.setCell(34, 0, 34)
data.setCell(34, 1, 'searchProductCountTest')
data.setCell(34, 2, 'com.qa.opencart.test.AccountsPageTest')
data.setCell(34, 3, 3143);
data.setCell(35, 0, 35)
data.setCell(35, 1, 'searchProductCountTest')
data.setCell(35, 2, 'com.qa.opencart.test.AccountsPageTest')
data.setCell(35, 3, 3143);
data.setCell(36, 0, 36)
data.setCell(36, 1, 'searchProductCountTest')
data.setCell(36, 2, 'com.qa.opencart.test.AccountsPageTest')
data.setCell(36, 3, 3140);
data.setCell(37, 0, 37)
data.setCell(37, 1, 'isLogoutLinkExistTest')
data.setCell(37, 2, 'com.qa.opencart.test.AccountsPageTest')
data.setCell(37, 3, 316);
data.setCell(38, 0, 38)
data.setCell(38, 1, 'accPageHeadersCountTest')
data.setCell(38, 2, 'com.qa.opencart.test.AccountsPageTest')
data.setCell(38, 3, 232);
data.setCell(39, 0, 39)
data.setCell(39, 1, 'accPageHeadersValueTest')
data.setCell(39, 2, 'com.qa.opencart.test.AccountsPageTest')
data.setCell(39, 3, 212);
data.setCell(40, 0, 40)
data.setCell(40, 1, 'forgotPwdLinkExistTest')
data.setCell(40, 2, 'com.qa.opencart.test.LoginPageTest')
data.setCell(40, 3, 157);
data.setCell(41, 0, 41)
data.setCell(41, 1, 'loginPageTitleTest')
data.setCell(41, 2, 'com.qa.opencart.test.LoginPageTest')
data.setCell(41, 3, 118);
data.setCell(42, 0, 42)
data.setCell(42, 1, 'loginPageURLTest')
data.setCell(42, 2, 'com.qa.opencart.test.LoginPageTest')
data.setCell(42, 3, 16);
data.setCell(43, 0, 43)
data.setCell(43, 1, 'accPageURLTest')
data.setCell(43, 2, 'com.qa.opencart.test.AccountsPageTest')
data.setCell(43, 3, 13);
data.setCell(44, 0, 44)
data.setCell(44, 1, 'accPageTitleTest')
data.setCell(44, 2, 'com.qa.opencart.test.AccountsPageTest')
data.setCell(44, 3, 9);
window.suiteTableData['Opencart_App_Test_Regression_Suite']= { tableData: data, tableDiv: 'times-div-Opencart_App_Test_Regression_Suite'}
return data;
}
              </script>
              <span class="suite-total-time">Total running time: 4 minutes</span>
              <div id="times-div-Opencart_App_Test_Regression_Suite">
              </div> <!-- times-div-Opencart_App_Test_Regression_Suite -->
            </div> <!-- times-div -->
          </div> <!-- main-panel-content rounded-window-bottom -->
        </div> <!-- panel -->
        <div panel-name="reporter-Opencart_App_Test_Regression_Suite" class="panel">
          <div class="main-panel-header rounded-window-top">
            <span class="header-content">Reporter output for Opencart App Test Regression Suite</span>
          </div> <!-- main-panel-header rounded-window-top -->
          <div class="main-panel-content rounded-window-bottom">
          </div> <!-- main-panel-content rounded-window-bottom -->
        </div> <!-- panel -->
        <div panel-name="ignored-methods-Opencart_App_Test_Regression_Suite" class="panel">
          <div class="main-panel-header rounded-window-top">
            <span class="header-content">0 ignored methods</span>
          </div> <!-- main-panel-header rounded-window-top -->
          <div class="main-panel-content rounded-window-bottom">
          </div> <!-- main-panel-content rounded-window-bottom -->
        </div> <!-- panel -->
        <div panel-name="chronological-Opencart_App_Test_Regression_Suite" class="panel">
          <div class="main-panel-header rounded-window-top">
            <span class="header-content">Methods in chronological order</span>
          </div> <!-- main-panel-header rounded-window-top -->
          <div class="main-panel-content rounded-window-bottom">
            <div class="chronological-class">
              <div class="chronological-class-name">com.qa.opencart.test.AccountsPageTest</div> <!-- chronological-class-name -->
              <div class="configuration-test before">
                <span class="method-name">setup</span>
                <span class="method-start">0 ms</span>
              </div> <!-- configuration-test before -->
            </div> <!-- chronological-class -->
            <div class="chronological-class">
              <div class="chronological-class-name">com.qa.opencart.test.RegistrationPageTest</div> <!-- chronological-class-name -->
              <div class="configuration-test before">
                <span class="method-name">setup</span>
                <span class="method-start">0 ms</span>
              </div> <!-- configuration-test before -->
            </div> <!-- chronological-class -->
            <div class="chronological-class">
              <div class="chronological-class-name">com.qa.opencart.test.LoginPageTest</div> <!-- chronological-class-name -->
              <div class="configuration-test before">
                <span class="method-name">setup</span>
                <span class="method-start">0 ms</span>
              </div> <!-- configuration-test before -->
            </div> <!-- chronological-class -->
            <div class="chronological-class">
              <div class="chronological-class-name">com.qa.opencart.test.ProductPageInfoTest</div> <!-- chronological-class-name -->
              <div class="configuration-test before">
                <span class="method-name">setup</span>
                <span class="method-start">0 ms</span>
              </div> <!-- configuration-test before -->
              <div class="configuration-class before">
                <span class="method-name">productInfoPageSetup</span>
                <span class="method-start">13048 ms</span>
              </div> <!-- configuration-class before -->
            </div> <!-- chronological-class -->
            <div class="chronological-class">
              <div class="chronological-class-name">com.qa.opencart.test.LoginPageTest</div> <!-- chronological-class-name -->
              <div class="test-method">
                <span class="method-name">loginPageTitleTest</span>
                <span class="method-start">13086 ms</span>
              </div> <!-- test-method -->
              <div class="test-method">
                <span class="method-name">loginPageURLTest</span>
                <span class="method-start">13386 ms</span>
              </div> <!-- test-method -->
              <div class="test-method">
                <span class="method-name">forgotPwdLinkExistTest</span>
                <span class="method-start">13406 ms</span>
              </div> <!-- test-method -->
              <div class="test-method">
                <span class="method-name">loginTest</span>
                <span class="method-start">13566 ms</span>
              </div> <!-- test-method -->
            </div> <!-- chronological-class -->
            <div class="chronological-class">
              <div class="chronological-class-name">com.qa.opencart.test.ProductPageInfoTest</div> <!-- chronological-class-name -->
              <div class="test-method">
                <span class="method-name">addtToCartTest(Macbook, MacBook Pro, 1)</span>
                <span class="method-start">16621 ms</span>
              </div> <!-- test-method -->
            </div> <!-- chronological-class -->
            <div class="chronological-class">
              <div class="chronological-class-name">com.qa.opencart.test.LoginPageTest</div> <!-- chronological-class-name -->
              <div class="configuration-test after">
                <span class="method-name">tearDown</span>
                <span class="method-start">17058 ms</span>
              </div> <!-- configuration-test after -->
            </div> <!-- chronological-class -->
            <div class="chronological-class">
              <div class="chronological-class-name">com.qa.opencart.test.AccountsPageTest</div> <!-- chronological-class-name -->
              <div class="configuration-class before">
                <span class="method-name">accPageSetup</span>
                <span class="method-start">19576 ms</span>
              </div> <!-- configuration-class before -->
            </div> <!-- chronological-class -->
            <div class="chronological-class">
              <div class="chronological-class-name">com.qa.opencart.test.RegistrationPageTest</div> <!-- chronological-class-name -->
              <div class="configuration-class before">
                <span class="method-name">regPageSetup</span>
                <span class="method-start">19690 ms</span>
              </div> <!-- configuration-class before -->
            </div> <!-- chronological-class -->
            <div class="chronological-class">
              <div class="chronological-class-name">com.qa.opencart.test.AccountsPageTest</div> <!-- chronological-class-name -->
              <div class="test-method">
                <span class="method-name">accPageHeadersCountTest</span>
                <span class="method-start">23107 ms</span>
              </div> <!-- test-method -->
              <div class="test-method">
                <span class="method-name">accPageHeadersValueTest</span>
                <span class="method-start">23343 ms</span>
              </div> <!-- test-method -->
            </div> <!-- chronological-class -->
            <div class="chronological-class">
              <div class="chronological-class-name">com.qa.opencart.test.RegistrationPageTest</div> <!-- chronological-class-name -->
              <div class="test-method">
                <span class="method-name">userRegTest(sarang, anand, 2345678986, Test@123, yes)</span>
                <span class="method-start">23407 ms</span>
              </div> <!-- test-method -->
            </div> <!-- chronological-class -->
            <div class="chronological-class">
              <div class="chronological-class-name">com.qa.opencart.test.AccountsPageTest</div> <!-- chronological-class-name -->
              <div class="test-method">
                <span class="method-name">accPageTitleTest</span>
                <span class="method-start">23559 ms</span>
              </div> <!-- test-method -->
              <div class="test-method">
                <span class="method-name">accPageURLTest</span>
                <span class="method-start">23572 ms</span>
              </div> <!-- test-method -->
              <div class="test-method">
                <span class="method-name">isLogoutLinkExistTest</span>
                <span class="method-start">23589 ms</span>
              </div> <!-- test-method -->
              <div class="test-method">
                <span class="method-name">searchProductCountTest(Macbook)</span>
                <span class="method-start">23909 ms</span>
              </div> <!-- test-method -->
              <div class="test-method">
                <span class="method-name">searchProductCountTest(iMac)</span>
                <span class="method-start">27064 ms</span>
              </div> <!-- test-method -->
            </div> <!-- chronological-class -->
            <div class="chronological-class">
              <div class="chronological-class-name">com.qa.opencart.test.ProductPageInfoTest</div> <!-- chronological-class-name -->
              <div class="test-method">
                <span class="method-name">addtToCartTest(Macbook, MacBook Pro, 1)</span>
                <span class="method-start">29997 ms</span>
              </div> <!-- test-method -->
            </div> <!-- chronological-class -->
            <div class="chronological-class">
              <div class="chronological-class-name">com.qa.opencart.test.AccountsPageTest</div> <!-- chronological-class-name -->
              <div class="test-method">
                <span class="method-name">searchProductCountTest(Apple)</span>
                <span class="method-start">30213 ms</span>
              </div> <!-- test-method -->
            </div> <!-- chronological-class -->
            <div class="chronological-class">
              <div class="chronological-class-name">com.qa.opencart.test.RegistrationPageTest</div> <!-- chronological-class-name -->
              <div class="test-method">
                <span class="method-name">userRegTest(sarang, anand, 2345678986, Test@123, yes)</span>
                <span class="method-start">32910 ms</span>
              </div> <!-- test-method -->
            </div> <!-- chronological-class -->
            <div class="chronological-class">
              <div class="chronological-class-name">com.qa.opencart.test.AccountsPageTest</div> <!-- chronological-class-name -->
              <div class="test-method">
                <span class="method-name">searchProductCountTest(Samsung)</span>
                <span class="method-start">33358 ms</span>
              </div> <!-- test-method -->
              <div class="test-method">
                <span class="method-name">searchProductCountTest(Naveen)</span>
                <span class="method-start">36500 ms</span>
              </div> <!-- test-method -->
            </div> <!-- chronological-class -->
            <div class="chronological-class">
              <div class="chronological-class-name">com.qa.opencart.test.ProductPageInfoTest</div> <!-- chronological-class-name -->
              <div class="test-method">
                <span class="method-name">addtToCartTest(Macbook, MacBook Pro, 1)</span>
                <span class="method-start">39196 ms</span>
              </div> <!-- test-method -->
            </div> <!-- chronological-class -->
            <div class="chronological-class">
              <div class="chronological-class-name">com.qa.opencart.test.RegistrationPageTest</div> <!-- chronological-class-name -->
              <div class="test-method">
                <span class="method-name">userRegTest(sarang, anand, 2345678986, Test@123, yes)</span>
                <span class="method-start">42173 ms</span>
              </div> <!-- test-method -->
            </div> <!-- chronological-class -->
            <div class="chronological-class">
              <div class="chronological-class-name">com.qa.opencart.test.ProductPageInfoTest</div> <!-- chronological-class-name -->
              <div class="test-method">
                <img src="failed.png">
                </img>
                <span class="method-name">addtToCartTest(Macbook, MacBook Pro, 1)</span>
                <span class="method-start">48131 ms</span>
              </div> <!-- test-method -->
            </div> <!-- chronological-class -->
            <div class="chronological-class">
              <div class="chronological-class-name">com.qa.opencart.test.AccountsPageTest</div> <!-- chronological-class-name -->
              <div class="test-method">
                <span class="method-name">searchProductCountTest(Naveen)</span>
                <span class="method-start">49741 ms</span>
              </div> <!-- test-method -->
            </div> <!-- chronological-class -->
            <div class="chronological-class">
              <div class="chronological-class-name">com.qa.opencart.test.RegistrationPageTest</div> <!-- chronological-class-name -->
              <div class="test-method">
                <img src="failed.png">
                </img>
                <span class="method-name">userRegTest(sarang, anand, 2345678986, Test@123, yes)</span>
                <span class="method-start">51371 ms</span>
              </div> <!-- test-method -->
            </div> <!-- chronological-class -->
            <div class="chronological-class">
              <div class="chronological-class-name">com.qa.opencart.test.ProductPageInfoTest</div> <!-- chronological-class-name -->
              <div class="test-method">
                <img src="failed.png">
                </img>
                <span class="method-name">addtToCartTest(iMac, iMac, 2)</span>
                <span class="method-start">57098 ms</span>
              </div> <!-- test-method -->
            </div> <!-- chronological-class -->
            <div class="chronological-class">
              <div class="chronological-class-name">com.qa.opencart.test.RegistrationPageTest</div> <!-- chronological-class-name -->
              <div class="test-method">
                <img src="failed.png">
                </img>
                <span class="method-name">userRegTest(sajal , anand, 1234567898, ads@123, no)</span>
                <span class="method-start">60638 ms</span>
              </div> <!-- test-method -->
            </div> <!-- chronological-class -->
            <div class="chronological-class">
              <div class="chronological-class-name">com.qa.opencart.test.AccountsPageTest</div> <!-- chronological-class-name -->
              <div class="test-method">
                <span class="method-name">searchProductCountTest(Naveen)</span>
                <span class="method-start">63020 ms</span>
              </div> <!-- test-method -->
            </div> <!-- chronological-class -->
            <div class="chronological-class">
              <div class="chronological-class-name">com.qa.opencart.test.ProductPageInfoTest</div> <!-- chronological-class-name -->
              <div class="test-method">
                <img src="failed.png">
                </img>
                <span class="method-name">addtToCartTest(iMac, iMac, 2)</span>
                <span class="method-start">66112 ms</span>
              </div> <!-- test-method -->
            </div> <!-- chronological-class -->
            <div class="chronological-class">
              <div class="chronological-class-name">com.qa.opencart.test.RegistrationPageTest</div> <!-- chronological-class-name -->
              <div class="test-method">
                <img src="failed.png">
                </img>
                <span class="method-name">userRegTest(sajal , anand, 1234567898, ads@123, no)</span>
                <span class="method-start">69935 ms</span>
              </div> <!-- test-method -->
            </div> <!-- chronological-class -->
            <div class="chronological-class">
              <div class="chronological-class-name">com.qa.opencart.test.ProductPageInfoTest</div> <!-- chronological-class-name -->
              <div class="test-method">
                <span class="method-name">productImagesCountTest(Macbook, MacBook Pro, 4)</span>
                <span class="method-start">74926 ms</span>
              </div> <!-- test-method -->
            </div> <!-- chronological-class -->
            <div class="chronological-class">
              <div class="chronological-class-name">com.qa.opencart.test.AccountsPageTest</div> <!-- chronological-class-name -->
              <div class="test-method">
                <img src="failed.png">
                </img>
                <span class="method-name">searchProductCountTest(Naveen)</span>
                <span class="method-start">76341 ms</span>
              </div> <!-- test-method -->
            </div> <!-- chronological-class -->
            <div class="chronological-class">
              <div class="chronological-class-name">com.qa.opencart.test.RegistrationPageTest</div> <!-- chronological-class-name -->
              <div class="test-method">
                <img src="failed.png">
                </img>
                <span class="method-name">userRegTest(xyz, abc, 3454323456, tyu@345, yes)</span>
                <span class="method-start">79221 ms</span>
              </div> <!-- test-method -->
            </div> <!-- chronological-class -->
            <div class="chronological-class">
              <div class="chronological-class-name">com.qa.opencart.test.ProductPageInfoTest</div> <!-- chronological-class-name -->
              <div class="test-method">
                <span class="method-name">productImagesCountTest(iMac, iMac, 3)</span>
                <span class="method-start">79390 ms</span>
              </div> <!-- test-method -->
              <div class="test-method">
                <span class="method-name">productImagesCountTest(Apple, Apple Cinema 30", 6)</span>
                <span class="method-start">83451 ms</span>
              </div> <!-- test-method -->
              <div class="test-method">
                <span class="method-name">productImagesCountTest(Samsung, Samsung SyncMaster 941BW, 1)</span>
                <span class="method-start">87958 ms</span>
              </div> <!-- test-method -->
            </div> <!-- chronological-class -->
            <div class="chronological-class">
              <div class="chronological-class-name">com.qa.opencart.test.RegistrationPageTest</div> <!-- chronological-class-name -->
              <div class="test-method">
                <img src="failed.png">
                </img>
                <span class="method-name">userRegTest(xyz, abc, 3454323456, tyu@345, yes)</span>
                <span class="method-start">88521 ms</span>
              </div> <!-- test-method -->
            </div> <!-- chronological-class -->
            <div class="chronological-class">
              <div class="chronological-class-name">com.qa.opencart.test.AccountsPageTest</div> <!-- chronological-class-name -->
              <div class="test-method">
                <span class="method-name">searchProductTest(Macbook, MacBook Pro)</span>
                <span class="method-start">89692 ms</span>
              </div> <!-- test-method -->
            </div> <!-- chronological-class -->
            <div class="chronological-class">
              <div class="chronological-class-name">com.qa.opencart.test.ProductPageInfoTest</div> <!-- chronological-class-name -->
              <div class="test-method">
                <span class="method-name">productInfoTest</span>
                <span class="method-start">92374 ms</span>
              </div> <!-- test-method -->
            </div> <!-- chronological-class -->
            <div class="chronological-class">
              <div class="chronological-class-name">com.qa.opencart.test.RegistrationPageTest</div> <!-- chronological-class-name -->
              <div class="configuration-test after">
                <span class="method-name">tearDown</span>
                <span class="method-start">97829 ms</span>
              </div> <!-- configuration-test after -->
            </div> <!-- chronological-class -->
            <div class="chronological-class">
              <div class="chronological-class-name">com.qa.opencart.test.ProductPageInfoTest</div> <!-- chronological-class-name -->
              <div class="test-method">
                <span class="method-name">productInfoTest</span>
                <span class="method-start">97889 ms</span>
              </div> <!-- test-method -->
            </div> <!-- chronological-class -->
            <div class="chronological-class">
              <div class="chronological-class-name">com.qa.opencart.test.AccountsPageTest</div> <!-- chronological-class-name -->
              <div class="test-method">
                <span class="method-name">searchProductTest(Macbook, MacBook Air)</span>
                <span class="method-start">98445 ms</span>
              </div> <!-- test-method -->
            </div> <!-- chronological-class -->
            <div class="chronological-class">
              <div class="chronological-class-name">com.qa.opencart.test.ProductPageInfoTest</div> <!-- chronological-class-name -->
              <div class="test-method">
                <span class="method-name">productInfoTest</span>
                <span class="method-start">103194 ms</span>
              </div> <!-- test-method -->
            </div> <!-- chronological-class -->
            <div class="chronological-class">
              <div class="chronological-class-name">com.qa.opencart.test.AccountsPageTest</div> <!-- chronological-class-name -->
              <div class="test-method">
                <span class="method-name">searchProductTest(iMac, iMac)</span>
                <span class="method-start">103796 ms</span>
              </div> <!-- test-method -->
            </div> <!-- chronological-class -->
            <div class="chronological-class">
              <div class="chronological-class-name">com.qa.opencart.test.ProductPageInfoTest</div> <!-- chronological-class-name -->
              <div class="test-method">
                <img src="failed.png">
                </img>
                <span class="method-name">productInfoTest</span>
                <span class="method-start">108475 ms</span>
              </div> <!-- test-method -->
            </div> <!-- chronological-class -->
            <div class="chronological-class">
              <div class="chronological-class-name">com.qa.opencart.test.AccountsPageTest</div> <!-- chronological-class-name -->
              <div class="test-method">
                <span class="method-name">searchProductTest(Apple, Apple Cinema 30")</span>
                <span class="method-start">109099 ms</span>
              </div> <!-- test-method -->
            </div> <!-- chronological-class -->
            <div class="chronological-class">
              <div class="chronological-class-name">com.qa.opencart.test.ProductPageInfoTest</div> <!-- chronological-class-name -->
              <div class="configuration-test after">
                <span class="method-name">tearDown</span>
                <span class="method-start">113864 ms</span>
              </div> <!-- configuration-test after -->
            </div> <!-- chronological-class -->
            <div class="chronological-class">
              <div class="chronological-class-name">com.qa.opencart.test.AccountsPageTest</div> <!-- chronological-class-name -->
              <div class="test-method">
                <span class="method-name">searchProductTest(Samsung, Samsung SyncMaster 941BW)</span>
                <span class="method-start">114548 ms</span>
              </div> <!-- test-method -->
              <div class="test-method">
                <span class="method-name">searchProductTest(Samsung, Samsung Galaxy Tab 10.1)</span>
                <span class="method-start">119751 ms</span>
              </div> <!-- test-method -->
              <div class="configuration-test after">
                <span class="method-name">tearDown</span>
                <span class="method-start">125028 ms</span>
              </div> <!-- configuration-test after -->
          </div> <!-- main-panel-content rounded-window-bottom -->
        </div> <!-- panel -->
      </div> <!-- main-panel-root -->
    </div> <!-- wrapper -->
  </body>
</html>
