<?xml version="1.0" encoding="UTF-8"?>
<!-- Generated by org.testng.reporters.JUnitReportReporter -->
<testsuite skipped="3" hostname="PU-NB-SANA3" name="com.qa.opencart.test.AccountsPageTest" tests="19" failures="0" timestamp="09 Mar 2023 07:14:00 GMT" time="101.634" errors="1">
  <testcase name="searchProductCountTest" time="13.252" classname="com.qa.opencart.test.AccountsPageTest">
    <error type="org.openqa.selenium.TimeoutException" message="Expected condition failed: waiting for visibility of all elements located by By.cssSelector: div#content div.product-layout (tried for 10 second(s) with 500 milliseconds interval)
Build info: version: &#039;4.7.2&#039;, revision: &#039;4d4020c3b7&#039;
System info: os.name: &#039;Windows 10&#039;, os.arch: &#039;amd64&#039;, os.version: &#039;10.0&#039;, java.version: &#039;1.8.0_202&#039;
Driver info: org.openqa.selenium.firefox.FirefoxDriver
Capabilities {acceptInsecureCerts: true, browserName: firefox, browserVersion: 110.0.1, moz:accessibilityChecks: false, moz:buildID: 20230227191043, moz:debuggerAddress: 127.0.0.1:24326, moz:geckodriverVersion: 0.32.2, moz:headless: false, moz:platformVersion: 10.0, moz:processID: 15288, moz:profile: C:\Users\sanand\AppData\Loc..., moz:shutdownTimeout: 60000, moz:useNonSpecCompliantPointerOrigin: false, moz:webdriverClick: true, moz:windowless: false, pageLoadStrategy: normal, platformName: WINDOWS, proxy: Proxy(), se:cdp: ws://127.0.0.1:24326/devtoo..., se:cdpVersion: 85.0, setWindowRect: true, strictFileInteractability: false, timeouts: {implicit: 0, pageLoad: 300000, script: 30000}, unhandledPromptBehavior: dismiss and notify}
Session ID: accc375f-e270-4278-9a2e-4a9f11cd469d">
      <![CDATA[org.openqa.selenium.TimeoutException: Expected condition failed: waiting for visibility of all elements located by By.cssSelector: div#content div.product-layout (tried for 10 second(s) with 500 milliseconds interval)
Build info: version: '4.7.2', revision: '4d4020c3b7'
System info: os.name: 'Windows 10', os.arch: 'amd64', os.version: '10.0', java.version: '1.8.0_202'
Driver info: org.openqa.selenium.firefox.FirefoxDriver
Capabilities {acceptInsecureCerts: true, browserName: firefox, browserVersion: 110.0.1, moz:accessibilityChecks: false, moz:buildID: 20230227191043, moz:debuggerAddress: 127.0.0.1:24326, moz:geckodriverVersion: 0.32.2, moz:headless: false, moz:platformVersion: 10.0, moz:processID: 15288, moz:profile: C:\Users\sanand\AppData\Loc..., moz:shutdownTimeout: 60000, moz:useNonSpecCompliantPointerOrigin: false, moz:webdriverClick: true, moz:windowless: false, pageLoadStrategy: normal, platformName: WINDOWS, proxy: Proxy(), se:cdp: ws://127.0.0.1:24326/devtoo..., se:cdpVersion: 85.0, setWindowRect: true, strictFileInteractability: false, timeouts: {implicit: 0, pageLoad: 300000, script: 30000}, unhandledPromptBehavior: dismiss and notify}
Session ID: accc375f-e270-4278-9a2e-4a9f11cd469d
at org.openqa.selenium.support.ui.WebDriverWait.timeoutException(WebDriverWait.java:87)
at org.openqa.selenium.support.ui.FluentWait.until(FluentWait.java:231)
at com.qa.opencart.utils.ElementUtil.waitForElementsVisible(ElementUtil.java:212)
at com.qa.opencart.PageLayer.SearchPage.getSearchProductsCount(SearchPage.java:23)
at com.qa.opencart.test.AccountsPageTest.searchProductCountTest(AccountsPageTest.java:67)
at sun.reflect.NativeMethodAccessorImpl.invoke0(Native Method)
at sun.reflect.NativeMethodAccessorImpl.invoke(NativeMethodAccessorImpl.java:62)
at sun.reflect.DelegatingMethodAccessorImpl.invoke(DelegatingMethodAccessorImpl.java:43)
at java.lang.reflect.Method.invoke(Method.java:498)
at org.testng.internal.MethodInvocationHelper.invokeMethod(MethodInvocationHelper.java:124)
at org.testng.internal.Invoker.invokeMethod(Invoker.java:583)
at org.testng.internal.Invoker.retryFailed(Invoker.java:839)
at org.testng.internal.Invoker.invokeTestMethods(Invoker.java:1010)
at org.testng.internal.TestMethodWorker.invokeTestMethods(TestMethodWorker.java:125)
at org.testng.internal.TestMethodWorker.run(TestMethodWorker.java:109)
at org.testng.TestRunner.privateRun(TestRunner.java:648)
at org.testng.TestRunner.run(TestRunner.java:505)
at org.testng.SuiteRunner.runTest(SuiteRunner.java:455)
at org.testng.SuiteRunner.access$000(SuiteRunner.java:40)
at org.testng.SuiteRunner$SuiteWorker.run(SuiteRunner.java:489)
at org.testng.internal.thread.ThreadUtil$1.call(ThreadUtil.java:52)
at java.util.concurrent.FutureTask.run(FutureTask.java:266)
at java.util.concurrent.ThreadPoolExecutor.runWorker(ThreadPoolExecutor.java:1149)
at java.util.concurrent.ThreadPoolExecutor$Worker.run(ThreadPoolExecutor.java:624)
at java.lang.Thread.run(Thread.java:748)
]]>
    </error>
  </testcase> <!-- searchProductCountTest -->
  <testcase name="searchProductTest" time="5.301" classname="com.qa.opencart.test.AccountsPageTest"/>
  <testcase name="searchProductCountTest" time="13.232" classname="com.qa.opencart.test.AccountsPageTest">
    <skipped/>
  </testcase> <!-- searchProductCountTest -->
  <testcase name="accPageTitleTest" time="0.009" classname="com.qa.opencart.test.AccountsPageTest"/>
  <testcase name="searchProductCountTest" time="3.140" classname="com.qa.opencart.test.AccountsPageTest"/>
  <testcase name="isLogoutLinkExistTest" time="0.316" classname="com.qa.opencart.test.AccountsPageTest"/>
  <testcase name="searchProductCountTest" time="13.274" classname="com.qa.opencart.test.AccountsPageTest">
    <skipped/>
  </testcase> <!-- searchProductCountTest -->
  <testcase name="searchProductTest" time="8.750" classname="com.qa.opencart.test.AccountsPageTest"/>
  <testcase name="searchProductTest" time="5.349" classname="com.qa.opencart.test.AccountsPageTest"/>
  <testcase name="searchProductTest" time="5.447" classname="com.qa.opencart.test.AccountsPageTest"/>
  <testcase name="accPageHeadersValueTest" time="0.212" classname="com.qa.opencart.test.AccountsPageTest"/>
  <testcase name="searchProductCountTest" time="13.192" classname="com.qa.opencart.test.AccountsPageTest">
    <skipped/>
  </testcase> <!-- searchProductCountTest -->
  <testcase name="searchProductCountTest" time="3.153" classname="com.qa.opencart.test.AccountsPageTest"/>
  <testcase name="searchProductTest" time="5.275" classname="com.qa.opencart.test.AccountsPageTest"/>
  <testcase name="accPageHeadersCountTest" time="0.232" classname="com.qa.opencart.test.AccountsPageTest"/>
  <testcase name="searchProductCountTest" time="3.143" classname="com.qa.opencart.test.AccountsPageTest"/>
  <testcase name="searchProductTest" time="5.201" classname="com.qa.opencart.test.AccountsPageTest"/>
  <testcase name="accPageURLTest" time="0.013" classname="com.qa.opencart.test.AccountsPageTest"/>
  <testcase name="searchProductCountTest" time="3.143" classname="com.qa.opencart.test.AccountsPageTest"/>
</testsuite> <!-- com.qa.opencart.test.AccountsPageTest -->
